aça
áçaca
adA
ãfa
aia
ala
ama
anA
anilina
ara
arara
asa
ata
aviva
ele
esse
mamam
mamam
matam
metem
oco
omissíssimo
omO
osso
otO
ottO
ovo
racificar
radar
radar
reger
raiar
ralar
ramar
rapar
rasar
reler
reter
reter
rever
reviver
rir
rodador
rotor
sacas
saias
salas
sanas
sapas
saras
sáraras
seres
socos
somavámos
somámos
sopapos
adA
anA
annA
boB
ebbE
ebbE
ellE
evE
hannaH
meneM
nataN
nauaN
neveN
otO
ottO
raiaR
renneR
mussuM
bauaB
reveR
laeL leaL
néuqueN
néuqueN
mutuM
acaiacA
muçuM
miriM
itatI
ailéN - neliA
ábas - saba
áçara - áraca
aceM - méca
aco - oça
adnaN - nandA
agil - ligá
alas - sala
alem - méla
alani - inalA
álo - ôla
amam - mama
amoR - roma
ãmor - roma
amora - aroma
ame - ema
anaL - lana
aneL - lena
anelem - melena
aniL - lina
animâl - lamina
anis - sina
apos - sópa
ãr - ra
ãr - ra
araM - mara
arar - rara
arco - ocra
are - era
aro - ora
arroz - zorra
assam - massa
assim - missa
atar - rata
atem - meta
aterram - marreta
ator - rota
augé - egua
aval - lava
avaro - orava
avE - eva
avo - ova
avo - óva
avo - ôva
avon - novA
élo - ole
iris - sirí
laicos -social
latem - metal
lavo - oval
leonaM - manoeL
marrocos - socorraM
melar - ralem
melar - ralem
meter - retem
ocas - saco
olor - rolo
orar - raro
ramo - omar
ramos - somar
redíl - lider
servil - livres
acenob oneca
acnep enca
anital atinA
apert otrepa
lacab acal
ladrap ardal
lamar amal
lamina animal
lataN atal
sacam acas
redec eder
rezarp razer
acac A
açac A
acam-amac A
amad A
adrog agord A
abab A
ábab A
aled adêL A
aliL A
amam A
amam A
amiL .B aitaK...atiaB ...lim A
aruaL auR A
adabêb adA
adalev adavel adA
adan adA
!aiB ,íA
alilaD odal ,ilA
)ortsaC ed oinotnA( !anit a ,atinA
arar ararA
!êbeb É
lim a amiL
luza zuL
luza arara a zuL
obob O
obol od olob O
odad O
oded O
)odatruF arbmioC olecraM( ?ohlim on adanomiL !hO
oliL O
olun uL O
osel oles O
asil aliS A
osil oliS O
otrot etort O
ôvov O
!oirároh orar ,iO
!oiráto otar iO
)avíaraC ogaiT naS( ?oigóler é log ,iO
!ovoS neleH ,elen sovO
ralód od olaR
zeD e liM ,aruaL auR ,amiL ed éZ
acopiP oçA
anital atinA
subinô on ibuS
abased e satolac alotased esab A
)ohniraM olumôR( abased otet od esab A
)sknaB odraudE( acap itaL .latipaC A
)repooC nodlehS( acararaj ad adajar arac A
adama ad mir o uorimda amad A
)odatruF arbmioC olecraM( !adaN ?iel a ama aleinaD A
)odatruF arbmioC olecraM( .adías ad atad a saidA
)ohliF etrauD oirégoR( adiv à avidád ,adivá avid A
)ohniraM olumôR( adiv a em-argela legrA me avid A
)ohniraM olumôR( adrog ad odot é etod od agord A
)sednanreF rolliM( agrama é amarg A
)odatruF arbmioC olecraM( es-iof alE .airavel araD ós serrot e setorres ,sodarA .levaR ,iA
)odatruF arbmioC olecraM( .aled asac an ai ,anacas ,adel A
)sniL anirataC( alup apul A
)ahnuC oeL( amabO a novA leboN :onoB êl avon )?aob( ám A
)oetómihT .S suetaM( amac ád ós sonos sod acam A
)sednanreF rolliM( amal an adan alam A
)oetómihT .S suetaM( amir ad arim A
!amissép é ssim A
)oetómihT .S suetaM( !aritás ,atiR À
)oetómihT .S suetaM( ?aseugutrop ad aport ,uG ues ,A
)ohliF etrauD oirégoR( ám argam é adrog a ,agord a em-agramA
)oetómihT .S suetaM( !ãmO oma ,seroma met em amoR eS .ãmO omA
)acesnoF odnanreF( arroz é zorrA
!acata odanad o e ...odanad o atacA
)miuqruF oteB( .acinté animâl aos ,sopapos soa :lamina etnicA
)ohniraM olumôR( acudac adeL ad aledac aducA
)adnalloH ed euqrauB ocihC( atere agansib arit atirabis nagaeR étA
)adnalloH ed euqrauB ocihC( atere agansib arit atirabis nagaeR étA
)odatruF arbmioC olecraM( !adaN ?iel a ama aleinaD A
)odatruF arbmioC olecraM( adías ad atad a saidA
)miuqruF oteB( .adías aeréa saidA
)oetómihT .S suetaM( ...ahlev a euq ,'ue avel' ,hA
)ohliF etrauD oirégoR( .ahlivre é rapap ai noel ,leon iapap are ervil ,hA
)odatruF arbmioC olecraM( airavel araD ós ,serrot e setorres ,sodara ,levaR ,iA
)oãvlaG yerdnÂ( !áj udE medujA
)mipsirhC socraM( ...amarg a é amac !atiR ,a-arit - acam a é agramA
ame a emA
ameop o emA
)oãvlaG yerdnÂ( amiL me ragula edi ,aid é ,alug arem ,limA
)sknaB odraudE( amoR an iver sari ós :oirásrevina ,romA
)miuqruF oteB( .amoR me açoda ,aviva ,adoça em romA
amora met em aromA
anacas é esse ,esac ,anA
anaL aval anA
...aname rolac ,alor em anA
)setarP epiliF( .anA ed ari ;irA reler ári )iraD e( anA
)sknaB odraudE( .anap e nelóp e arder alua acitóre é erotica auL a redra epoléneP anA
)odatruF arbmioC olecraM( !andE ,log o elav ale ,ogol ednA
)arievilO .S sioçnarF( anotaram ad atad a maratonA
...apat éta ama atetap A
aport arangi à aignar atrop A
apos a sópA
arara arar A
)oetómihT .S suetaM( arger areg rA
)avliS ad osodraC imlA( .áraras acuc a ,rod a ,ataeb omsem E .aras ,sêm a sêm ,ovo mes a-messA .raemes mob é atA .ador acuc A .sárarA
)miuqruF oteB( .arfas a ,arar ;solos rara a safrA
)ohniraM olumôR( arita sobrev ,ôvov erbos ,atiR A
aroD ad ador A
)oãvlaG yerdnÂ(.arof ál aob aidem ed ut iv e odnadum ecod esse a imoC .otom a zedipar ed ele rev ai idE e ,leváidani ele iv ,ai rodatupmoc o ,oçoM .*p ut ador iav ie leinaD .iavel e edi ,iav e rel ed erap ,ideZ .amot ,oçom íA .essed oce mud and o evit ,udE .*medi abo alaf ,orA
)miuqruF oteB( .aroma me supus eM .amorA
asac ad adacas A
)odatruF arbmioC olecraM( asem an át odalem ós :somel adot anames A
)seuqraM leicaM ésoJ sedilcuE( !apos an egrafaL araS :sáralaf argen a sópA
)oetómihT .S suetaM( ?araM ,én ,acid ád em elE !oéL ,éf a zaf elE !o-eleM ?edadic an emarA
)oetómihT .S suetaM( !áR .aravipac a e acap iv ,ararA
)oetómihT .S suetaM( ?asac an éta :arroz ,radar ,zorra ,atenac ,asA
)sednanreF rolliM( assim à ai aia a missA
assim a aluna anula a missA
)oãvlaG yerdnÂ( atenac an atona ,luaP .auL an ot ,anac an étA
)euqrauB ocihC( atere agansib arit atirabis nagaeR étA
asograma e ám argos A
.atinob ananab?onitA
)miuqruF oteB( .atlas ,omissíssimo ,saltA
atoidi otA
atorred ad errot A
)oetómihT .S suetaM( auL an aluA
)oetómihT .S suetaM( auL à sobrev erbos aluA
)amiL sollecnocsaV ogoiD( avarig giraV A
)amiL sollecnocsaV ogoiD( avarig giraV A
!áV .evel o zolev evA
?eãm ateiraM arietam a É
)asobraB oãvlaG yerdnÂ( !ecov áp uxa ,amoT .)ossir( eãm ed É !odnaroman oãt ,hA ?isiahT a ,onaM !ôR and o eD !ema e rissot oma ,axuP !avoc É
)setarP onurB( .eãm ,arofa zap a zaF ?oramA E
é assim a missa E
)ohniraM olumôR( ”é ateop apaP o éta E
)oetómihT .S suetaM( !éf álA a rezaf ,áL )a(ojuram )a(od é 11 ed oãm :aruj ,Ó !alaF !azer ,A !alaf ,É
)odatruF arbmioC olecraM( eled asac an ai ,anacas ,adeL E
)miuqruF oteB( .ema so apos merecerem sópa ós ,amE
elep ad ecedap elE
!etelaS ,éramuS ad asac an éta atenac à sadasu mare salet E
)ohliF etrauD oirégoR( .et-oma ,levárodA À .missa rezaf arap razer elav em e otim o é odem o )evit e ,oãzar evit es e( esse mes acordep edrocA .sêm esse es-etive ,raza o etive ,omed o é omitó ,em-eval e ...rezarp áraf azeR .assim a ador ,avel ,amot E
)oetómihT .S suetaM( !etroc a acort E
)oetómihT .S suetaM( !eva ,apos a sópa áv E
)ardevaaS trebreH( !êv o ,litárter a ,avE ...licód ominâ ,elE .atic a ,anamor ,alE ...atipa ,olot od aviar ,elE ’!assinaD à elaf ,álA ,saicálaF .oge ret ratava o satimrep eT .)emon osson o meteper( !mitaS ó ,áv ,atarter ,egof ,alac ,iaS –‘ :alaf ale ,adanissA .êler ,aivadot ,oloaP ,it a ,elaroM anA ,acitÁ .êl e animod ociL ...eva a ret ratilov É
)ohniraM olumôR( emrod atrop à ,apos a sópa ,aport ,ador mE
)odatruF arbmioC olecraM( es-iof alE .airavel araD ós serrot e setorres ,sodara ,levaR ,iA !elaf ,oisÉ
essaP ?opas sÉ
)oetómihT .S suetaM( etal ongE egnol ,atE
)ahnuC oeL( eunêt ,ôvov ;oten ,uE
eva asse essa ,avE
eva asse epap e essa ,avE
)oetómihT .S suetaM( iav e mev ,aI
)mipsirhC socraM( ...ias em missa log o ogoL ?assim me saI
)oçneruoL olatÍ( iris ama sirÍ
)oetómihT .S suetaM( ital ,olatÍ
)arieiV ocraM e laçraM ogirdoR( .ficaF aciL e screverP aliN ,dromO scoM ,nomeS proprI ,oscomO fazeM mezaf omoc ,soirpórp semon moc somordnilap revercse licáf aciF
)oetómihT .S suetaM( giraV avariG
)rJ ahcoR ortsaC ed oinotnA( .agaznoG on zag áH
)rJ ahcoR ortsaC ed oinotnA( .agaznoG on zag áH
)rJ ahcoR ortsaC ed oinotnA( .agaznoG on zag áH
)ohniraM olumôR( laçob acanap arap anacab oçaL
)keseiB odraciR( !lael é leaL
)setarP oinotnA( .lataN on ovo es-emoc alif an afilac o mes e ;ovon on át áL
.latem met áL
)oetómihT .S suetaM( lavo ovo ovaL
)oetómihT .S suetaM( lena )met( evet em aneL
)miuqruF oteB( .ligá sé ,sobes sebos es :agiL
)ohliF etrauD oirégoR( liv redop od erviL
”luza roc é linA“ :”anamoR ad adoM“ an uel ,leunaM od adaroman a ,anilecoR azuL
)seuqraM leicaM ésoJ sedilcuE( marías elenA e aneleS ,airaM
maruj ós sojuraM
)oetómihT .S suetaM( MAT ad ataM
)ohniraM olumôR( mod o :somtir a mos somamos ,somarit mos :odoM
morram apos a sópa marroM
)A.W.B suehtaM ,ohlif o /p ,edardnA ed azuoS navI( ?navI o moc suehtaM at ,heU ?SCOM oivaN
ocas od adrog ad agord ad osac O
oceus uéc O
ocidém é diC O
)sknaB odraudE( odecaM ,era :oãremaceD O
)avíaraC ogaiT naS( .odem o etem asuac aus ,amet é omeD O
!odiod od oidÓ
)ohniraM olumôR( ogaL lenoroC a aport ad acid ád e aport ad orre lataf ataler rodatrop a ,edadic ad atrop à ,acoR oneL .laG O
ogal o ama olag O
ogal on olag O
)oetómihT .S suetaM( !oma :sador oroda sam ,Ó
)odatruF arbmioC olecraM( ?ohlim on adanomiL !hO
)ohliF etrauD oirégoR( ...ohnos ,sasluva savul sasson hO
)snitraM raiugA nostelG(!ohnodem araM ed ón ,hO
)oetómihT .S suetaM( ?oinômed od odeM !ón ,iO
)oetómihT .S suetaM( ?oinômed od odeM !ón ,iO
!oiL evA - ?arara aveL !iO
)ilociN navI( oivan ama navI O
)oçneruoL olatÍ( olatÍ oit álO
olob o ama obol O
)oçneruoL olatÍ( omer orem O
omitó é otim O
!ôp ,odec ocaínam atam aníacoc ed óp O
!ôp ,odec ocaínam atam aníacoc ed óp O
)oetómihT .S suetaM( !orar é em missA ?assim me é rarO
oroman o acata amoR e sadama samad a seroma ataca onamor O
)oetómihT .S suetaM( oroman od onamor O
)ahnuC oeL( ós looclá ed é ãlc o :olsO
)ertsevliS .F otreboR( otal e oriol even an evel oir o é lat O
)oetómihT .S suetaM( otap a ohlim ed ;atenac :oma :arroZ .ona o é oãn ,Ó .zorra amoC .anetaD ,em-iL !hO .apat O
oteud rama é amard uet O
)ohniraM olumôR( oter riv ele é levírret O
)ohniraM olumôR( ótocom ed oces ecod emoc otO
ótocom emoc otO
otrec ocert O
ovo od oov O
)oetómihT .S suetaM( ram od omaR
)ohliF etrauD oirégoR( .reverta everb O ,oviv obrev é es abeb eM ,amaL o ol-áma meb ebaS ,é everb oviv O ,obrev é atreveR
)setarP onurB( .)rezarp rop edrom( ordeP orp razeR
rir obrev everb o ,riR
!rod a essecorp ,oproc esse adoR
roma é amoR
Q artel a moc amordnílap esarf ariemirp - )oetómihT .S suetaM( ...roma euQ ?uE ?amoR
roma met em amoR
sadatapas e sapat ád áS
sagraV evarg ,áS
sairam otio e oit o maríaS
?saisseM ,ocasac o mes siaS
saltA o atlaS
saltA ,ram o maratlaS
secod e raivac oloc on ocoloc ,aviar ed oceS
sêm odot é ,etod o meS
!serbel ,oleb reS
!?sereS_ !saroh áh oras sereS_
!serota so avel eva ,ôs ,ator eS
!soãm me otim o :sosrever so somitó em-maoS
soçom otio somavámos oit o moc óS
...sodniramat atam arinD óS
socorraM marrocoS
!socorraM me em-marrocoS
!socorraM me subinô on ibus ,em-marrocoS
solucó uem me uoçuloS
!someL ,adot anames a asem an át odalem óS
!sorripse :.S.P .irroS
SOS ,avarig giraV A ,SOS
subinô on ibuS
subinô on ibuS
subinô on ibuS
subinô on ibuS
subinô on ibuS
TUC an onacuT
zed e lim ,aruaL auR ,amiL ed éZ
zed od éZ
.liv rod ad orviL
.onort on notroN O
!ôp avaov e áraras oviur uburu iv ós ,arara êv oãvap O
.rias otive sortem a ,ám etros evit ós ,aiR
)miuqruF oteB( .acinté animâl aos ,sopapos soa :lamina etnicA
)miuqruF oteB( .adías aeréa saidA
.ame a emA
)arievilO aruaL( .amard on atoidi otanoD ramA
)miuqruF oteB( .amoR me açoda e ,aviva e ,adoça em romA
?amoR me ama em ,romA
.andE ,ednA
antE atlas otO ,saltA etnA
.apos a sópA
)miuqruF oteB( .arre sêm o ,erre o meS !errA
)miuqruF oteB( .arfas a ,arar ;solos rara a safrA
.assam a massA
.assim a aluna anula a missA
)miuqruF oteB( atlas ,omissíssimo ,saltA
.é assim a missa E
aieleg a lagel é,iA
)miuqruF oteB( .ema so apos merecerem sópa ós ,amE
!éu ,uE
)arievilO aruaL( éu ,acuol aur an aciriric an aruaL ouca uE
.eva asse essa ,avE
)miuqruF oteB( .ligá sé ,sobes sebos es :agiL
)seuqraM leicaM ésoJ sedilcuE( .matem e metaM
)miuqruF oteB( .maus ,matutam suaM
.morram apos a sópa marroM
.omitíram radar maritimO
.omitíram radar maritimO
.omitíram radar maritimO
.omitó osso otimO
)oetómihT .S suetaM( !orar é em missA ?assim me é rarO
)osordeP emrehliuG( .oras e sarO
)oiluT( .ós maías saiaM sO
)miuqruF oteB( .raul e iris ,apos ,sopapos sópa :sirÍ e luaR
.roma é amoR
.saltA o atlaS
)oriebiR .L aileC( .somaR me em ramoS
.roma met em amoR
)arievilO aruaL( aul an arua é aur an aluA
)arievilO aruaL( .adiv ad adivíd ad avid A
.socorraM marrocoS
)roinuJ senutnA razeC oluaP( ?!?! somos sereS !?!?somos ,seres somoS
sós somos :SOS
)oiretemeH( zed lota o atol deZ
)nitarF onailuiG( sopas suam e solar somar soa animâl maritimO ?livres áres anula acinté a ,reviver à ,etnica aluna sera servil ;omitíram lamina aos ramoS/raloS e ,maus sapoS
!sosnos,sospaler massap ós sopas samrelap sosson,sóS
ótocom ed oces ecod emoc otÓ
subinô on ibuS
)ohniraM olumôR( .abased otet od esab A
)ohliF etrauD oirégoR( adiv à avidád ,adivá avid A
)ohliF etrauD oirégoR( .ahlivre é rapap ai noel ,leon iapap are ervil ,hA
)refaL unaM( .acararaj ad adajar arac A
!acata odanad o e ...odanad o atacA
)ohniraM olumôR( acudac adeL ad aledac aducA
.adama ad mir o uorimda amad A
)odatruF arbmioC olecraM( !adaN ?iel a ama aleinaD A
)odatruF arbmioC olecraM( .adías ad atad a saidA
)JRFU ad orum mun odatnip( .adaot ejoh ereg ,ejereh ojeT ,oãdA
)avíaraC ogaiT naS( omitíram on obrev erbon o maritimO
)ohniraM olumôR( .adrog ad odot é etod od agord A
)ohniraM olumôR( .adiv a em-argela legrA me avid A
)sednanreF rolliM( .agrama é amarg A
)satnaD nosredE( ?ahca et anoeL e ,onateaC ,hA
)satnaD nosredE( !aiedo otO O ...dE ,iA
)odatruF arbmioC olecraM( ”es-iof alE .airavel araD ós ,serrot e setorres ,sodara ,levaR ,iA
)snitraM raiugA nostélG(.airacav an avac ari A
)oriebiR .L nosredeJ( amad adamA
)sednanreF rôlliM( .amal an adan alam A
)loreugoN(...aluaP anA meN !hA .agitaf ,atiga ahnemanap aul A
.amad arap ariga agirapar adamA
)refaL unaM( .ám arelóc ad avert a é ;át revadac oleramA
)mipsirhC socraM( ...amarg a é amaC !atiR ,a-arit - acam a é agramA
)ohliF etrauD oirégoR( .ám argam é adrog a ,agord a em-agramA
.ameop o emA
!amissép é ssim A
.amora met em aromA
)sellerieM oleM nauI( .amoR ed é romA
.anacas é esse ,esac ,anA
)setarP epiliF( .anA ed ari ;irA reler ári )iraD e( anA
.anaL aval anA
)avliS ad acisséJ adA( .anali amad adama ilanA
...aname rolac ,alor em anA
)odatruF arbmioC olecraM( !andE ,log o elav ale ,ogol ednA
.anotaram ad atad a maratonA
...apat éta ama atetap A
.aport arangi à aignar atrop A
.arara arar A
)avliS ad osodraC imlA( .áraras acuc a ,rod a ,ataeb omsem E .aras ,sêm a sêm ,ovo mes a-messA .raemes mob é atA .ador acuc A .sárarA
)ohniraM olumôR( .arita sobrev ,ôvov erbos ,atiR A
)ardevaaS trebreH( !arroz eãm ,atam a é zorrA
.asac ad adacas A
)odatruF arbmioC olecraM( .asem an át odalem ós :somel adot anames A
)seuqraM leicaM ésoJ sedilcuE( !apoS an egrafaL araS :sáralaf argen a sópA
.assim a sópa somerecerem ós apos a ,missA
)sednanreF rolliM( .assim à ai aia a missA
.assim adivá an ,arita em roma ,amoR me ,atiR anA avid a missA
)euqrauB ocihC( .atere agansib arit atirabis nagaeR étA
.atoidi otA
)oriebiR .L nosredeJ( ator a ranad iav ,aida narA rotA
.atorred ad errot A
.atorred ad errot A
)oiretemeH( !AUE son ós êuA
!áV .evel o zolev evA
!avid a é adiv A
]orienaJ ed oiR on sinêt ed aimedaca amu é BOL[ )setarP onurB( .BOL ad etenis ,sinêt ed aloB
)setarP onurB( .eãm ,arofa zap a zaF ?oramA E
?eãm ateiraM arietam a É
)ohniraM olumôR( ”.é ateop apaP o éta E
)ardevaaS trebreH( !é avos ,samet ,amoR ...amarg ,alet ,alam aveL .lael é muR .murouq uet od oãM .oreuq ue roma odot euq uorumrum ele áL .leváma ,latel ,agrama :rom atem assov a É
)nosleG( .edepílena lamina orar o animâl an eliped E
)odatruF arbmioC olecraM( .eled asac an ai ,anacas ,adeL E
)ohniraM olumôR( ”.emrod atrop à ,apos a sópa ,aport ,ador mE
)agorieuQ oãvêtsE( ”!edadic ad onaissaC omA.miG ós amot E ”!et-omA“ :sogima moc ,assI anod ,acid ád E
.)oiciL ailuJ anA(  elep ad ecedap elE
)agorieuQ oãvêtsE( ?én ,otaled a avidád arem eD .iód ós ép O .rD ,ós ediviD .edivid esod rop esoD .oidémer ád ,adivÁ ?adeL aton E -
)satnaD nosredE( !esse saiópa em E !apO .ias essE
.essaP ?opas sÉ
.eva asse epap e essa ,avE
)ohliF etrauD oirégoR( .et-oma ,levárodA À .missa rezaf arap razer elav em e otim o é odem o )evit e ,oãzar evit es e( esse mes acordep edrocA .sêm esse es-etive ,raza o etive ,omed o é omitó ,em-eval e ...rezarp áraf azeR .assim a ador ,avel ,amot E
)ardevaaS trebreH( ”!êv o ,litárter a ,avE ...licód ominâ ,elE .atic a ,anamor ,alE ...atipa ,olot od aviar ,elE ’!assinaD à elaf ,álA ,saicálaF .oge ret ratava o satimrep eT .)emon osson o meteper( !mitaS ó ,áv ,atarter ,egof ,alac ,iaS –‘ :alaf ale ,adanissA .êler ,aivadot ,oloaP ,it a ,elaroM anA ,acitÁ .êl e animod ociL ...eva a ret ratilov É“
)mipsirhC socraM( ...ias em missa log o ogoL ?assim me saI
)ohniraM olumôR( .laçob acanap arap anacab oçaL
)ilidiV odraudE( .lareneg orava o avarog êneR áL
)setarP oinotnA( .lataN on ovo es-emoc alif an afilac o mes e ;ovon on át áL
)kinsiW aniraM( .lavo ue uem me ue uov áL
)refaL unaM( .amad adatacer a eterred ,avel :alev ad ér ret é arec ,atad adamA
)ohliF etrauD oirégoR( liv redop od erviL
)ohnituoC etreaL( .liv rosseforp agart ,ragap rof es - sorviL
)?egacoB( '.luza roc é linA' :'anamoR ad adoM' an uel ,leunaM od adaroman a ,anilecoR azuL
luza zuL
)avíaraC ogaiT naS( marenumer oremún e raM
)seuqraM leicaM ésoJ sedilcuE( marías elenA e aneleS ,airaM
)asuoS ed.T.F oilúT(.marir ós e ,ari e edadiav amsem a mes ,mavaida dE e irA ,esoR ,iraM
maruj ós sojuraM
”.mev e ,seaP aneladaM ,oça ed é açom ad alenap a es êv eM
)ardevaaS trebreH( !missa ,a-atam ,naluZ ,al-áF :alaf álA .zul an mata A .assiM
)ilidiV odraudE( !moçam ordeP ,egA ?suseJ e susagéP edrom açoM
)ohniraM olumôR( ”.mod o :somtir a mos somamos ,somarit mos :odoM
)ipmetnoB assiraL( !morram atam ,arroM
.ocas od adrog ad agord ad osac O
.oceus uéc O
.ocidém é diC O
!odiod od oidÓ
)ohniraM olumôR( .ogaL lenoroC a aport ad acid ád e aport ad orre lataf ataler rodatrop a ,edadic ad atrop à ,acoR oneL .laG O
)redienhcS otreblA oigreS( .ogal on adan olag O
)edardnA ed azuoS navI( ...oivan à ama a navI O
.oiráto otar ,iO
)arievilO sednocraM oneuB oiválF( ?oiválF éZ o ,ôv od ovo o zeF !laV,iO
)ohliF etrauD oirégoR( ol-ával oreuq ue ,rolaV álO
)ohliF etrauD oirégoR( ...ohnos ,sasluva savul sasson hO
.olob o ama obol O
.omitó é otim O
)snitraM raiugA nostélG(!ogelag ema ,ameg aleg Ô
)renroH lecraM ed otnemelpmoc ,roinuJ senutnA razeC oluaP( ! ôoV !! ôvov ovo O
!ôp ,odec ocaínam atam aníacoc ed óp O
)snitraM raiugA nostélG( .oroetem omet e orO
.oroman o acata amoR e sadama samad a seroma ataca onamor O
)ohniraM olumôR( .oteud rama é amard uet O
)oiretemeH( ota o atort ,rota o ,atO
)omsemueH( ótocom e ovo emoc ,otÒ
)ohniraM olumôR( .oter riv ele é levírret O
)ohniraM olumôR( .ótocom ed oces ecod emoc otO
.otrec ocert O
.ovon ovO
.ovo od oov O
)snitraM raiugA nostélG(!letaparas,osar,apat:êL
)ohlavraC ed ésoJ oinôtnA( .soivan otio ed onod é ,oit o ,navI óS
)ohlavraC ed ésoJ oinôtnA( .ocort ed oidémer em-êd ,iód etroc O
) ohlavraC ed ésoJ oinôtnA( .romased o atoda ,airaM ,ari à adot aod es amoR
)ohlavraC ed ésoJ oinôtnA( .onarcis o é livres ,ervil é osicraN O 
)ohlavraC ed ésoJ oinôtnA( .omitó e ,éleP ele é otim O 
)ohlavraC ed ésoJ oinôtnA( .nosdE ,ogol log o êd soN 
)ohlavraC ed ésoJ oinôtnA( .saltA ,romet é oroetem o ratlaS 
)JRFU ad orum mun odatnip( .RA ,onitalpsic osep ...esocisp lat ,inoaR
)ohniraM olumôR( .reter e reverp arap rever e reteR
)ohliF etrauD oirégoR( .reverta everb O ,oviv obrev é es abeb eM ,amaL o ol-ama meb ebaS ,é everb oviv O ,obrev é atreveR
)setarP onurB( .)rezarp rop edrom( ordeP orp razeR
.rir obrev everb o ,riR
!rod a essecorp ,oproc esse adoR
)snitraM raiugA nostélG(.rosonodocubaN onabuc od onoS !ôR
.roma met em amoR
.sadatapas e sapat ád áS
.sairaM otio e oit o maríaS
)ohniraM olumôR( .secod e raivac oloc on ocoloc ,aviar ed oceS
.sêm odot é ,etod o meS
)ohniraM olumôR( .soçom otio somavámos oit o moc óS
soac omoc aoS
!socorraM me subinô on ibus ,em-marrocoS
)roinuJ senutnA razeC oluaP( !sós seres matam seres ,.S.O.S
.subinô on ibuS
)ohniraM olumôR( TUC an onacuT
)ohniraM olumôR( .VI emulov éta ratev olumÊ iV
.zed e lim ,aruaL aur ,amiL ed éZ
)ordeP ziuL( !agord an aov oãn adrog A
)snitraM raiugA nostélG(! r esu ,m amos :somamuseR
)snitraM raiugA nostélG(.nedaL niB amasO ós ama binL adeN
)lenoL inilozzihC otsuguA ordeP(.sometem óS
)snitraM raiugA nostélG( .urubureT ama amateruburU
)nitarF onailuiG( amolaP aL omA
)oruaM rioJ( .liv rod ad orviL
)sérgI oigréS( !áraras oviur uburu iv ós ararA
)sérgI oigréS( ?adaracuça res é racúça rad A
)sérgI oigréS( !avoc ad avert an át revadac óv A
)sérgI oigréS( .aov ertuba ra on oãrabut rev oA
)sérgI oigréS( !é lecroc odilós,olidocorc,elE
)sérgI oigréS( !enca ret eracnE
)sérgI oigréS( !sesofromatem atic ós ocitámetam,orfos eS
.ein esel lesE niE
.den rettap reknud ågE i egÅ dunK erpat ter neD
.den laks skal neD
.den laks skal neD
.damejer nis berg greB siN rejemaD
.elsaH arf atiR i taf rah aslE
.låsoksemad enned oggiV vig go den nedamesko såL
.deg ne netraf i fart enengeD
.treneg re med fa ne ,enaf dem ergen erT
.selmas laks erødegarag edøreskal samleS
.trol dem edlorT
)oolretaW me odatorred ed sioped oãelopaN rop atid odis ret airedop euq esarf( ablE was I ere I saw elbA
!amanaP ,lanac a ,nalp a ,nam A
.cigart os si ti ,nac a ni ti ssoT ?ragiC
.dennis andE dna sinneD
.doc no teid I ;ssentaf a stneverp reven tsaf a :tnessid I ,eton ,coD
.god no evil ,live on ,doG
.god lived a sa devil doG
.I loV ,em evol I
.iroam edun derit a ,ti rednu demaor I
.lewd did I live & evil I did dweL
.madA m'I ,madaM
)agorieuQ oãvêtsE e illenoeL onaissaC( .madaS sa daM
.nat saw I was taN
no tah erow oreh a toN
)nedragdnuoS adnab ad PE mu ed olutít o mamrof satnuj satircse sarvalap sa( satanos cillatem ym etallicso nataS
)cereP segroeG( .sees laveidem on stra tey etartsnomed I ,evals ,eeS
stop no top a pot on potS
.sumsarE no tset a sa tes ton era smuS
?was I tac a ro rac a ti saW
1234554321
987654321
7654.321
3456,5432
555,544,432
523432.23432.2122
1.1.1.721
0,0,0,721
50,
21.
.21
,321
