MPASM  5.35                     PISCALED3.ASM   5-22-2017  13:37:08         PAGE  1


LOC  OBJECT CODE     LINE SOURCE TEXT
  VALUE

                      00001 ;************** AULA 01 - PROGRAMA PARA PISCAR LED *****************
Warning[205]: Found directive in column 1. (LIST)
                      00002 LIST   P=PIC16F628A
Warning[205]: Found directive in column 1. (RADIX)
                      00003 RADIX DEC       
                      00004 #INCLUDE <P16F628A.INC>
                      00001         LIST
                      00002 ; P16F628A.INC  Standard Header File, Version 1.10    Microchip Technology, Inc.
                      00265         LIST
                      00266 
2007   3F10           00005         __CONFIG _INTRC_OSC_NOCLKOUT & _WDT_OFF & _PWRTE_ON & _BODEN_OFF & _LVP_OFF & _CP_OFF & _MCLRE_O
                            FF & _DATA_CP_OFF 
                      00006         ;ou __CONFIG H'3F10'
                      00007 
                      00008         CBLOCK  0x20    ;ENDEREÇO INICIAL DA MEMÓRIA DE
                      00009                                         ;USUÁRIO
  00000020            00010         CONTADOR1
  00000021            00011         CONTADOR2
  00000022            00012         CONTADOR3
  00000023            00013         CONTADOR4
                      00014         ENDC                    ;FIM DO BLOCO DE MEMÓRIA                
                      00015         
0000                  00016         ORG     0x00            ;ENDEREÇO INICIAL DE PROCESSAMENTO
0000   2801           00017         GOTO    INICIO
                      00018                 
0001                  00019 INICIO
0001   0185           00020         CLRF    PORTA           ;LIMPA O PORTA
0002   0186           00021         CLRF    PORTB           ;LIMPA O PORTB
0003   1683           00022         BSF STATUS, RP0
Message[302]: Register in operand not in bank 0.  Ensure that bank bits are correct.
0004   0186           00023         CLRF TRISB
0005   1283           00024         BCF STATUS, RP0
                      00025 
0006                  00026 REPETE
0006   1486           00027         BSF PORTB, 1
0007   200E           00028         CALL ATRASO
0008   1086           00029         BCF PORTB, 1
0009   200E           00030         CALL ATRASO
000A   2806           00031         GOTO REPETE
                      00032 
                      00033 
                      00034 
000B                  00035 LOOP
Message[305]: Using default destination of 1 (file).
000B   0BA3           00036         DECFSZ  CONTADOR4
000C   280B           00037         GOTO    LOOP
000D   0008           00038         RETURN
                      00039 
000E                  00040 ATRASO  
000E   3006           00041         MOVLW 6
000F   00A3           00042         MOVWF CONTADOR4
0010   200B           00043         CALL LOOP               
0011   3027           00044         MOVLW   39
MPASM  5.35                     PISCALED3.ASM   5-22-2017  13:37:08         PAGE  2


LOC  OBJECT CODE     LINE SOURCE TEXT
  VALUE

0012   00A0           00045         MOVWF   CONTADOR1       
0013                  00046 ATRASO1 
0013   2018           00047         CALL    FOR1                            
Message[305]: Using default destination of 1 (file).
0014   0BA0           00048         DECFSZ  CONTADOR1       
0015   2813           00049         GOTO    ATRASO1 
0016   0000           00050         NOP                             
0017   0008           00051         RETURN  
                      00052 
0018                  00053 FOR1
0018   3067           00054         MOVLW   103
0019   00A1           00055         MOVWF   CONTADOR2
001A                  00056 ATRASO2 
001A   2021           00057         CALL    FOR2                            
Message[305]: Using default destination of 1 (file).
001B   0BA1           00058         DECFSZ  CONTADOR2       
001C   281A           00059         GOTO    ATRASO2
001D   0000           00060         NOP     
001E   0000           00061         NOP
001F   0000           00062         NOP
                      00063 
                      00064         
                      00065 
0020   0008           00066         RETURN                  
                      00067 
0021                  00068 FOR2
0021   306A           00069         MOVLW   106
0022   00A2           00070         MOVWF   CONTADOR3
0023                  00071 ATRASO3                                 
Message[305]: Using default destination of 1 (file).
0023   0BA2           00072         DECFSZ  CONTADOR3       
0024   2823           00073         GOTO    ATRASO3 
                      00074         
0025   0008           00075         RETURN
                      00076 
                      00077 
                      00078 
                      00079 
Warning[205]: Found directive in column 1. (END)
                      00080 END
MPASM  5.35                     PISCALED3.ASM   5-22-2017  13:37:08         PAGE  3


SYMBOL TABLE
  LABEL                             VALUE 

ADEN                              00000003
ATRASO                            0000000E
ATRASO1                           00000013
ATRASO2                           0000001A
ATRASO3                           00000023
BRGH                              00000002
C                                 00000000
C1INV                             00000004
C1OUT                             00000006
C2INV                             00000005
C2OUT                             00000007
CCP1CON                           00000017
CCP1IE                            00000002
CCP1IF                            00000002
CCP1M0                            00000000
CCP1M1                            00000001
CCP1M2                            00000002
CCP1M3                            00000003
CCP1X                             00000005
CCP1Y                             00000004
CCPR1H                            00000016
CCPR1L                            00000015
CIS                               00000003
CM0                               00000000
CM1                               00000001
CM2                               00000002
CMCON                             0000001F
CMIE                              00000006
CMIF                              00000006
CONTADOR1                         00000020
CONTADOR2                         00000021
CONTADOR3                         00000022
CONTADOR4                         00000023
CREN                              00000004
CSRC                              00000007
DC                                00000001
EEADR                             0000009B
EECON1                            0000009C
EECON2                            0000009D
EEDATA                            0000009A
EEIE                              00000007
EEIF                              00000007
F                                 00000001
FERR                              00000002
FOR1                              00000018
FOR2                              00000021
FSR                               00000004
GIE                               00000007
INDF                              00000000
INICIO                            00000001
INTCON                            0000000B
INTE                              00000004
INTEDG                            00000006
MPASM  5.35                     PISCALED3.ASM   5-22-2017  13:37:08         PAGE  4


SYMBOL TABLE
  LABEL                             VALUE 

INTF                              00000001
IRP                               00000007
LOOP                              0000000B
NOT_BO                            00000000
NOT_BOD                           00000000
NOT_BOR                           00000000
NOT_PD                            00000003
NOT_POR                           00000001
NOT_RBPU                          00000007
NOT_T1SYNC                        00000002
NOT_TO                            00000004
OERR                              00000001
OPTION_REG                        00000081
OSCF                              00000003
PCL                               00000002
PCLATH                            0000000A
PCON                              0000008E
PEIE                              00000006
PIE1                              0000008C
PIR1                              0000000C
PORTA                             00000005
PORTB                             00000006
PR2                               00000092
PS0                               00000000
PS1                               00000001
PS2                               00000002
PSA                               00000003
RBIE                              00000003
RBIF                              00000000
RCIE                              00000005
RCIF                              00000005
RCREG                             0000001A
RCSTA                             00000018
RD                                00000000
REPETE                            00000006
RP0                               00000005
RP1                               00000006
RX9                               00000006
RX9D                              00000000
SPBRG                             00000099
SPEN                              00000007
SREN                              00000005
STATUS                            00000003
SYNC                              00000004
T0CS                              00000005
T0IE                              00000005
T0IF                              00000002
T0SE                              00000004
T1CKPS0                           00000004
T1CKPS1                           00000005
T1CON                             00000010
T1OSCEN                           00000003
T2CKPS0                           00000000
MPASM  5.35                     PISCALED3.ASM   5-22-2017  13:37:08         PAGE  5


SYMBOL TABLE
  LABEL                             VALUE 

T2CKPS1                           00000001
T2CON                             00000012
TMR0                              00000001
TMR1CS                            00000001
TMR1H                             0000000F
TMR1IE                            00000000
TMR1IF                            00000000
TMR1L                             0000000E
TMR1ON                            00000000
TMR2                              00000011
TMR2IE                            00000001
TMR2IF                            00000001
TMR2ON                            00000002
TOUTPS0                           00000003
TOUTPS1                           00000004
TOUTPS2                           00000005
TOUTPS3                           00000006
TRISA                             00000085
TRISB                             00000086
TRMT                              00000001
TX9                               00000006
TX9D                              00000000
TXEN                              00000005
TXIE                              00000004
TXIF                              00000004
TXREG                             00000019
TXSTA                             00000098
VR0                               00000000
VR1                               00000001
VR2                               00000002
VR3                               00000003
VRCON                             0000009F
VREN                              00000007
VROE                              00000006
VRR                               00000005
W                                 00000000
WR                                00000001
WREN                              00000002
WRERR                             00000003
Z                                 00000002
_BODEN_OFF                        00003FBF
_BODEN_ON                         00003FFF
_BOREN_OFF                        00003FBF
_BOREN_ON                         00003FFF
_CP_OFF                           00003FFF
_CP_ON                            00001FFF
_DATA_CP_OFF                      00003FFF
_DATA_CP_ON                       00003EFF
_ER_OSC_CLKOUT                    00003FFF
_ER_OSC_NOCLKOUT                  00003FFE
_EXTCLK_OSC                       00003FEF
_HS_OSC                           00003FEE
_INTOSC_OSC_CLKOUT                00003FFD
MPASM  5.35                     PISCALED3.ASM   5-22-2017  13:37:08         PAGE  6


SYMBOL TABLE
  LABEL                             VALUE 

_INTOSC_OSC_NOCLKOUT              00003FFC
_INTRC_OSC_CLKOUT                 00003FFD
_INTRC_OSC_NOCLKOUT               00003FFC
_LP_OSC                           00003FEC
_LVP_OFF                          00003F7F
_LVP_ON                           00003FFF
_MCLRE_OFF                        00003FDF
_MCLRE_ON                         00003FFF
_PWRTE_OFF                        00003FFF
_PWRTE_ON                         00003FF7
_RC_OSC_CLKOUT                    00003FFF
_RC_OSC_NOCLKOUT                  00003FFE
_WDT_OFF                          00003FFB
_WDT_ON                           00003FFF
_XT_OSC                           00003FED
__16F628A                         00000001
__DEBUG                           1


MEMORY USAGE MAP ('X' = Used,  '-' = Unused)

0000 : XXXXXXXXXXXXXXXX XXXXXXXXXXXXXXXX XXXXXX---------- ----------------
2000 : -------X-------- ---------------- ---------------- ----------------

All other memory blocks unused.

Program Memory Words Used:    38
Program Memory Words Free:  2010


Errors   :     0
Warnings :     3 reported,     0 suppressed
Messages :     5 reported,     0 suppressed

