AÇA
aça
aça
ç
ACAÇÁ
acaçá
acaçá
cçá
ADA
ada
Ada
da
AFÃ
afã
afã
fã
AIA
aia
aia
i
ALA
ala
ala
l
AMA
ama
ama
m
ANA
ana
Ana
na
ANILINA
anilina
anilina
nilin
ARA
ara
ara
r
ARARA
arara
arara
rr
ASA
asa
asa
s
ATA
ata
ata
t
AVIVA
aviva
aviva
viv
ELE
ele
ele
l
ESSE
esse
esse
ss
MAMAM
mamam
mamam
aa
MAMAM
mamam
mamam
aa
MATAM
matam
matam
ata
METEM
metem
metem
ete
OCO
oco
oco
c
OMISSÍSSIMO
omissíssimo
omissíssimo
missíssim
OMO
omo
Omo
mo
OSSO
osso
osso
ss
OTO
oto
Oto
to
OTTO
otto
Otto
tto
OVO
ovo
ovo
v
RACIFICAR
racificar
racificar
acifica
RADAR
radar
radar
ada
RADAR
radar
radar
ada
REGER
reger
reger
ege
RAIAR
raiar
raiar
aia
RALAR
ralar
ralar
ala
RAMAR
ramar
ramar
ama
RAPAR
rapar
rapar
apa
RASAR
rasar
rasar
asa
RELER
reler
reler
ele
RETER
reter
reter
ete
RETER
reter
reter
ete
REVER
rever
rever
eve
REVIVER
reviver
reviver
evive
RIR
rir
rir
i
RODADOR
rodador
rodador
odado
ROTOR
rotor
rotor
oto
SACAS
sacas
sacas
aca
SAIAS
saias
saias
aia
SALAS
salas
salas
ala
SANAS
sanas
sanas
ana
SAPAS
sapas
sapas
apa
SARAS
saras
saras
ara
SARARÁS
sararás
sararás
arará
SERES
seres
seres
ere
SOCOS
socos
socos
oco
SOMÁVAMOS
somávamos
somávamos
omávamo
SOMÁMOS
somámos
somámos
omámo
SOPAPOS
sopapos
sopapos
opapo
ADA
ada
Ada
da
ANA
ana
Ana
na
ANNA
anna
Anna
nna
BOB
bob
Bob
ob
EBBE
ebbe
Ebbe
bbe
EBBE
ebbe
Ebbe
bbe
ELLE
elle
Elle
lle
EVE
eve
Eve
ve
HANNAH
hannah
Hannah
annah
MENEM
menem
Menem
enem
NATAN
natan
Natan
atan
NAUAN
nauan
Nauan
auan
NEVEN
neven
Neven
even
OTO
oto
Oto
to
OTTO
otto
Otto
tto
RAIAR
raiar
Raiar
aiar
RENNER
renner
Renner
enner
MUSSUM
mussum
Mussum
ussum
BAUAB
bauab
Bauab
auab
REVER
rever
Rever
ever
LAEL LEAL
lael leal
LaelLeal
ael eal
NEUQUÉN
neuquén
Neuquén
euquén
NEUQUÉN
neuquén
Neuquén
euquén
MUTUM
mutum
Mutum
utum
ACAIACA
acaiaca
Acaiaca
caiaca
MUÇUM
muçum
Muçum
uçum
MIRIM
mirim
Mirim
irim
ITATI
itati
Itati
tati
AILEN - NÉLIA
ailen - nélia
Ailen-Nélia
ilen - Nélia
ABAS - SABÁ
abas - sabá
abas-sabá
bs - sbá
ACARÁ - ARAÇÁ
acará - araçá
acará-araçá
crá - rçá
ACÉM - MECA
acém - meca
acém-Meca
cém - Mec
AÇO - OCA
aço - oca
aço-oca
ço - oc
ADNAN - NANDA
adnan - nanda
Adnan-Nanda
dnan - Nanda
ÁGIL - LIGA
ágil - liga
ágil-liga
gil - liga
ALAS - SALA
alas - sala
alas-sala
ls - sl
ALÉM - MELA
além - mela
além-mela
lém - mel
ALANI - INALA
alani - inala
Alani-inala
lani - inala
ALÔ - OLÁ
alô - olá
alô-olá
lô - olá
AMAM - MAMA
amam - mama
amam-mama
mm - mm
AMOR - ROMA
amor - roma
amor-Roma
mor - Rom
AMOR - ROMÃ
amor - romã
amor-romã
mor - romã
AMORA - AROMA
amora - aroma
amora-aroma
mor - rom
AME - EMA
ame - ema
ame-ema
me - em
ANAL - LANA
anal - lana
anal-Lana
nl - Ln
ANEL - LENA
anel - lena
anel-Lena
nel - Len
ANELEM - MELENA
anelem - melena
anelem-melena
nelem - melen
ANIL - LINA
anil - lina
anil-Lina
nil - Lin
ANIMAL - LÂMINA
animal - lâmina
animal-lâmina
niml - lâmin
ANIS - SINA
anis - sina
anis-sina
nis - sin
APÓS - SOPA
após - sopa
após-sopa
pós - sop
AR - RÃ
ar - rã
ar-rã
r - rã
AR - RÃ
ar - rã
ar-rã
r - rã
ARAM - MARA
aram - mara
aram-Mara
rm - Mr
ARAR - RARA
arar - rara
arar-rara
rr - rr
ARCO - OCRA
arco - ocra
arco-ocra
rco - ocr
ARE - ERA
are - era
are-era
re - er
ARO - ORA
aro - ora
aro-ora
ro - or
ARROZ - ZORRA
arroz - zorra
arroz-zorra
rroz - zorr
ASSAM - MASSA
assam - massa
assam-massa
ssm - mss
ASSIM - MISSA
assim - missa
assim-missa
ssim - miss
ATAR - RATA
atar - rata
atar-rata
tr - rt
ATEM - META
atem - meta
atem-meta
tem - met
ATERRAM - MARRETA
aterram - marreta
aterram-marreta
terrm - mrret
ATOR - ROTA
ator - rota
ator-rota
tor - rot
AUGE - ÉGUA
auge - égua
auge-égua
uge - égu
AVAL - LAVA
aval - lava
aval-lava
vl - lv
AVARO - ORAVA
avaro - orava
avaro-orava
vro - orv
AVE - EVA
ave - eva
ave-Eva
ve - Ev
AVO - OVA
avo - ova
avo-ova
vo - ov
AVÓ - OVA
avó - ova
avó-ova
vó - ov
AVÔ - OVA
avô - ova
avô-ova
vô - ov
AVON - NOVA
avon - nova
Avon-nova
von - nova
ELO - OLÉ
elo - olé
elo-olé
lo - olé
ÍRIS - SIRI
íris - siri
íris-siri
ris - siri
LAICOS- SOCIAL
laicos- social
laicos-social
aicos- socia
LATEM - METAL
latem - metal
latem-metal
atem - meta
LAVO - OVAL
lavo - oval
lavo-oval
avo - ova
LEONAM - MANOEL
leonam - manoel
Leonam-Manoel
eonam - Manoel
MARROCOS - SOCORRAM
marrocos - socorram
Marrocos-socorram
arrocos - socorram
MELAR - RALEM
melar - ralem
melar-ralem
elar - rale
MELAR - RALEM
melar - ralem
melar-ralem
elar - rale
METER - RETEM
meter - retem
meter-retem
eter - rete
OCAS - SACO
ocas - saco
ocas-saco
cas - sac
OLOR - ROLO
olor - rolo
olor-rolo
lr - rl
ORAR - RARO
orar - raro
orar-raro
rar - rar
RAMO - OMAR
ramo - omar
ramo-omar
amo - oma
RAMOS - SOMAR
ramos - somar
ramos-somar
amos - soma
REDIL - LÍDER
redil - líder
redil-líder
edil - líde
SERVIL - LIVRES
servil - livres
servil-livres
ervil - livre
ACENO BONECA
aceno boneca
acenoboneca
ceno bonec
ACNE PENCA
acne penca
acnepenca
cne penc
ANITA LATINA
anita latina
Anitalatina
nita latina
APERTO TREPA
aperto trepa
apertotrepa
perto trep
LACA BACAL
laca bacal
lacabacal
aca baca
LADRA PARDAL
ladra pardal
ladrapardal
adra parda
LAMA RAMAL
lama ramal
lamaramal
ama rama
LAMINA ANIMAL
lamina animal
laminaanimal
amina anima
LATA NATAL
lata natal
lataNatal
ata Nata
SACA MACAS
saca macas
sacamacas
aca maca
REDE CEDER
rede ceder
redeceder
ede cede
REZAR PRAZER
rezar prazer
rezarprazer
eza paze
A CACA
a caca
Acaca
 caca
A CAÇA
a caça
Acaça
 caça
A CAMA-MACA
a cama-maca
Acama-maca
 cama-maca
A DAMA
a dama
Adama
 dama
A DROGA GORDA
a droga gorda
Adrogagorda
 droga gorda
A BABA
a baba
Ababa
 baba
A BABÁ
a babá
Ababá
 babá
A LÊDA DELA
a lêda dela
ALêdadela
 Lêda dela
A LILA
a lila
ALila
 Lila
A MAMA
a mama
Amama
 mama
A MAMA
a mama
Amama
 mama
A MIL... BAITA...KATIA B. LIMA
a mil... baita...katia b. lima
Amil...Baita...KatiaB.Lima
 mil... Baita...Katia B. Lima
A RUA LAURA
a rua laura
ARuaLaura
 Rua Laura
ADA BÊBADA
ada bêbada
Adabêbada
da bêbada
ADA LEVADA VELADA
ada levada velada
Adalevadavelada
da levada velada
ADA NADA
ada nada
Adanada
da nada
AÍ, BIA!
aí, bia!
Aí,Bia!
í, Bia!
ALI, LADO DALILA
ali, lado dalila
Ali,ladoDalila
li, lado Dalila
ANITA, A TINA! (ANTONIO DE CASTRO)
anita, a tina! (antonio de castro)
Anita,atina!(AntoniodeCastro)
nita, a tina! (ntonio de Castro)
ARARA RARA
arara rara
Arararara
rara rara
É BEBÊ!
é bebê!
Ébebê!
 bebê!
LIMA A MIL
lima a mil
Limaamil
ima a mil
LUZ AZUL
luz azul
Luzazul
uz azul
LUZ A ARARA AZUL
luz a arara azul
Luzaararaazul
uz a arara azul
O BOBO
o bobo
Obobo
 bobo
O BOLO DO LOBO
o bolo do lobo
Obolodolobo
 bolo do lobo
O DADO
o dado
Odado
 dado
O DEDO
o dedo
Odedo
 dedo
OH! LIMONADA NO MILHO? (MARCELO COIMBRA FURTADO)
oh! limonada no milho? (marcelo coimbra furtado)
Oh!Limonadanomilho?(MarceloCoimbraFurtado)
h! Limonada no milho? (Marcelo Coimbra Furtado)
O LILO
o lilo
OLilo
 Lilo
O LU NULO
o lu nulo
OLunulo
 Lu nulo
O SELO LESO
o selo leso
Oseloleso
 selo leso
A SILA LISA
a sila lisa
ASilalisa
 Sila lisa
O SILO LISO
o silo liso
OSiloliso
 Silo liso
O TROTE TORTO
o trote torto
Otrotetorto
 trote torto
O VOVÔ
o vovô
Ovovô
 vovô
OI, RARO HORÁRIO!
oi, raro horário!
Oi,rarohorário!
i, raro horário!
OI RATO OTÁRIO!
oi rato otário!
Oiratootário!
i rato otário!
OI, GOL É RELÓGIO? (SAN TIAGO CARAÍVA)
oi, gol é relógio? (san tiago caraíva)
Oi,golérelógio?(SanTiagoCaraíva)
i, gol é relógio? (San Tiago Caraíva)
OVOS NELE, HELEN SOVO!
ovos nele, helen sovo!
Ovosnele,HelenSovo!
vos nele, Helen Sovo!
RALO DO DÓLAR
ralo do dólar
Ralododólar
alo do dólar
ZÉ DE LIMA, RUA LAURA, MIL E DEZ
zé de lima, rua laura, mil e dez
ZédeLima,RuaLaura,MileDez
é de Lima, Rua Laura, Mil e Dez
AÇO PIPOCA
aço pipoca
AçoPipoca
ço Pipoca
ANITA LATINA
anita latina
Anitalatina
nita latina
SUBI NO ÔNIBUS
subi no ônibus
Subinoônibus
ubi no ônibus
A BASE DESATOLA CALOTAS E DESABA
a base desatola calotas e desaba
Abasedesatolacalotasedesaba
 base desatola calotas e desaba
A BASE DO TETO DESABA (RÔMULO MARINHO)
a base do teto desaba (rômulo marinho)
Abasedotetodesaba(RômuloMarinho)
 base do teto desaba (Rômulo Marinho)
A CAPITAL. LATI PACA (EDUARDO BANKS)
a capital. lati paca (eduardo banks)
ACapital.Latipaca(EduardoBanks)
 Capital. Lati paca (Eduardo Banks)
A CARA RAJADA DA JARARACA (SHELDON COOPER)
a cara rajada da jararaca (sheldon cooper)
Acararajadadajararaca(SheldonCooper)
 cara rajada da jararaca (Sheldon Cooper)
A DAMA ADMIROU O RIM DA AMADA
a dama admirou o rim da amada
Adamaadmirouorimdaamada
 dama admirou o rim da amada
A DANIELA AMA A LEI? NADA! (MARCELO COIMBRA FURTADO)
a daniela ama a lei? nada! (marcelo coimbra furtado)
ADanielaamaalei?Nada!(MarceloCoimbraFurtado)
 Daniela ama a lei? Nada! (Marcelo Coimbra Furtado)
ADIAS A DATA DA SAÍDA. (MARCELO COIMBRA FURTADO)
adias a data da saída. (marcelo coimbra furtado)
Adiasadatadasaída.(MarceloCoimbraFurtado)
dias a data da saída. (Marcelo Coimbra Furtado)
A DIVA ÁVIDA, DÁDIVA À VIDA (ROGÉRIO DUARTE FILHO)
a diva ávida, dádiva à vida (rogério duarte filho)
Adivaávida,dádivaàvida(RogérioDuarteFilho)
 diva ávida, dádiva à vida (Rogério Duarte Filho)
A DIVA EM ARGEL ALEGRA-ME A VIDA (RÔMULO MARINHO)
a diva em argel alegra-me a vida (rômulo marinho)
AdivaemArgelalegra-meavida(RômuloMarinho)
 diva em rgel alegra-me a vida (Rômulo Marinho)
A DROGA DO DOTE É TODO DA GORDA (RÔMULO MARINHO)
a droga do dote é todo da gorda (rômulo marinho)
Adrogadodoteétododagorda(RômuloMarinho)
 droga do dote é todo da gorda (Rômulo Marinho)
A GRAMA É AMARGA (MILLOR FERNANDES)
a grama é amarga (millor fernandes)
Agramaéamarga(MillorFernandes)
 grama é amarga (Millor Fernandes)
AI, RAVEL. ARADOS, SERROTES E TORRES SÓ DARA LEVARIA. ELA FOI-SE (MARCELO COIMBRA FURTADO)
ai, ravel. arados, serrotes e torres só dara levaria. ela foi-se (marcelo coimbra furtado)
Ai,Ravel.Arados,serrotesetorressóDaralevaria.Elafoi-se(MarceloCoimbraFurtado)
i, Ravel. rados, serrotes e torres só Dara levaria. Ela foi-se (Marcelo Coimbra Furtado)
A LEDA, SACANA, IA NA CASA DELA. (MARCELO COIMBRA FURTADO)
a leda, sacana, ia na casa dela. (marcelo coimbra furtado)
Aleda,sacana,ianacasadela.(MarceloCoimbraFurtado)
 leda, sacana, ia na casa dela. (Marcelo Coimbra Furtado)
A LUPA PULA (CATARINA LINS)
a lupa pula (catarina lins)
Alupapula(CatarinaLins)
 lupa pula (Catarina Lins)
A MÁ (BOA?) NOVA LÊ BONO: NOBEL AVON A OBAMA (LEO CUNHA)
a má (boa?) nova lê bono: nobel avon a obama (leo cunha)
Amá(boa?)novalêBono:NobelAvonaObama(LeoCunha)
 má (boa?) nova lê Bono: Nobel von a Obama (Leo Cunha)
A MACA DOS SONOS SÓ DÁ CAMA (MATEUS S. THIMÓTEO)
a maca dos sonos só dá cama (mateus s. thimóteo)
Amacadossonossódácama(MateusS.Thimóteo)
 maca dos sonos só dá cama (Mateus S. Thimóteo)
A MALA NADA NA LAMA (MILLOR FERNANDES)
a mala nada na lama (millor fernandes)
Amalanadanalama(MillorFernandes)
 mala nada na lama (Millor Fernandes)
A MIRA DA RIMA (MATEUS S. THIMÓTEO)
a mira da rima (mateus s. thimóteo)
Amiradarima(MateusS.Thimóteo)
 mira da rima (Mateus S. Thimóteo)
A MISS É PÉSSIMA!
a miss é péssima!
Amissépéssima!
 miss é péssima!
À RITA, SÁTIRA! (MATEUS S. THIMÓTEO)
à rita, sátira! (mateus s. thimóteo)
ÀRita,sátira!(MateusS.Thimóteo)
 Rita, sátira! (Mateus S. Thimóteo)
A, SEU GU, TROPA DA PORTUGUESA? (MATEUS S. THIMÓTEO)
a, seu gu, tropa da portuguesa? (mateus s. thimóteo)
A,seuGu,tropadaportuguesa?(MateusS.Thimóteo)
, seu Gu, tropa da portuguesa? (Mateus S. Thimóteo)
AMARGA-ME A DROGA, A GORDA É MAGRA MÁ (ROGÉRIO DUARTE FILHO)
amarga-me a droga, a gorda é magra má (rogério duarte filho)
Amarga-meadroga,agordaémagramá(RogérioDuarteFilho)
marga-me a droga, a gorda é magra má (Rogério Duarte Filho)
AMO OMÃ. SE ROMA ME TEM AMORES, AMO OMÃ! (MATEUS S. THIMÓTEO)
amo omã. se roma me tem amores, amo omã! (mateus s. thimóteo)
AmoOmã.SeRomametemamores,amoOmã!(MateusS.Thimóteo)
mo Omã. Se Roma me tem amores, amo Omã! (Mateus S. Thimóteo)
ARROZ É ZORRA (FERNANDO FONSECA)
arroz é zorra (fernando fonseca)
Arrozézorra(FernandoFonseca)
rroz é zorra (Fernando Fonseca)
ACATA O DANADO... E O DANADO ATACA!
acata o danado... e o danado ataca!
Acataodanado...eodanadoataca!
cata o danado... e o danado ataca!
ACINTE ANIMAL: AOS SOPAPOS, SOA LÂMINA ÉTNICA. (BETO FURQUIM)
acinte animal: aos sopapos, soa lâmina étnica. (beto furquim)
Acinteanimal:aossopapos,soalâminaétnica.(BetoFurquim)
cinte animal: aos sopapos, soa lâmina étnica. (Beto Furquim)
ACUDA CADELA DA LEDA CADUCA (RÔMULO MARINHO)
acuda cadela da leda caduca (rômulo marinho)
AcudacadeladaLedacaduca(RômuloMarinho)
cuda cadela da Leda caduca (Rômulo Marinho)
ATÉ REAGAN SIBARITA TIRA BISNAGA ERETA (CHICO BUARQUE DE HOLLANDA)
até reagan sibarita tira bisnaga ereta (chico buarque de hollanda)
AtéReagansibaritatirabisnagaereta(ChicoBuarquedeHollanda)
té Reagan sibarita tira bisnaga ereta (Chico Buarque de Hollanda)
ATÉ REAGAN SIBARITA TIRA BISNAGA ERETA (CHICO BUARQUE DE HOLLANDA)
até reagan sibarita tira bisnaga ereta (chico buarque de hollanda)
AtéReagansibaritatirabisnagaereta(ChicoBuarquedeHollanda)
té Reagan sibarita tira bisnaga ereta (Chico Buarque de Hollanda)
A DANIELA AMA A LEI? NADA! (MARCELO COIMBRA FURTADO)
a daniela ama a lei? nada! (marcelo coimbra furtado)
ADanielaamaalei?Nada!(MarceloCoimbraFurtado)
 Daniela ama a lei? Nada! (Marcelo Coimbra Furtado)
ADIAS A DATA DA SAÍDA (MARCELO COIMBRA FURTADO)
adias a data da saída (marcelo coimbra furtado)
Adiasadatadasaída(MarceloCoimbraFurtado)
dias a data da saída (Marcelo Coimbra Furtado)
ADIAS AÉREA SAÍDA. (BETO FURQUIM)
adias aérea saída. (beto furquim)
Adiasaéreasaída.(BetoFurquim)
dias aérea saída. (Beto Furquim)
AH, 'LEVA EU', QUE A VELHA... (MATEUS S. THIMÓTEO)
ah, 'leva eu', que a velha... (mateus s. thimóteo)
Ah,'levaeu',queavelha...(MateusS.Thimóteo)
h, 'leva eu', que a velha... (Mateus S. Thimóteo)
AH, LIVRE ERA PAPAI NOEL, LEON IA PAPAR É ERVILHA. (ROGÉRIO DUARTE FILHO)
ah, livre era papai noel, leon ia papar é ervilha. (rogério duarte filho)
Ah,livreerapapainoel,leoniapaparéervilha.(RogérioDuarteFilho)
h, livre era papai noel, leon ia papar é ervilha. (Rogério Duarte Filho)
AI, RAVEL, ARADOS, SERROTES E TORRES, SÓ DARA LEVARIA (MARCELO COIMBRA FURTADO)
ai, ravel, arados, serrotes e torres, só dara levaria (marcelo coimbra furtado)
Ai,Ravel,arados,serrotesetorres,sóDaralevaria(MarceloCoimbraFurtado)
i, Ravel, arados, serrotes e torres, só Dara levaria (Marcelo Coimbra Furtado)
AJUDEM EDU JÁ! (ÂNDREY GALVÃO)
ajudem edu já! (ândrey galvão)
AjudemEdujá!(ÂndreyGalvão)
judem Edu já! (Ândrey Galvão)
AMARGA É A MACA - TIRA-A, RITA! CAMA É A GRAMA... (MARCOS CHRISPIM)
amarga é a maca - tira-a, rita! cama é a grama... (marcos chrispim)
Amargaéamaca-tira-a,Rita!camaéagrama...(MarcosChrispim)
marga é a maca - tira-a, Rita! cama é a grama... (Marcos Chrispim)
AME A EMA
ame a ema
Ameaema
me a ema
AME O POEMA
ame o poema
Ameopoema
me o poema
AMIL, MERA GULA, É DIA, IDE ALUGAR EM LIMA (ÂNDREY GALVÃO)
amil, mera gula, é dia, ide alugar em lima (ândrey galvão)
Amil,meragula,édia,idealugaremLima(ÂndreyGalvão)
mil, mera gula, é dia, ide alugar em Lima (Ândrey Galvão)
AMOR, ANIVERSÁRIO: SÓ IRAS REVI NA ROMA (EDUARDO BANKS)
amor, aniversário: só iras revi na roma (eduardo banks)
Amor,aniversário:sóirasrevinaRoma(EduardoBanks)
mor, aniversário: só iras revi na Roma (Eduardo Banks)
AMOR ME AÇODA, AVIVA, ADOÇA EM ROMA. (BETO FURQUIM)
amor me açoda, aviva, adoça em roma. (beto furquim)
Amormeaçoda,aviva,adoçaemRoma.(BetoFurquim)
mor me açoda, aviva, adoça em Roma. (Beto Furquim)
AMORA ME TEM AROMA
amora me tem aroma
Amorametemaroma
mora me tem aroma
ANA, CASE, ESSE É SACANA
ana, case, esse é sacana
Ana,case,esseésacana
na, case, esse é sacana
ANA LAVA LANA
ana lava lana
AnalavaLana
na lava Lana
ANA ME ROLA, CALOR EMANA...
ana me rola, calor emana...
Anamerola,caloremana...
na me rola, calor emana...
ANA (E DARI) IRÁ RELER ARI; IRA DE ANA. (FILIPE PRATES)
ana (e dari) irá reler ari; ira de ana. (filipe prates)
Ana(eDari)irárelerAri;iradeAna.(FilipePrates)
na (e Dari) irá reler ri; ira de na. (Filipe Prates)
ANA PENÉLOPE ARDER A LUA ACITORE É ERÓTICA AULA REDRA E PÓLEN E PANA. (EDUARDO BANKS)
ana penélope arder a lua acitore é erótica aula redra e pólen e pana. (eduardo banks)
AnaPenélopearderaLuaacitoreéeróticaaularedraepólenepana.(EduardoBanks)
na Penélope arder a Lua acitore é erótica aula redra e pólen e pana. (Eduardo Banks)
ANDE LOGO, ELA VALE O GOL, EDNA! (MARCELO COIMBRA FURTADO)
ande logo, ela vale o gol, edna! (marcelo coimbra furtado)
Andelogo,elavaleogol,Edna!(MarceloCoimbraFurtado)
nde logo, ela vale o gol, Edna! (Marcelo Coimbra Furtado)
ANOTARAM A DATA DA MARATONA (FRANÇOIS S. OLIVEIRA)
anotaram a data da maratona (françois s. oliveira)
Anotaramadatadamaratona(FrançoisS.Oliveira)
notaram a data da maratona (François S. Oliveira)
A PATETA AMA ATÉ TAPA...
a pateta ama até tapa...
Apatetaamaatétapa...
 pateta ama até tapa...
A PORTA RANGIA À IGNARA TROPA
a porta rangia à ignara tropa
Aportarangiaàignaratropa
 porta rangia à ignara tropa
APÓS A SOPA
após a sopa
Apósasopa
pós a sopa
A RARA ARARA
a rara arara
Araraarara
 rara arara
AR GERA REGRA (MATEUS S. THIMÓTEO)
ar gera regra (mateus s. thimóteo)
Argeraregra(MateusS.Thimóteo)
r gera regra (Mateus S. Thimóteo)
ARARÁS. A CUCA RODA. ATA É BOM SEMEAR. ASSEM-A SEM OVO, MÊS A MÊS, SARA. E MESMO BEATA, A DOR, A CUCA SARARÁ. (ALMI CARDOSO DA SILVA)
ararás. a cuca roda. ata é bom semear. assem-a sem ovo, mês a mês, sara. e mesmo beata, a dor, a cuca sarará. (almi cardoso da silva)
Ararás.Acucaroda.Ataébomsemear.Assem-asemovo,mêsamês,sara.Emesmobeata,ador,acucasarará.(AlmiCardosodaSilva)
rarás.  cuca roda. ta é bom semear. ssem-a sem ovo, mês a mês, sara. E mesmo beata, a dor, a cuca sarará. (lmi Cardoso da Silva)
ARFAS A ARAR SOLOS; RARA, A SAFRA. (BETO FURQUIM)
arfas a arar solos; rara, a safra. (beto furquim)
Arfasaararsolos;rara,asafra.(BetoFurquim)
rfas a arar solos; rara, a safra. (Beto Furquim)
A RITA, SOBRE VOVÔ, VERBOS ATIRA (RÔMULO MARINHO)
a rita, sobre vovô, verbos atira (rômulo marinho)
ARita,sobrevovô,verbosatira(RômuloMarinho)
 Rita, sobre vovô, verbos atira (Rômulo Marinho)
A RODA DA DORA
a roda da dora
ArodadaDora
 roda da Dora
ARO, FALA OBA IDEM*. EDU, TIVE O DNA DUM ECO DESSE. AÍ MOÇO, TOMA. ZEDI, PARE DE LER E VAI, IDE E LEVAI. DANIEL EI VAI RODA TU P*. MOÇO, O COMPUTADOR IA, VI ELE INADIÁVEL, E EDI IA VER ELE DE RAPIDEZ A MOTO. COMI A ESSE DOCE MUDANDO E VI TU DE MEDIA BOA LÁ FORA.(ÂNDREY GALVÃO)
aro, fala oba idem*. edu, tive o dna dum eco desse. aí moço, toma. zedi, pare de ler e vai, ide e levai. daniel ei vai roda tu p*. moço, o computador ia, vi ele inadiável, e edi ia ver ele de rapidez a moto. comi a esse doce mudando e vi tu de media boa lá fora.(ândrey galvão)
Aro,falaobaidem*.Edu,tiveodnadumecodesse.Aímoço,toma.Zedi,paredelerevai,ideelevai.Danieleivairodatup*.Moço,ocomputadoria,vieleinadiável,eEdiiaverelederapidezamoto.Comiaessedocemudandoevitudemediaboaláfora.(ÂndreyGalvão)
ro, fala oba idem*. Edu, tive o dna dum eco desse. í moço, toma. Zedi, pare de ler e vai, ide e levai. Daniel ei vai roda tu p*. Moço, o computador ia, vi ele inadiável, e Edi ia ver ele de rapidez a moto. Comi a esse doce mudando e vi tu de media boa lá fora.(Ândrey Galvão)
AROMA. ME SUPUS EM AMORA. (BETO FURQUIM)
aroma. me supus em amora. (beto furquim)
Aroma.Mesupusemamora.(BetoFurquim)
roma. Me supus em amora. (Beto Furquim)
A SACADA DA CASA
a sacada da casa
Asacadadacasa
 sacada da casa
A SEMANA TODA LEMOS: SÓ MELADO TÁ NA MESA (MARCELO COIMBRA FURTADO)
a semana toda lemos: só melado tá na mesa (marcelo coimbra furtado)
Asemanatodalemos:sómeladotánamesa(MarceloCoimbraFurtado)
 semana toda lemos: só melado tá na mesa (Marcelo Coimbra Furtado)
APÓS A NEGRA FALARÁS: SARA LAFARGE NA SOPA! (EUCLIDES JOSÉ MACIEL MARQUES)
após a negra falarás: sara lafarge na sopa! (euclides josé maciel marques)
Apósanegrafalarás:SaraLafargenasopa!(EuclidesJoséMacielMarques)
pós a negra falarás: Sara Lafarge na sopa! (Euclides José Maciel Marques)
ARAME NA CIDADE? MELE-O! ELE FAZ A FÉ, LÉO! ELE ME DÁ DICA, NÉ, MARA? (MATEUS S. THIMÓTEO)
arame na cidade? mele-o! ele faz a fé, léo! ele me dá dica, né, mara? (mateus s. thimóteo)
Aramenacidade?Mele-o!Elefazafé,Léo!Elemedádica,né,Mara?(MateusS.Thimóteo)
rame na cidade? Mele-o! Ele faz a fé, Léo! Ele me dá dica, né, Mara? (Mateus S. Thimóteo)
ARARA, VI PACA E A CAPIVARA. RÁ! (MATEUS S. THIMÓTEO)
arara, vi paca e a capivara. rá! (mateus s. thimóteo)
Arara,vipacaeacapivara.Rá!(MateusS.Thimóteo)
rara, vi paca e a capivara. Rá! (Mateus S. Thimóteo)
ASA, CANETA, ARROZ, RADAR, ZORRA: ATÉ NA CASA? (MATEUS S. THIMÓTEO)
asa, caneta, arroz, radar, zorra: até na casa? (mateus s. thimóteo)
Asa,caneta,arroz,radar,zorra:aténacasa?(MateusS.Thimóteo)
sa, caneta, arroz, radar, zorra: até na casa? (Mateus S. Thimóteo)
ASSIM A AIA IA À MISSA (MILLOR FERNANDES)
assim a aia ia à missa (millor fernandes)
Assimaaiaiaàmissa(MillorFernandes)
ssim a aia ia à missa (Millor Fernandes)
ASSIM A ALUNA ANULA A MISSA
assim a aluna anula a missa
Assimaalunaanulaamissa
ssim a aluna anula a missa
ATÉ NA CANA, TO NA LUA. PAUL, ANOTA NA CANETA (ÂNDREY GALVÃO)
até na cana, to na lua. paul, anota na caneta (ândrey galvão)
Aténacana,tonaLua.Paul,anotanacaneta(ÂndreyGalvão)
té na cana, to na Lua. Paul, anota na caneta (Ândrey Galvão)
ATÉ REAGAN SIBARITA TIRA BISNAGA ERETA (CHICO BUARQUE)
até reagan sibarita tira bisnaga ereta (chico buarque)
AtéReagansibaritatirabisnagaereta(ChicoBuarque)
té Reagan sibarita tira bisnaga ereta (Chico Buarque)
A SOGRA MÁ E AMARGOSA
a sogra má e amargosa
Asogramáeamargosa
 sogra má e amargosa
ATINO?BANANA BONITA.
atino?banana bonita.
Atino?bananabonita.
tino?banana bonita.
ATLAS, OMISSÍSSIMO, SALTA. (BETO FURQUIM)
atlas, omissíssimo, salta. (beto furquim)
Atlas,omissíssimo,salta.(BetoFurquim)
tlas, omissíssimo, salta. (Beto Furquim)
ATO IDIOTA
ato idiota
Atoidiota
to idiota
A TORRE DA DERROTA
a torre da derrota
Atorredaderrota
 torre da derrota
AULA NA LUA (MATEUS S. THIMÓTEO)
aula na lua (mateus s. thimóteo)
AulanaLua(MateusS.Thimóteo)
ula na Lua (Mateus S. Thimóteo)
AULA SOBRE VERBOS À LUA (MATEUS S. THIMÓTEO)
aula sobre verbos à lua (mateus s. thimóteo)
AulasobreverbosàLua(MateusS.Thimóteo)
ula sobre verbos à Lua (Mateus S. Thimóteo)
A VARIG GIRAVA (DIOGO VASCONCELLOS LIMA)
a varig girava (diogo vasconcellos lima)
AVariggirava(DiogoVasconcellosLima)
 Varig girava (Diogo Vasconcellos Lima)
A VARIG GIRAVA (DIOGO VASCONCELLOS LIMA)
a varig girava (diogo vasconcellos lima)
AVariggirava(DiogoVasconcellosLima)
 Varig girava (Diogo Vasconcellos Lima)
AVE VELOZ O LEVE. VÁ!
ave veloz o leve. vá!
Avevelozoleve.Vá!
ve veloz o leve. Vá!
É A MATEIRA MARIETA MÃE?
é a mateira marieta mãe?
ÉamateiraMarietamãe?
 a mateira Marieta mãe?
É COVA! PUXA, AMO TOSSIR E AME! DE O DNA RÔ! MANO, A THAISI? AH, TÃO NAMORANDO! É DE MÃE (RISSO). TOMA, AXU PÁ VOCE! (ÂNDREY GALVÃO BARBOSA)
é cova! puxa, amo tossir e ame! de o dna rô! mano, a thaisi? ah, tão namorando! é de mãe (risso). toma, axu pá voce! (ândrey galvão barbosa)
Écova!Puxa,amotossireame!DeodnaRô!Mano,aThaisi?Ah,tãonamorando!Édemãe(risso).Toma,axupávoce!(ÂndreyGalvãoBarbosa)
 cova! Puxa, amo tossir e ame! De o dna Rô! Mano, a Thaisi? Ah, tão namorando!  de mãe (risso). Toma, axu pá voce! (Ândrey Galvão Barbosa)
E AMARO? FAZ A PAZ AFORA, MÃE. (BRUNO PRATES)
e amaro? faz a paz afora, mãe. (bruno prates)
EAmaro?Fazapazafora,mãe.(BrunoPrates)
 Amaro? Faz a paz afora, mãe. (Bruno Prates)
E ASSIM A MISSA É
e assim a missa é
Eassimamissaé
 assim a missa é
E ATÉ O PAPA POETA É” (RÔMULO MARINHO)
e até o papa poeta é” (rômulo marinho)
EatéoPapapoetaé”(RômuloMarinho)
 até o Papa poeta é” (Rômulo Marinho)
É, FALA! A, REZA! FALA! Ó, JURA: MÃO DE 11 É DO(A) MARUJO(A) LÁ, FAZER A ALÁ FÉ! (MATEUS S. THIMÓTEO)
é, fala! a, reza! fala! ó, jura: mão de 11 é do(a) marujo(a) lá, fazer a alá fé! (mateus s. thimóteo)
É,fala!A,reza!Fala!Ó,jura:mãode11édo(a)marujo(a)Lá,fazeraAláfé!(MateusS.Thimóteo)
, fala! A, reza! Fala! Ó, jura: mão de 11 é do(a) marujo(a) Lá, fazer a Alá fé! (Mateus S. Thimóteo)
E LEDA, SACANA, IA NA CASA DELE (MARCELO COIMBRA FURTADO)
e leda, sacana, ia na casa dele (marcelo coimbra furtado)
ELeda,sacana,ianacasadele(MarceloCoimbraFurtado)
 Leda, sacana, ia na casa dele (Marcelo Coimbra Furtado)
EMA, SÓ APÓS MERECEREM SOPA OS AME. (BETO FURQUIM)
ema, só após merecerem sopa os ame. (beto furquim)
Ema,sóapósmereceremsopaosame.(BetoFurquim)
ma, só após merecerem sopa os ame. (Beto Furquim)
ELE PADECE DA PELE
ele padece da pele
Elepadecedapele
le padece da pele
E TELAS ERAM USADAS À CANETA ATÉ NA CASA DA SUMARÉ, SALETE!
e telas eram usadas à caneta até na casa da sumaré, salete!
EtelaseramusadasàcanetaaténacasadaSumaré,Salete!
 telas eram usadas à caneta até na casa da Sumaré, Salete!
E TOMA, LEVA, RODA A MISSA. REZA FARÁ PRAZER... E LAVE-ME, ÓTIMO É O DEMO, EVITE O AZAR, EVITE-SE ESSE MÊS. ACORDE PEDROCA SEM ESSE (E SE TIVE RAZÃO, E TIVE) O MEDO É O MITO E ME VALE REZAR PARA FAZER ASSIM. À ADORÁVEL, AMO-TE. (ROGÉRIO DUARTE FILHO)
e toma, leva, roda a missa. reza fará prazer... e lave-me, ótimo é o demo, evite o azar, evite-se esse mês. acorde pedroca sem esse (e se tive razão, e tive) o medo é o mito e me vale rezar para fazer assim. à adorável, amo-te. (rogério duarte filho)
Etoma,leva,rodaamissa.Rezafaráprazer...elave-me,ótimoéodemo,eviteoazar,evite-seessemês.Acordepedrocasemesse(esetiverazão,etive)omedoéomitoemevalerezarparafazerassim.ÀAdorável,amo-te.(RogérioDuarteFilho)
 toma, leva, roda a missa. Reza fará prazer... e lave-me, ótimo é o demo, evite o azar, evite-se esse mês. Acorde pedroca sem esse (e se tive razão, e tive) o medo é o mito e me vale rezar para fazer assim. À Adorável, amo-te. (Rogério Duarte Filho)
E TROCA A CORTE! (MATEUS S. THIMÓTEO)
e troca a corte! (mateus s. thimóteo)
Etrocaacorte!(MateusS.Thimóteo)
 troca a corte! (Mateus S. Thimóteo)
E VÁ APÓS A SOPA, AVE! (MATEUS S. THIMÓTEO)
e vá após a sopa, ave! (mateus s. thimóteo)
Eváapósasopa,ave!(MateusS.Thimóteo)
 vá após a sopa, ave! (Mateus S. Thimóteo)
É VOLITAR TER A AVE... LICO DOMINA E LÊ. ÁTICA, ANA MORALE, A TI, PAOLO, TODAVIA, RELÊ. ASSINADA, ELA FALA: ‘– SAI, CALA, FOGE, RETRATA, VÁ, Ó SATIM! (REPETEM O NOSSO NOME). TE PERMITAS O AVATAR TER EGO. FALÁCIAS, ALÁ, FALE À DANISSA!’ ELE, RAIVA DO TOLO, APITA... ELA, ROMANA, A CITA. ELE, ÂNIMO DÓCIL... EVA, A RETRÁTIL, O VÊ! (HERBERT SAAVEDRA)
é volitar ter a ave... lico domina e lê. ática, ana morale, a ti, paolo, todavia, relê. assinada, ela fala: ‘– sai, cala, foge, retrata, vá, ó satim! (repetem o nosso nome). te permitas o avatar ter ego. falácias, alá, fale à danissa!’ ele, raiva do tolo, apita... ela, romana, a cita. ele, ânimo dócil... eva, a retrátil, o vê! (herbert saavedra)
Évolitarteraave...Licodominaelê.Ática,AnaMorale,ati,Paolo,todavia,relê.Assinada,elafala:‘–Sai,cala,foge,retrata,vá,óSatim!(repetemonossonome).Tepermitasoavatarterego.Falácias,Alá,faleàDanissa!’Ele,raivadotolo,apita...Ela,romana,acita.Ele,ânimodócil...Eva,aretrátil,ovê!(HerbertSaavedra)
 volitar ter a ave... Lico domina e lê. Ática, Ana Morale, a ti, Paolo, todavia, relê. Assinada, ela fala: ‘– Sai, cala, foge, retrata, vá, ó Satim! (repetem o nosso nome). Te permitas o avatar ter ego. Falácias, Alá, fale à Danissa!’ Ele, raiva do tolo, apita... Ela, romana, a cita. Ele, ânimo dócil... Eva, a retrátil, o vê! (Herbert Saavedra)
EM RODA, TROPA, APÓS A SOPA, À PORTA DORME (RÔMULO MARINHO)
em roda, tropa, após a sopa, à porta dorme (rômulo marinho)
Emroda,tropa,apósasopa,àportadorme(RômuloMarinho)
m roda, tropa, após a sopa, à porta dorme (Rômulo Marinho)
ÉSIO, FALE! AI, RAVEL, ARADOS, SERROTES E TORRES SÓ DARA LEVARIA. ELA FOI-SE (MARCELO COIMBRA FURTADO)
ésio, fale! ai, ravel, arados, serrotes e torres só dara levaria. ela foi-se (marcelo coimbra furtado)
Ésio,fale!Ai,Ravel,arados,serrotesetorressóDaralevaria.Elafoi-se(MarceloCoimbraFurtado)
sio, fale! Ai, Ravel, arados, serrotes e torres só Dara levaria. Ela foi-se (Marcelo Coimbra Furtado)
ÉS SAPO? PASSE
és sapo? passe
Éssapo?Passe
s sapo? Passe
ETA, LONGE EGNO LATE (MATEUS S. THIMÓTEO)
eta, longe egno late (mateus s. thimóteo)
Eta,longeEgnolate(MateusS.Thimóteo)
ta, longe gno late (Mateus S. Thimóteo)
EU, NETO; VOVÔ, TÊNUE (LEO CUNHA)
eu, neto; vovô, tênue (leo cunha)
Eu,neto;vovô,tênue(LeoCunha)
u, neto; vovô, tênue (Leo Cunha)
EVA, ASSE ESSA AVE
eva, asse essa ave
Eva,asseessaave
va, asse essa ave
EVA, ASSE E PAPE ESSA AVE
eva, asse e pape essa ave
Eva,asseepapeessaave
va, asse e pape essa ave
IA, VEM E VAI (MATEUS S. THIMÓTEO)
ia, vem e vai (mateus s. thimóteo)
Ia,vemevai(MateusS.Thimóteo)
a, vem e vai (Mateus S. Thimóteo)
IAS EM MISSA? LOGO O GOL ASSIM ME SAI... (MARCOS CHRISPIM)
ias em missa? logo o gol assim me sai... (marcos chrispim)
Iasemmissa?Logoogolassimmesai...(MarcosChrispim)
as em missa? Logo o gol assim me sai... (Marcos Chrispim)
ÍRIS AMA SIRI (ÍTALO LOURENÇO)
íris ama siri (ítalo lourenço)
Írisamasiri(ÍtaloLourenço)
ris ama siri (talo Lourenço)
ÍTALO, LATI (MATEUS S. THIMÓTEO)
ítalo, lati (mateus s. thimóteo)
Ítalo,lati(MateusS.Thimóteo)
talo, lati (Mateus S. Thimóteo)
FICA FÁCIL ESCREVER PALINDROMOS COM NOMES PRÓPRIOS, COMO FAZEM MEZAF OMOCSO, IRPORP SEMON, MOCS OMORD, NILA PREVERCS E LICA FACIF. (RODRIGO MARÇAL E MARCO VIEIRA)
fica fácil escrever palindromos com nomes próprios, como fazem mezaf omocso, irporp semon, mocs omord, nila prevercs e lica facif. (rodrigo marçal e marco vieira)
Ficafácilescreverpalindromoscomnomespróprios,comofazemMezafOmocso,IrporpSemon,MocsOmord,NilaPrevercseLicaFacif.(RodrigoMarçaleMarcoVieira)
ica fácil escrever palindromos com nomes próprios, como fazem Mezaf Omocso, Irporp Semon, Mocs Omord, Nila Prevercs e Lica acif. (Rodrigo Marçal e Marco Vieira)
GIRAVA VARIG (MATEUS S. THIMÓTEO)
girava varig (mateus s. thimóteo)
GiravaVarig(MateusS.Thimóteo)
irava Varig (Mateus S. Thimóteo)
HÁ GAZ NO GONZAGA. (ANTONIO DE CASTRO ROCHA JR)
há gaz no gonzaga. (antonio de castro rocha jr)
HágaznoGonzaga.(AntoniodeCastroRochaJr)
á gaz no Gonzaga. (Antonio de Castro Rocha Jr)
HÁ GAZ NO GONZAGA. (ANTONIO DE CASTRO ROCHA JR)
há gaz no gonzaga. (antonio de castro rocha jr)
HágaznoGonzaga.(AntoniodeCastroRochaJr)
á gaz no Gonzaga. (Antonio de Castro Rocha Jr)
HÁ GAZ NO GONZAGA. (ANTONIO DE CASTRO ROCHA JR)
há gaz no gonzaga. (antonio de castro rocha jr)
HágaznoGonzaga.(AntoniodeCastroRochaJr)
á gaz no Gonzaga. (Antonio de Castro Rocha Jr)
LAÇO BACANA PARA PANACA BOÇAL (RÔMULO MARINHO)
laço bacana para panaca boçal (rômulo marinho)
Laçobacanaparapanacaboçal(RômuloMarinho)
aço bacana para panaca boçal (Rômulo Marinho)
LAEL É LEAL! (RICARDO BIESEK)
lael é leal! (ricardo biesek)
Laeléleal!(RicardoBiesek)
ael é leal! (Ricardo Biesek)
LÁ TÁ NO NOVO; E SEM O CALIFA NA FILA COME-SE OVO NO NATAL. (ANTONIO PRATES)
lá tá no novo; e sem o califa na fila come-se ovo no natal. (antonio prates)
Látánonovo;esemocalifanafilacome-seovonoNatal.(AntonioPrates)
á tá no novo; e sem o califa na fila come-se ovo no Natal. (Antonio Prates)
LÁ TEM METAL.
lá tem metal.
Látemmetal.
á tem metal.
LAVO OVO OVAL (MATEUS S. THIMÓTEO)
lavo ovo oval (mateus s. thimóteo)
Lavoovooval(MateusS.Thimóteo)
avo ovo oval (Mateus S. Thimóteo)
LENA ME TEVE (TEM) ANEL (MATEUS S. THIMÓTEO)
lena me teve (tem) anel (mateus s. thimóteo)
Lenameteve(tem)anel(MateusS.Thimóteo)
ena me teve (tem) anel (Mateus S. Thimóteo)
LIGA: SE SOBES SEBOS, ÉS ÁGIL. (BETO FURQUIM)
liga: se sobes sebos, és ágil. (beto furquim)
Liga:sesobessebos,éságil.(BetoFurquim)
iga: se sobes sebos, és ágil. (Beto Furquim)
LIVRE DO PODER VIL (ROGÉRIO DUARTE FILHO)
livre do poder vil (rogério duarte filho)
Livredopodervil(RogérioDuarteFilho)
ivre do poder vil (Rogério Duarte Filho)
LUZA ROCELINA, A NAMORADA DO MANUEL, LEU NA “MODA DA ROMANA”: “ANIL É COR AZUL”
luza rocelina, a namorada do manuel, leu na “moda da romana”: “anil é cor azul”
LuzaRocelina,anamoradadoManuel,leuna“ModadaRomana”:“Anilécorazul”
uza Rocelina, a namorada do Manuel, leu na “Moda da Romana”: “Anil é cor azul”
MARIA, SELENA E ANELE SAÍRAM (EUCLIDES JOSÉ MACIEL MARQUES)
maria, selena e anele saíram (euclides josé maciel marques)
Maria,SelenaeAnelesaíram(EuclidesJoséMacielMarques)
aria, Selena e Anele saíram (Euclides José aciel arques)
MARUJOS SÓ JURAM
marujos só juram
Marujossójuram
arujos só juram
MATA DA TAM (MATEUS S. THIMÓTEO)
mata da tam (mateus s. thimóteo)
MatadaTAM(MateusS.Thimóteo)
ata da TA (ateus S. Thimóteo)
MODO: SOM TIRAMOS, SOMAMOS SOM A RITMOS: O DOM (RÔMULO MARINHO)
modo: som tiramos, somamos som a ritmos: o dom (rômulo marinho)
Modo:somtiramos,somamossomaritmos:odom(RômuloMarinho)
odo: som tiramos, somamos som a ritmos: o dom (Rômulo arinho)
MORRAM APÓS A SOPA MARROM
morram após a sopa marrom
Morramapósasopamarrom
orram após a sopa marrom
NAVIO MOCS? UEH, TA MATHEUS COM O IVAN? (IVAN SOUZA DE ANDRADE, P/ O FILHO, MATHEUS B.W.A)
navio mocs? ueh, ta matheus com o ivan? (ivan souza de andrade, p/ o filho, matheus b.w.a)
NavioMOCS?Ueh,taMatheuscomoIvan?(IvanSouzadeAndrade,p/ofilho,MatheusB.W.A)
avio MOCS? Ueh, ta Matheus com o Ivan? (Ivan Souza de Andrade, p/ o filho, Matheus B.W.A)
O CASO DA DROGA DA GORDA DO SACO
o caso da droga da gorda do saco
Ocasodadrogadagordadosaco
 caso da droga da gorda do saco
O CÉU SUECO
o céu sueco
Océusueco
 céu sueco
O CID É MÉDICO
o cid é médico
OCidémédico
 Cid é médico
O DECAMERÃO: ARE, MACEDO (EDUARDO BANKS)
o decamerão: are, macedo (eduardo banks)
ODecamerão:are,Macedo(EduardoBanks)
 Decamerão: are, Macedo (Eduardo Banks)
O DEMO É TEMA, SUA CAUSA METE O MEDO. (SAN TIAGO CARAÍVA)
o demo é tema, sua causa mete o medo. (san tiago caraíva)
ODemoétema,suacausameteomedo.(SanTiagoCaraíva)
 Demo é tema, sua causa mete o medo. (San Tiago Caraíva)
ÓDIO DO DOIDO!
ódio do doido!
Ódiododoido!
dio do doido!
O GAL. LENO ROCA, À PORTA DA CIDADE, A PORTADOR RELATA FATAL ERRO DA TROPA E DÁ DICA DA TROPA A CORONEL LAGO (RÔMULO MARINHO)
o gal. leno roca, à porta da cidade, a portador relata fatal erro da tropa e dá dica da tropa a coronel lago (rômulo marinho)
OGal.LenoRoca,àportadacidade,aportadorrelatafatalerrodatropaedádicadatropaaCoronelLago(RômuloMarinho)
 Gal. Leno Roca, à porta da cidade, a portador relata fatal erro da tropa e dá dica da tropa a Coronel Lago (Rômulo Marinho)
O GALO AMA O LAGO
o galo ama o lago
Ogaloamaolago
 galo ama o lago
O GALO NO LAGO
o galo no lago
Ogalonolago
 galo no lago
Ó, MAS ADORO RODAS: AMO! (MATEUS S. THIMÓTEO)
ó, mas adoro rodas: amo! (mateus s. thimóteo)
Ó,masadororodas:amo!(MateusS.Thimóteo)
, mas adoro rodas: amo! (Mateus S. Thimóteo)
OH! LIMONADA NO MILHO? (MARCELO COIMBRA FURTADO)
oh! limonada no milho? (marcelo coimbra furtado)
Oh!Limonadanomilho?(MarceloCoimbraFurtado)
h! Limonada no milho? (Marcelo Coimbra Furtado)
OH NOSSAS LUVAS AVULSAS, SONHO... (ROGÉRIO DUARTE FILHO)
oh nossas luvas avulsas, sonho... (rogério duarte filho)
Ohnossasluvasavulsas,sonho...(RogérioDuarteFilho)
h nossas luvas avulsas, sonho... (Rogério Duarte Filho)
OH, NÓ DE MARA MEDONHO!(GLETSON AGUIAR MARTINS)
oh, nó de mara medonho!(gletson aguiar martins)
Oh,nódeMaramedonho!(GletsonAguiarMartins)
h, nó de Mara medonho!(Gletson Aguiar Martins)
OI, NÓ! MEDO DO DEMÔNIO? (MATEUS S. THIMÓTEO)
oi, nó! medo do demônio? (mateus s. thimóteo)
Oi,nó!Medododemônio?(MateusS.Thimóteo)
i, nó! Medo do demônio? (Mateus S. Thimóteo)
OI, NÓ! MEDO DO DEMÔNIO? (MATEUS S. THIMÓTEO)
oi, nó! medo do demônio? (mateus s. thimóteo)
Oi,nó!Medododemônio?(MateusS.Thimóteo)
i, nó! Medo do demônio? (Mateus S. Thimóteo)
OI! LEVA ARARA? - AVE LIO!
oi! leva arara? - ave lio!
Oi!Levaarara?-AveLio!
i! Leva arara? - Ave Lio!
O IVAN AMA NAVIO (IVAN NICOLI)
o ivan ama navio (ivan nicoli)
OIvanamanavio(IvanNicoli)
 Ivan ama navio (Ivan Nicoli)
OLÁ TIO ÍTALO (ÍTALO LOURENÇO)
olá tio ítalo (ítalo lourenço)
OlátioÍtalo(ÍtaloLourenço)
lá tio Ítalo (Ítalo Lourenço)
O LOBO AMA O BOLO
o lobo ama o bolo
Oloboamaobolo
 lobo ama o bolo
O MERO REMO (ÍTALO LOURENÇO)
o mero remo (ítalo lourenço)
Omeroremo(ÍtaloLourenço)
 mero remo (Ítalo Lourenço)
O MITO É ÓTIMO
o mito é ótimo
Omitoéótimo
 mito é ótimo
O PÓ DE COCAÍNA MATA MANÍACO CEDO, PÔ!
o pó de cocaína mata maníaco cedo, pô!
Opódecocaínamatamaníacocedo,pô!
 pó de cocaína mata maníaco cedo, pô!
O PÓ DE COCAÍNA MATA MANÍACO CEDO, PÔ!
o pó de cocaína mata maníaco cedo, pô!
Opódecocaínamatamaníacocedo,pô!
 pó de cocaína mata maníaco cedo, pô!
ORAR É EM MISSA? ASSIM ME É RARO! (MATEUS S. THIMÓTEO)
orar é em missa? assim me é raro! (mateus s. thimóteo)
Oraréemmissa?Assimmeéraro!(MateusS.Thimóteo)
rar é em missa? Assim me é raro! (Mateus S. Thimóteo)
O ROMANO ACATA AMORES A DAMAS AMADAS E ROMA ATACA O NAMORO
o romano acata amores a damas amadas e roma ataca o namoro
OromanoacataamoresadamasamadaseRomaatacaonamoro
 romano acata amores a damas amadas e Roma ataca o namoro
O ROMANO DO NAMORO (MATEUS S. THIMÓTEO)
o romano do namoro (mateus s. thimóteo)
Oromanodonamoro(MateusS.Thimóteo)
 romano do namoro (Mateus S. Thimóteo)
OSLO: O CLÃ É DE ÁLCOOL SÓ (LEO CUNHA)
oslo: o clã é de álcool só (leo cunha)
Oslo:oclãédeálcoolsó(LeoCunha)
slo: o clã é de álcool só (Leo Cunha)
O TAL É O RIO LEVE NA NEVE LOIRO E LATO (ROBERTO F. SILVESTRE)
o tal é o rio leve na neve loiro e lato (roberto f. silvestre)
Otaléoriolevenaneveloiroelato(RobertoF.Silvestre)
 tal é o rio leve na neve loiro e lato (Roberto F. Silvestre)
O TAPA. OH! LI-ME, DATENA. COMA ARROZ. Ó, NÃO É O ANO. ZORRA: AMO: CANETA; DE MILHO A PATO (MATEUS S. THIMÓTEO)
o tapa. oh! li-me, datena. coma arroz. ó, não é o ano. zorra: amo: caneta; de milho a pato (mateus s. thimóteo)
Otapa.Oh!Li-me,Datena.Comaarroz.Ó,nãoéoano.Zorra:amo:caneta;demilhoapato(MateusS.Thimóteo)
 tapa. h! Li-me, Datena. Coma arroz. Ó, não é o ano. Zorra: amo: caneta; de milho a pato (Mateus S. Thimóteo)
O TEU DRAMA É AMAR DUETO
o teu drama é amar dueto
Oteudramaéamardueto
 teu drama é amar dueto
O TERRÍVEL É ELE VIR RETO (RÔMULO MARINHO)
o terrível é ele vir reto (rômulo marinho)
Oterríveléelevirreto(RômuloMarinho)
 terrível é ele vir reto (Rômulo Marinho)
OTO COME DOCE SECO DE MOCOTÓ (RÔMULO MARINHO)
oto come doce seco de mocotó (rômulo marinho)
Otocomedocesecodemocotó(RômuloMarinho)
to come doce seco de mocotó (Rômulo Marinho)
OTO COME MOCOTÓ
oto come mocotó
Otocomemocotó
to come mocotó
O TRECO CERTO
o treco certo
Otrecocerto
 treco certo
O VOO DO OVO
o voo do ovo
Ovoodoovo
 voo do ovo
RAMO DO MAR (MATEUS S. THIMÓTEO)
ramo do mar (mateus s. thimóteo)
Ramodomar(MateusS.Thimóteo)
amo do mar (Mateus S. Thimóteo)
REVERTA É VERBO, O VIVO BREVE É, SABE BEM AMÁ-LO O LAMA, ME BEBA SE É VERBO VIVO, O BREVE ATREVER. (ROGÉRIO DUARTE FILHO)
reverta é verbo, o vivo breve é, sabe bem amá-lo o lama, me beba se é verbo vivo, o breve atrever. (rogério duarte filho)
Revertaéverbo,Ovivobreveé,Sabebemamá-looLama,Mebebaseéverbovivo,Obreveatrever.(RogérioDuarteFilho)
everta é verbo, O vivo breve é, Sabe bem amá-lo o Lama, Me beba se é verbo vivo, O breve atrever. (ogério Duarte Filho)
REZAR PRO PEDRO (MORDE POR PRAZER). (BRUNO PRATES)
rezar pro pedro (morde por prazer). (bruno prates)
RezarproPedro(mordeporprazer).(BrunoPrates)
ezar pro Pedro (morde por prazer). (Bruno Prates)
RIR, O BREVE VERBO RIR
rir, o breve verbo rir
Rir,obreveverborir
ir, o breve verbo rir
RODA ESSE CORPO, PROCESSE A DOR!
roda esse corpo, processe a dor!
Rodaessecorpo,processeador!
oda esse corpo, processe a dor!
ROMA É AMOR
roma é amor
Romaéamor
oma é amor
ROMA? EU? QUE AMOR... (MATEUS S. THIMÓTEO) - PRIMEIRA FRASE PALÍNDROMA COM A LETRA Q
roma? eu? que amor... (mateus s. thimóteo) - primeira frase palíndroma com a letra q
Roma?Eu?Queamor...(MateusS.Thimóteo)-primeirafrasepalíndromacomaletraQ
oma? Eu? Que amor... (Mateus S. Thimóteo) - primeira frase palíndroma com a letra Q
ROMA ME TEM AMOR
roma me tem amor
Romametemamor
oma me tem amor
SÁ DÁ TAPAS E SAPATADAS
sá dá tapas e sapatadas
Sádátapasesapatadas
á dá tapas e sapatadas
SÁ, GRAVE VARGAS
sá, grave vargas
Sá,graveVargas
á, grave Vargas
SAÍRAM O TIO E OITO MARIAS
saíram o tio e oito marias
Saíramotioeoitomarias
aíram o tio e oito marias
SAIS SEM O CASACO, MESSIAS?
sais sem o casaco, messias?
Saissemocasaco,Messias?
ais sem o casaco, Messias?
SALTA O ATLAS
salta o atlas
SaltaoAtlas
alta o Atlas
SALTARAM O MAR, ATLAS
saltaram o mar, atlas
Saltaramomar,Atlas
altaram o mar, Atlas
SECO DE RAIVA, COLOCO NO COLO CAVIAR E DOCES
seco de raiva, coloco no colo caviar e doces
Secoderaiva,coloconocolocaviaredoces
eco de raiva, coloco no colo caviar e doces
SEM O DOTE, É TODO MÊS
sem o dote, é todo mês
Semodote,étodomês
em o dote, é todo mês
SER BELO, LEBRES!
ser belo, lebres!
Serbelo,lebres!
er belo, lebres!
_SERES SARO HÁ HORAS! _SERES?!
_seres saro há horas! _seres?!
_Seressaroháhoras!_Seres?!
Seres saro há horas! Seres?!
SE ROTA, SÔ, AVE LEVA OS ATORES!
se rota, sô, ave leva os atores!
Serota,sô,avelevaosatores!
e rota, sô, ave leva os atores!
SOAM-ME ÓTIMOS OS REVERSOS: O MITO EM MÃOS!
soam-me ótimos os reversos: o mito em mãos!
Soam-meótimososreversos:omitoemmãos!
oam-me ótimos os reversos: o mito em mãos!
SÓ COM O TIO SOMÁVAMOS OITO MOÇOS
só com o tio somávamos oito moços
Sócomotiosomávamosoitomoços
ó com o tio somávamos oito moços
SÓ DNIRA MATA TAMARINDOS...
só dnira mata tamarindos...
SóDniramatatamarindos...
ó Dnira mata tamarindos...
SOCORRAM MARROCOS
socorram marrocos
SocorramMarrocos
ocorram Marrocos
SOCORRAM-ME EM MARROCOS!
socorram-me em marrocos!
Socorram-meemMarrocos!
ocorram-me em Marrocos!
SOCORRAM-ME, SUBI NO ÔNIBUS EM MARROCOS!
socorram-me, subi no ônibus em marrocos!
Socorram-me,subinoônibusemMarrocos!
ocorram-me, subi no ônibus em Marrocos!
SOLUÇOU EM MEU ÓCULOS
soluçou em meu óculos
Soluçouemmeuóculos
oluçou em meu óculos
SÓ MELADO TÁ NA MESA A SEMANA TODA, LEMOS!
só melado tá na mesa a semana toda, lemos!
Sómeladotánamesaasemanatoda,Lemos!
ó melado tá na mesa a semana toda, Lemos!
SORRI. P.S.: ESPIRROS!
sorri. p.s.: espirros!
Sorri.P.S.:espirros!
orri. P..: espirros!
SOS, A VARIG GIRAVA, SOS
sos, a varig girava, sos
SOS,AVariggirava,SOS
O, A Varig girava, O
SUBI NO ÔNIBUS
subi no ônibus
Subinoônibus
ubi no ônibus
SUBI NO ÔNIBUS
subi no ônibus
Subinoônibus
ubi no ônibus
SUBI NO ÔNIBUS
subi no ônibus
Subinoônibus
ubi no ônibus
SUBI NO ÔNIBUS
subi no ônibus
Subinoônibus
ubi no ônibus
SUBI NO ÔNIBUS
subi no ônibus
Subinoônibus
ubi no ônibus
TUCANO NA CUT
tucano na cut
TucanonaCUT
ucano na CU
ZÉ DE LIMA, RUA LAURA, MIL E DEZ
zé de lima, rua laura, mil e dez
ZédeLima,RuaLaura,miledez
é de Lima, Rua Laura, mil e dez
ZÉ DO DEZ
zé do dez
Zédodez
é do dez
LIVRO DA DOR VIL.
livro da dor vil.
Livrodadorvil.
ivro da dor vil.
O NORTON NO TRONO.
o norton no trono.
ONortonnotrono.
 Norton no trono.
O PAVÃO VÊ ARARA, SÓ VI URUBU RUIVO SARARÁ E VOAVA PÔ!
o pavão vê arara, só vi urubu ruivo sarará e voava pô!
Opavãovêarara,sóviuruburuivosararáevoavapô!
 pavão vê arara, só vi urubu ruivo sarará e voava pô!
RIA, SÓ TIVE SORTE MÁ, A METROS EVITO SAIR.
ria, só tive sorte má, a metros evito sair.
Ria,sótivesortemá,ametrosevitosair.
ia, só tive sorte má, a metros evito sair.
ACINTE ANIMAL: AOS SOPAPOS, SOA LÂMINA ÉTNICA. (BETO FURQUIM)
acinte animal: aos sopapos, soa lâmina étnica. (beto furquim)
Acinteanimal:aossopapos,soalâminaétnica.(BetoFurquim)
cinte animal: aos sopapos, soa lâmina étnica. (Beto Furquim)
ADIAS AÉREA SAÍDA. (BETO FURQUIM)
adias aérea saída. (beto furquim)
Adiasaéreasaída.(BetoFurquim)
dias aérea saída. (Beto Furquim)
AME A EMA.
ame a ema.
Ameaema.
me a ema.
AMAR DONATO IDIOTA NO DRAMA. (LAURA OLIVEIRA)
amar donato idiota no drama. (laura oliveira)
AmarDonatoidiotanodrama.(LauraOliveira)
mar Donato idiota no drama. (Laura Oliveira)
AMOR ME AÇODA, E AVIVA, E ADOÇA EM ROMA. (BETO FURQUIM)
amor me açoda, e aviva, e adoça em roma. (beto furquim)
Amormeaçoda,eaviva,eadoçaemRoma.(BetoFurquim)
mor me açoda, e aviva, e adoça em Roma. (Beto Furquim)
AMOR, ME AMA EM ROMA?
amor, me ama em roma?
Amor,meamaemRoma?
mor, me ama em Roma?
ANDE, EDNA.
ande, edna.
Ande,Edna.
nde, Edna.
ANTE ATLAS, OTO SALTA ETNA
ante atlas, oto salta etna
AnteAtlas,OtosaltaEtna
nte tlas, Oto salta Etna
APÓS A SOPA.
após a sopa.
Apósasopa.
pós a sopa.
ARRE! SEM O ERRE, O MÊS ERRA. (BETO FURQUIM)
arre! sem o erre, o mês erra. (beto furquim)
Arre!Semoerre,omêserra.(BetoFurquim)
rre! Sem o erre, o mês erra. (Beto Furquim)
ARFAS A ARAR SOLOS; RARA, A SAFRA. (BETO FURQUIM)
arfas a arar solos; rara, a safra. (beto furquim)
Arfasaararsolos;rara,asafra.(BetoFurquim)
rfas a arar solos; rara, a safra. (Beto Furquim)
ASSAM A MASSA.
assam a massa.
Assamamassa.
ssam a massa.
ASSIM A ALUNA ANULA A MISSA.
assim a aluna anula a missa.
Assimaalunaanulaamissa.
ssim a aluna anula a missa.
ATLAS, OMISSÍSSIMO, SALTA (BETO FURQUIM)
atlas, omissíssimo, salta (beto furquim)
Atlas,omissíssimo,salta(BetoFurquim)
tlas, omissíssimo, salta (Beto Furquim)
E ASSIM A MISSA É.
e assim a missa é.
Eassimamissaé.
 assim a missa é.
AI,É LEGAL A GELEIA
ai,é legal a geleia
Ai,élegalageleia
i,é legal a geleia
EMA, SÓ APÓS MERECEREM SOPA OS AME. (BETO FURQUIM)
ema, só após merecerem sopa os ame. (beto furquim)
Ema,sóapósmereceremsopaosame.(BetoFurquim)
ma, só após merecerem sopa os ame. (Beto Furquim)
EU, UÉ!
eu, ué!
Eu,ué!
u, ué!
EU ACUO LAURA NA CIRIRICA NA RUA LOUCA, UÉ (LAURA OLIVEIRA)
eu acuo laura na ciririca na rua louca, ué (laura oliveira)
EuacuoLauranaciriricanarualouca,ué(LauraOliveira)
u acuo Laura na ciririca na rua louca, ué (Laura Oliveira)
EVA, ASSE ESSA AVE.
eva, asse essa ave.
Eva,asseessaave.
va, asse essa ave.
LIGA: SE SOBES SEBOS, ÉS ÁGIL. (BETO FURQUIM)
liga: se sobes sebos, és ágil. (beto furquim)
Liga:sesobessebos,éságil.(BetoFurquim)
iga: se sobes sebos, és ágil. (Beto Furquim)
MATEM E METAM. (EUCLIDES JOSÉ MACIEL MARQUES)
matem e metam. (euclides josé maciel marques)
Matememetam.(EuclidesJoséMacielMarques)
atem e metam. (Euclides José aciel arques)
MAUS MATUTAM, SUAM. (BETO FURQUIM)
maus matutam, suam. (beto furquim)
Mausmatutam,suam.(BetoFurquim)
aus matutam, suam. (Beto Furquim)
MORRAM APÓS A SOPA MARROM.
morram após a sopa marrom.
Morramapósasopamarrom.
orram após a sopa marrom.
OMITIRAM RADAR MARÍTIMO.
omitiram radar marítimo.
Omitiramradarmarítimo.
mitiram radar marítimo.
OMITIRAM RADAR MARÍTIMO.
omitiram radar marítimo.
Omitiramradarmarítimo.
mitiram radar marítimo.
OMITIRAM RADAR MARÍTIMO.
omitiram radar marítimo.
Omitiramradarmarítimo.
mitiram radar marítimo.
OMITO OSSO ÓTIMO.
omito osso ótimo.
Omitoossoótimo.
mito osso ótimo.
ORAR É EM MISSA? ASSIM ME É RARO! (MATEUS S. THIMÓTEO)
orar é em missa? assim me é raro! (mateus s. thimóteo)
Oraréemmissa?Assimmeéraro!(MateusS.Thimóteo)
rar é em missa? Assim me é raro! (Mateus S. Thimóteo)
ORAS E SARO. (GUILHERME PEDROSO)
oras e saro. (guilherme pedroso)
Orasesaro.(GuilhermePedroso)
ras e saro. (Guilherme Pedroso)
OS MAIAS SAÍAM SÓ. (TULIO)
os maias saíam só. (tulio)
OsMaiassaíamsó.(Tulio)
s Maias saíam só. (Tulio)
RAUL E ÍRIS: APÓS SOPAPOS, SOPA, SIRI E LUAR. (BETO FURQUIM)
raul e íris: após sopapos, sopa, siri e luar. (beto furquim)
RauleÍris:apóssopapos,sopa,sirieluar.(BetoFurquim)
aul e Íris: após sopapos, sopa, siri e luar. (Beto Furquim)
ROMA É AMOR.
roma é amor.
Romaéamor.
oma é amor.
SALTA O ATLAS.
salta o atlas.
SaltaoAtlas.
alta o Atlas.
SOMAR ME EM RAMOS. (CELIA L. RIBEIRO)
somar me em ramos. (celia l. ribeiro)
SomarmeemRamos.(CeliaL.Ribeiro)
omar me em Ramos. (Celia L. Ribeiro)
ROMA ME TEM AMOR.
roma me tem amor.
Romametemamor.
oma me tem amor.
AULA NA RUA É AURA NA LUA (LAURA OLIVEIRA)
aula na rua é aura na lua (laura oliveira)
Aulanaruaéauranalua(LauraOliveira)
ula na rua é aura na lua (Laura Oliveira)
A DIVA DA DÍVIDA DA VIDA. (LAURA OLIVEIRA)
a diva da dívida da vida. (laura oliveira)
Adivadadívidadavida.(LauraOliveira)
 diva da dívida da vida. (Laura Oliveira)
SOCORRAM MARROCOS.
socorram marrocos.
SocorramMarrocos.
ocorram Marrocos.
SOMOS SERES, SOMOS?!?! SERES SOMOS !?!? (PAULO CEZAR ANTUNES JUNIOR)
somos seres, somos?!?! seres somos !?!? (paulo cezar antunes junior)
Somosseres,somos?!?!Seressomos!?!?(PauloCezarAntunesJunior)
omos seres, somos?!?! eres somos !?!? (Paulo Cezar Antunes Junior)
SOS: SOMOS SÓS
sos: somos sós
SOS:somossós
O: somos sós
ZED LOTA O ATOL DEZ (HEMETERIO)
zed lota o atol dez (hemeterio)
Zedlotaoatoldez(Hemeterio)
ed lota o atol dez (Hemeterio)
SOPAS SUAM, E SOLAR/SOMAR SOA ANIMAL MARÍTIMO; LIVRES ARES ANULA ACINTE, À REVIVER, A ÉTNICA ALUNA SERÁ SERVIL? OMITIRAM LÂMINA AOS RAMOS RALOS E MAUS SAPOS (GIULIANO FRATIN)
sopas suam, e solar/somar soa animal marítimo; livres ares anula acinte, à reviver, a étnica aluna será servil? omitiram lâmina aos ramos ralos e maus sapos (giuliano fratin)
Sopassuam,eSolar/Somarsoaanimalmarítimo;livresaresanulaacinte,àreviver,aétnicaalunaseráservil?Omitiramlâminaaosramosralosemaussapos(GiulianoFratin)
opas suam, e olar/omar soa animal marítimo; livres ares anula acinte, à reviver, a étnica aluna será servil? Omitiram lâmina aos ramos ralos e maus sapos (Giuliano Fratin)
SÓS,NOSSOS PALERMAS SAPOS SÓ PASSAM RELAPSOS,SONSOS!
sós,nossos palermas sapos só passam relapsos,sonsos!
Sós,nossospalermassapossópassamrelapsos,sonsos!
ós,nossos palermas sapos só passam relapsos,sonsos!
ÓTO COME DOCE SECO DE MOCOTÓ
óto come doce seco de mocotó
Ótocomedocesecodemocotó
to come doce seco de mocotó
SUBI NO ÔNIBUS
subi no ônibus
Subinoônibus
ubi no ônibus
A BASE DO TETO DESABA. (RÔMULO MARINHO)
a base do teto desaba. (rômulo marinho)
Abasedotetodesaba.(RômuloMarinho)
 base do teto desaba. (Rômulo Marinho)
A DIVA ÁVIDA, DÁDIVA À VIDA (ROGÉRIO DUARTE FILHO)
a diva ávida, dádiva à vida (rogério duarte filho)
Adivaávida,dádivaàvida(RogérioDuarteFilho)
 diva ávida, dádiva à vida (Rogério Duarte Filho)
AH, LIVRE ERA PAPAI NOEL, LEON IA PAPAR É ERVILHA. (ROGÉRIO DUARTE FILHO)
ah, livre era papai noel, leon ia papar é ervilha. (rogério duarte filho)
Ah,livreerapapainoel,leoniapaparéervilha.(RogérioDuarteFilho)
h, livre era papai noel, leon ia papar é ervilha. (Rogério Duarte Filho)
A CARA RAJADA DA JARARACA. (MANU LAFER)
a cara rajada da jararaca. (manu lafer)
Acararajadadajararaca.(ManuLafer)
 cara rajada da jararaca. (Manu Lafer)
ACATA O DANADO... E O DANADO ATACA!
acata o danado... e o danado ataca!
Acataodanado...eodanadoataca!
cata o danado... e o danado ataca!
ACUDA CADELA DA LEDA CADUCA (RÔMULO MARINHO)
acuda cadela da leda caduca (rômulo marinho)
AcudacadeladaLedacaduca(RômuloMarinho)
cuda cadela da Leda caduca (Rômulo Marinho)
A DAMA ADMIROU O RIM DA AMADA.
a dama admirou o rim da amada.
Adamaadmirouorimdaamada.
 dama admirou o rim da amada.
A DANIELA AMA A LEI? NADA! (MARCELO COIMBRA FURTADO)
a daniela ama a lei? nada! (marcelo coimbra furtado)
ADanielaamaalei?Nada!(MarceloCoimbraFurtado)
 Daniela ama a lei? Nada! (Marcelo Coimbra Furtado)
ADIAS A DATA DA SAÍDA. (MARCELO COIMBRA FURTADO)
adias a data da saída. (marcelo coimbra furtado)
Adiasadatadasaída.(MarceloCoimbraFurtado)
dias a data da saída. (Marcelo Coimbra Furtado)
ADÃO, TEJO HEREJE, GERE HOJE TOADA. (PINTADO NUM MURO DA UFRJ)
adão, tejo hereje, gere hoje toada. (pintado num muro da ufrj)
Adão,Tejohereje,gerehojetoada.(pintadonummurodaUFRJ)
dão, Tejo hereje, gere hoje toada. (pintado num muro da UFRJ)
OMITIRAM O NOBRE VERBO NO MARÍTIMO (SAN TIAGO CARAÍVA)
omitiram o nobre verbo no marítimo (san tiago caraíva)
Omitiramonobreverbonomarítimo(SanTiagoCaraíva)
mitiram o nobre verbo no marítimo (San Tiago Caraíva)
A DROGA DO DOTE É TODO DA GORDA. (RÔMULO MARINHO)
a droga do dote é todo da gorda. (rômulo marinho)
Adrogadodoteétododagorda.(RômuloMarinho)
 droga do dote é todo da gorda. (Rômulo Marinho)
A DIVA EM ARGEL ALEGRA-ME A VIDA. (RÔMULO MARINHO)
a diva em argel alegra-me a vida. (rômulo marinho)
AdivaemArgelalegra-meavida.(RômuloMarinho)
 diva em rgel alegra-me a vida. (Rômulo Marinho)
A GRAMA É AMARGA. (MILLOR FERNANDES)
a grama é amarga. (millor fernandes)
Agramaéamarga.(MillorFernandes)
 grama é amarga. (Millor Fernandes)
AH, CAETANO, E LEONA TE ACHA? (EDERSON DANTAS)
ah, caetano, e leona te acha? (ederson dantas)
Ah,Caetano,eLeonateacha?(EdersonDantas)
h, Caetano, e Leona te acha? (Ederson Dantas)
AI, ED... O OTO ODEIA! (EDERSON DANTAS)
ai, ed... o oto odeia! (ederson dantas)
Ai,Ed...OOtoodeia!(EdersonDantas)
i, Ed... O Oto odeia! (Ederson Dantas)
AI, RAVEL, ARADOS, SERROTES E TORRES, SÓ DARA LEVARIA. ELA FOI-SE” (MARCELO COIMBRA FURTADO)
ai, ravel, arados, serrotes e torres, só dara levaria. ela foi-se” (marcelo coimbra furtado)
Ai,Ravel,arados,serrotesetorres,sóDaralevaria.Elafoi-se”(MarceloCoimbraFurtado)
i, Ravel, arados, serrotes e torres, só Dara levaria. Ela foi-se” (Marcelo Coimbra Furtado)
A IRA CAVA NA VACARIA.(GLÉTSON AGUIAR MARTINS)
a ira cava na vacaria.(glétson aguiar martins)
Airacavanavacaria.(GlétsonAguiarMartins)
 ira cava na vacaria.(Glétson guiar Martins)
AMADA DAMA (JEDERSON L. RIBEIRO)
amada dama (jederson l. ribeiro)
Amadadama(JedersonL.Ribeiro)
mada dama (Jederson L. Ribeiro)
A MALA NADA NA LAMA. (MILLÔR FERNANDES)
a mala nada na lama. (millôr fernandes)
Amalanadanalama.(MillôrFernandes)
 mala nada na lama. (Millôr Fernandes)
A LUA PANAMENHA AGITA, FATIGA. AH! NEM ANA PAULA...(NOGUEROL)
a lua panamenha agita, fatiga. ah! nem ana paula...(noguerol)
Aluapanamenhaagita,fatiga.Ah!NemAnaPaula...(Noguerol)
 lua panamenha agita, fatiga. h! Nem na Paula...(Noguerol)
AMADA RAPARIGA AGIRA PARA DAMA.
amada rapariga agira para dama.
Amadaraparigaagiraparadama.
mada rapariga agira para dama.
AMARELO CADAVER TÁ; É A TREVA DA CÓLERA MÁ. (MANU LAFER)
amarelo cadaver tá; é a treva da cólera má. (manu lafer)
Amarelocadavertá;éatrevadacóleramá.(ManuLafer)
marelo cadaver tá; é a treva da cólera má. (Manu Lafer)
AMARGA É A MACA - TIRA-A, RITA! CAMA É A GRAMA... (MARCOS CHRISPIM)
amarga é a maca - tira-a, rita! cama é a grama... (marcos chrispim)
Amargaéamaca-tira-a,Rita!Camaéagrama...(MarcosChrispim)
marga é a maca - tira-a, Rita! Cama é a grama... (Marcos Chrispim)
AMARGA-ME A DROGA, A GORDA É MAGRA MÁ. (ROGÉRIO DUARTE FILHO)
amarga-me a droga, a gorda é magra má. (rogério duarte filho)
Amarga-meadroga,agordaémagramá.(RogérioDuarteFilho)
marga-me a droga, a gorda é magra má. (Rogério Duarte Filho)
AME O POEMA.
ame o poema.
Ameopoema.
me o poema.
A MISS É PÉSSIMA!
a miss é péssima!
Amissépéssima!
 miss é péssima!
AMORA ME TEM AROMA.
amora me tem aroma.
Amorametemaroma.
mora me tem aroma.
AMOR É DE ROMA. (IUAN MELO MEIRELLES)
amor é de roma. (iuan melo meirelles)
AmorédeRoma.(IuanMeloMeirelles)
mor é de Roma. (Iuan Melo Meirelles)
ANA, CASE, ESSE É SACANA.
ana, case, esse é sacana.
Ana,case,esseésacana.
na, case, esse é sacana.
ANA (E DARI) IRÁ RELER ARI; IRA DE ANA. (FILIPE PRATES)
ana (e dari) irá reler ari; ira de ana. (filipe prates)
Ana(eDari)irárelerAri;iradeAna.(FilipePrates)
na (e Dari) irá reler ri; ira de na. (Filipe Prates)
ANA LAVA LANA.
ana lava lana.
AnalavaLana.
na lava Lana.
ANALI AMADA DAMA ILANA. (ADA JÉSSICA DA SILVA)
anali amada dama ilana. (ada jéssica da silva)
Analiamadadamailana.(AdaJéssicadaSilva)
nali amada dama ilana. (da Jéssica da Silva)
ANA ME ROLA, CALOR EMANA...
ana me rola, calor emana...
Anamerola,caloremana...
na me rola, calor emana...
ANDE LOGO, ELA VALE O GOL, EDNA! (MARCELO COIMBRA FURTADO)
ande logo, ela vale o gol, edna! (marcelo coimbra furtado)
Andelogo,elavaleogol,Edna!(MarceloCoimbraFurtado)
nde logo, ela vale o gol, Edna! (Marcelo Coimbra Furtado)
ANOTARAM A DATA DA MARATONA.
anotaram a data da maratona.
Anotaramadatadamaratona.
notaram a data da maratona.
A PATETA AMA ATÉ TAPA...
a pateta ama até tapa...
Apatetaamaatétapa...
 pateta ama até tapa...
A PORTA RANGIA À IGNARA TROPA.
a porta rangia à ignara tropa.
Aportarangiaàignaratropa.
 porta rangia à ignara tropa.
A RARA ARARA.
a rara arara.
Araraarara.
 rara arara.
ARARÁS. A CUCA RODA. ATA É BOM SEMEAR. ASSEM-A SEM OVO, MÊS A MÊS, SARA. E MESMO BEATA, A DOR, A CUCA SARARÁ. (ALMI CARDOSO DA SILVA)
ararás. a cuca roda. ata é bom semear. assem-a sem ovo, mês a mês, sara. e mesmo beata, a dor, a cuca sarará. (almi cardoso da silva)
Ararás.Acucaroda.Ataébomsemear.Assem-asemovo,mêsamês,sara.Emesmobeata,ador,acucasarará.(AlmiCardosodaSilva)
rarás.  cuca roda. ta é bom semear. ssem-a sem ovo, mês a mês, sara. E mesmo beata, a dor, a cuca sarará. (lmi Cardoso da Silva)
A RITA, SOBRE VOVÔ, VERBOS ATIRA. (RÔMULO MARINHO)
a rita, sobre vovô, verbos atira. (rômulo marinho)
ARita,sobrevovô,verbosatira.(RômuloMarinho)
 Rita, sobre vovô, verbos atira. (Rômulo Marinho)
ARROZ É A MATA, MÃE ZORRA! (HERBERT SAAVEDRA)
arroz é a mata, mãe zorra! (herbert saavedra)
Arrozéamata,mãezorra!(HerbertSaavedra)
rroz é a mata, mãe zorra! (Herbert Saavedra)
A SACADA DA CASA.
a sacada da casa.
Asacadadacasa.
 sacada da casa.
A SEMANA TODA LEMOS: SÓ MELADO TÁ NA MESA. (MARCELO COIMBRA FURTADO)
a semana toda lemos: só melado tá na mesa. (marcelo coimbra furtado)
Asemanatodalemos:sómeladotánamesa.(MarceloCoimbraFurtado)
 semana toda lemos: só melado tá na mesa. (Marcelo Coimbra Furtado)
APÓS A NEGRA FALARÁS: SARA LAFARGE NA SOPA! (EUCLIDES JOSÉ MACIEL MARQUES)
após a negra falarás: sara lafarge na sopa! (euclides josé maciel marques)
Apósanegrafalarás:SaraLafargenaSopa!(EuclidesJoséMacielMarques)
pós a negra falarás: Sara Lafarge na Sopa! (Euclides José Maciel Marques)
ASSIM, A SOPA SÓ MERECEREMOS APÓS A MISSA.
assim, a sopa só mereceremos após a missa.
Assim,asopasómereceremosapósamissa.
ssim, a sopa só mereceremos após a missa.
ASSIM A AIA IA À MISSA. (MILLOR FERNANDES)
assim a aia ia à missa. (millor fernandes)
Assimaaiaiaàmissa.(MillorFernandes)
ssim a aia ia à missa. (Millor Fernandes)
ASSIM A DIVA ANA RITA, EM ROMA, AMOR ME ATIRA, NA ÁVIDA MISSA.
assim a diva ana rita, em roma, amor me atira, na ávida missa.
AssimadivaAnaRita,emRoma,amormeatira,naávidamissa.
ssim a diva na Rita, em Roma, amor me atira, na ávida missa.
ATÉ REAGAN SIBARITA TIRA BISNAGA ERETA. (CHICO BUARQUE)
até reagan sibarita tira bisnaga ereta. (chico buarque)
AtéReagansibaritatirabisnagaereta.(ChicoBuarque)
té Reagan sibarita tira bisnaga ereta. (Chico Buarque)
ATO IDIOTA.
ato idiota.
Atoidiota.
to idiota.
ATOR ARAN ADIA, VAI DANAR A ROTA (JEDERSON L. RIBEIRO)
ator aran adia, vai danar a rota (jederson l. ribeiro)
AtorAranadia,vaidanararota(JedersonL.Ribeiro)
tor ran adia, vai danar a rota (Jederson L. Ribeiro)
A TORRE DA DERROTA.
a torre da derrota.
Atorredaderrota.
 torre da derrota.
A TORRE DA DERROTA.
a torre da derrota.
Atorredaderrota.
 torre da derrota.
AUÊ SÓ NOS EUA! (HEMETERIO)
auê só nos eua! (hemeterio)
AuêsónosEUA!(Hemeterio)
uê só nos EU! (Hemeterio)
AVE VELOZ O LEVE. VÁ!
ave veloz o leve. vá!
Avevelozoleve.Vá!
ve veloz o leve. Vá!
A VIDA É A DIVA!
a vida é a diva!
Avidaéadiva!
 vida é a diva!
BOLA DE TÊNIS, SINETE DA LOB. (BRUNO PRATES) [LOB É UMA ACADEMIA DE TÊNIS NO RIO DE JANEIRO]
bola de tênis, sinete da lob. (bruno prates) [lob é uma academia de tênis no rio de janeiro]
Boladetênis,sinetedaLOB.(BrunoPrates)[LOBéumaacademiadetênisnoRiodeJaneiro]
ola de tênis, sinete da LO. (runo Prates) [LO é uma academia de tênis no Rio de Janeiro]
E AMARO? FAZ A PAZ AFORA, MÃE. (BRUNO PRATES)
e amaro? faz a paz afora, mãe. (bruno prates)
EAmaro?Fazapazafora,mãe.(BrunoPrates)
 Amaro? Faz a paz afora, mãe. (Bruno Prates)
É A MATEIRA MARIETA MÃE?
é a mateira marieta mãe?
ÉamateiraMarietamãe?
 a mateira Marieta mãe?
E ATÉ O PAPA POETA É.” (RÔMULO MARINHO)
e até o papa poeta é.” (rômulo marinho)
EatéoPapapoetaé.”(RômuloMarinho)
 até o Papa poeta é.” (Rômulo Marinho)
É A VOSSA META MOR: AMARGA, LETAL, AMÁVEL. LÁ ELE MURMUROU QUE TODO AMOR EU QUERO. MÃO DO TEU QUORUM. RUM É LEAL. LEVA MALA, TELA, GRAMA... ROMA, TEMAS, SOVA É! (HERBERT SAAVEDRA)
é a vossa meta mor: amarga, letal, amável. lá ele murmurou que todo amor eu quero. mão do teu quorum. rum é leal. leva mala, tela, grama... roma, temas, sova é! (herbert saavedra)
Éavossametamor:amarga,letal,amável.Láelemurmurouquetodoamoreuquero.Mãodoteuquorum.Ruméleal.Levamala,tela,grama...Roma,temas,sovaé!(HerbertSaavedra)
 a vossa meta mor: amarga, letal, amável. Lá ele murmurou que todo amor eu quero. Mão do teu quorum. Rum é leal. Leva mala, tela, grama... Roma, temas, sova é! (Herbert Saavedra)
E DEPILE NA LÂMINA O RARO ANIMAL ANELÍPEDE. (GELSON)
e depile na lâmina o raro animal anelípede. (gelson)
Edepilenalâminaoraroanimalanelípede.(Gelson)
 depile na lâmina o raro animal anelípede. (Gelson)
E LEDA, SACANA, IA NA CASA DELE. (MARCELO COIMBRA FURTADO)
e leda, sacana, ia na casa dele. (marcelo coimbra furtado)
ELeda,sacana,ianacasadele.(MarceloCoimbraFurtado)
 Leda, sacana, ia na casa dele. (Marcelo Coimbra Furtado)
EM RODA, TROPA, APÓS A SOPA, À PORTA DORME.” (RÔMULO MARINHO)
em roda, tropa, após a sopa, à porta dorme.” (rômulo marinho)
Emroda,tropa,apósasopa,àportadorme.”(RômuloMarinho)
m roda, tropa, após a sopa, à porta dorme.” (Rômulo Marinho)
E DÁ DICA, DONA ISSA, COM AMIGOS: “AMO-TE!” E TOMA SÓ GIM.AMO CASSIANO DA CIDADE!” (ESTÊVÃO QUEIROGA)
e dá dica, dona issa, com amigos: “amo-te!” e toma só gim.amo cassiano da cidade!” (estêvão queiroga)
Edádica,donaIssa,comamigos:“Amo-te!”EtomasóGim.AmoCassianodacidade!”(EstêvãoQueiroga)
 dá dica, dona Issa, com amigos: “Amo-te!”  toma só Gim.Amo Cassiano da cidade!” (stêvão Queiroga)
ELE PADECE DA PELE  (ANA JULIA LICIO).
ele padece da pele  (ana julia licio).
Elepadecedapele(AnaJuliaLicio).
le padece da pele  (Ana Julia Licio).
- E NOTA LEDA? ÁVIDA, DÁ REMÉDIO. DOSE POR DOSE DIVIDE. DIVIDE SÓ, DR. O PÉ SÓ DÓI. DE MERA DÁDIVA A DELATO, NÉ? (ESTÊVÃO QUEIROGA)
- e nota leda? ávida, dá remédio. dose por dose divide. divide só, dr. o pé só dói. de mera dádiva a delato, né? (estêvão queiroga)
-EnotaLeda?Ávida,dáremédio.Dosepordosedivide.Dividesó,Dr.Opésódói.Demeradádivaadelato,né?(EstêvãoQueiroga)
 E nota Leda? Ávida, dá remédio. Dose por dose divide. Divide só, Dr. O pé só dói. De mera dádiva a delato, né? (Estêvão Queiroga)
ESSE SAI. OPA! E ME APÓIAS ESSE! (EDERSON DANTAS)
esse sai. opa! e me apóias esse! (ederson dantas)
Essesai.Opa!Emeapóiasesse!(EdersonDantas)
sse sai. Opa!  me apóias esse! (derson Dantas)
ÉS SAPO? PASSE.
és sapo? passe.
Éssapo?Passe.
s sapo? Passe.
EVA, ASSE E PAPE ESSA AVE.
eva, asse e pape essa ave.
Eva,asseepapeessaave.
va, asse e pape essa ave.
E TOMA, LEVA, RODA A MISSA. REZA FARÁ PRAZER... E LAVE-ME, ÓTIMO É O DEMO, EVITE O AZAR, EVITE-SE ESSE MÊS. ACORDE PEDROCA SEM ESSE (E SE TIVE RAZÃO, E TIVE) O MEDO É O MITO E ME VALE REZAR PARA FAZER ASSIM. À ADORÁVEL, AMO-TE. (ROGÉRIO DUARTE FILHO)
e toma, leva, roda a missa. reza fará prazer... e lave-me, ótimo é o demo, evite o azar, evite-se esse mês. acorde pedroca sem esse (e se tive razão, e tive) o medo é o mito e me vale rezar para fazer assim. à adorável, amo-te. (rogério duarte filho)
Etoma,leva,rodaamissa.Rezafaráprazer...elave-me,ótimoéodemo,eviteoazar,evite-seessemês.Acordepedrocasemesse(esetiverazão,etive)omedoéomitoemevalerezarparafazerassim.ÀAdorável,amo-te.(RogérioDuarteFilho)
 toma, leva, roda a missa. Reza fará prazer... e lave-me, ótimo é o demo, evite o azar, evite-se esse mês. Acorde pedroca sem esse (e se tive razão, e tive) o medo é o mito e me vale rezar para fazer assim. À Adorável, amo-te. (Rogério Duarte Filho)
“É VOLITAR TER A AVE... LICO DOMINA E LÊ. ÁTICA, ANA MORALE, A TI, PAOLO, TODAVIA, RELÊ. ASSINADA, ELA FALA: ‘– SAI, CALA, FOGE, RETRATA, VÁ, Ó SATIM! (REPETEM O NOSSO NOME). TE PERMITAS O AVATAR TER EGO. FALÁCIAS, ALÁ, FALE À DANISSA!’ ELE, RAIVA DO TOLO, APITA... ELA, ROMANA, A CITA. ELE, ÂNIMO DÓCIL... EVA, A RETRÁTIL, O VÊ!” (HERBERT SAAVEDRA)
“é volitar ter a ave... lico domina e lê. ática, ana morale, a ti, paolo, todavia, relê. assinada, ela fala: ‘– sai, cala, foge, retrata, vá, ó satim! (repetem o nosso nome). te permitas o avatar ter ego. falácias, alá, fale à danissa!’ ele, raiva do tolo, apita... ela, romana, a cita. ele, ânimo dócil... eva, a retrátil, o vê!” (herbert saavedra)
“Évolitarteraave...Licodominaelê.Ática,AnaMorale,ati,Paolo,todavia,relê.Assinada,elafala:‘–Sai,cala,foge,retrata,vá,óSatim!(repetemonossonome).Tepermitasoavatarterego.Falácias,Alá,faleàDanissa!’Ele,raivadotolo,apita...Ela,romana,acita.Ele,ânimodócil...Eva,aretrátil,ovê!”(HerbertSaavedra)
É volitar ter a ave... Lico domina e lê. Ática, Ana Morale, a ti, Paolo, todavia, relê. Assinada, ela fala: ‘– Sai, cala, foge, retrata, vá, ó Satim! (repetem o nosso nome). Te permitas o avatar ter ego. Falácias, Alá, fale à Danissa!’ Ele, raiva do tolo, apita... Ela, romana, a cita. Ele, ânimo dócil... Eva, a retrátil, o vê!” (Herbert Saavedra)
IAS EM MISSA? LOGO O GOL ASSIM ME SAI... (MARCOS CHRISPIM)
ias em missa? logo o gol assim me sai... (marcos chrispim)
Iasemmissa?Logoogolassimmesai...(MarcosChrispim)
as em missa? Logo o gol assim me sai... (Marcos Chrispim)
LAÇO BACANA PARA PANACA BOÇAL. (RÔMULO MARINHO)
laço bacana para panaca boçal. (rômulo marinho)
Laçobacanaparapanacaboçal.(RômuloMarinho)
aço bacana para panaca boçal. (Rômulo Marinho)
LÁ RENÊ GORAVA O AVARO GENERAL. (EDUARDO VIDILI)
lá renê gorava o avaro general. (eduardo vidili)
LáRenêgoravaoavarogeneral.(EduardoVidili)
á Renê gorava o avaro general. (Eduardo Vidili)
LÁ TÁ NO NOVO; E SEM O CALIFA NA FILA COME-SE OVO NO NATAL. (ANTONIO PRATES)
lá tá no novo; e sem o califa na fila come-se ovo no natal. (antonio prates)
Látánonovo;esemocalifanafilacome-seovonoNatal.(AntonioPrates)
á tá no novo; e sem o califa na fila come-se ovo no Natal. (Antonio Prates)
LÁ VOU EU EM MEU EU OVAL. (MARINA WISNIK)
lá vou eu em meu eu oval. (marina wisnik)
Lávoueuemmeueuoval.(MarinaWisnik)
á vou eu em meu eu oval. (Marina Wisnik)
AMADA DATA, CERA É TER RÉ DA VELA: LEVA, DERRETE A RECATADA DAMA. (MANU LAFER)
amada data, cera é ter ré da vela: leva, derrete a recatada dama. (manu lafer)
Amadadata,ceraéterrédavela:leva,derretearecatadadama.(ManuLafer)
mada data, cera é ter ré da vela: leva, derrete a recatada dama. (Manu Lafer)
LIVRE DO PODER VIL (ROGÉRIO DUARTE FILHO)
livre do poder vil (rogério duarte filho)
Livredopodervil(RogérioDuarteFilho)
ivre do poder vil (Rogério Duarte Filho)
LIVROS - SE FOR PAGAR, TRAGA PROFESSOR VIL. (LAERTE COUTINHO)
livros - se for pagar, traga professor vil. (laerte coutinho)
Livros-seforpagar,tragaprofessorvil.(LaerteCoutinho)
ivros - se for pagar, traga professor vil. (aerte Coutinho)
LUZA ROCELINA, A NAMORADA DO MANUEL, LEU NA 'MODA DA ROMANA': 'ANIL É COR AZUL.' (BOCAGE?)
luza rocelina, a namorada do manuel, leu na 'moda da romana': 'anil é cor azul.' (bocage?)
LuzaRocelina,anamoradadoManuel,leuna'ModadaRomana':'Anilécorazul.'(Bocage?)
uza Rocelina, a namorada do Manuel, leu na 'Moda da Romana': 'Anil é cor azul.' (Bocage?)
LUZ AZUL
luz azul
Luzazul
uz azul
MAR E NÚMERO REMUNERAM (SAN TIAGO CARAÍVA)
mar e número remuneram (san tiago caraíva)
Marenúmeroremuneram(SanTiagoCaraíva)
ar e número remuneram (San Tiago Caraíva)
MARIA, SELENA E ANELE SAÍRAM (EUCLIDES JOSÉ MACIEL MARQUES)
maria, selena e anele saíram (euclides josé maciel marques)
Maria,SelenaeAnelesaíram(EuclidesJoséMacielMarques)
aria, Selena e Anele saíram (Euclides José aciel arques)
MARI, ROSE, ARI E ED ADIAVAM, SEM A MESMA VAIDADE E IRA, E SÓ RIRAM.(TÚLIO F.T.DE SOUSA)
mari, rose, ari e ed adiavam, sem a mesma vaidade e ira, e só riram.(túlio f.t.de sousa)
Mari,Rose,ArieEdadiavam,semamesmavaidadeeira,esóriram.(TúlioF.T.deSousa)
ari, Rose, Ari e Ed adiavam, sem a mesma vaidade e ira, e só riram.(Túlio F.T.de Sousa)
MARUJOS SÓ JURAM
marujos só juram
Marujossójuram
arujos só juram
ME VÊ SE A PANELA DA MOÇA É DE AÇO, MADALENA PAES, E VEM.”
me vê se a panela da moça é de aço, madalena paes, e vem.”
Mevêseapaneladamoçaédeaço,MadalenaPaes,evem.”
e vê se a panela da moça é de aço, adalena Paes, e vem.”
MISSA. A ATAM NA LUZ. ALÁ FALA: FÁ-LA, ZULAN, MATA-A, ASSIM! (HERBERT SAAVEDRA)
missa. a atam na luz. alá fala: fá-la, zulan, mata-a, assim! (herbert saavedra)
Missa.Aatamnaluz.Aláfala:Fá-la,Zulan,mata-a,assim!(HerbertSaavedra)
issa. A atam na luz. Alá fala: Fá-la, Zulan, mata-a, assim! (Herbert Saavedra)
MOÇA MORDE PÉGASUS E JESUS? AGE, PEDRO MAÇOM! (EDUARDO VIDILI)
moça morde pégasus e jesus? age, pedro maçom! (eduardo vidili)
MoçamordePégasuseJesus?Age,Pedromaçom!(EduardoVidili)
oça morde Pégasus e Jesus? Age, Pedro maçom! (Eduardo Vidili)
MODO: SOM TIRAMOS, SOMAMOS SOM A RITMOS: O DOM.” (RÔMULO MARINHO)
modo: som tiramos, somamos som a ritmos: o dom.” (rômulo marinho)
Modo:somtiramos,somamossomaritmos:odom.”(RômuloMarinho)
odo: som tiramos, somamos som a ritmos: o dom.” (Rômulo arinho)
MORRA, MATA MARROM! (LARISSA BONTEMPI)
morra, mata marrom! (larissa bontempi)
Morra,matamarrom!(LarissaBontempi)
orra, mata marrom! (Larissa Bontempi)
O CASO DA DROGA DA GORDA DO SACO.
o caso da droga da gorda do saco.
Ocasodadrogadagordadosaco.
 caso da droga da gorda do saco.
O CÉU SUECO.
o céu sueco.
Océusueco.
 céu sueco.
O CID É MÉDICO.
o cid é médico.
OCidémédico.
 Cid é médico.
ÓDIO DO DOIDO!
ódio do doido!
Ódiododoido!
dio do doido!
O GAL. LENO ROCA, À PORTA DA CIDADE, A PORTADOR RELATA FATAL ERRO DA TROPA E DÁ DICA DA TROPA A CORONEL LAGO. (RÔMULO MARINHO)
o gal. leno roca, à porta da cidade, a portador relata fatal erro da tropa e dá dica da tropa a coronel lago. (rômulo marinho)
OGal.LenoRoca,àportadacidade,aportadorrelatafatalerrodatropaedádicadatropaaCoronelLago.(RômuloMarinho)
 Gal. Leno Roca, à porta da cidade, a portador relata fatal erro da tropa e dá dica da tropa a Coronel Lago. (Rômulo Marinho)
O GALO NADA NO LAGO. (SERGIO ALBERTO SCHNEIDER)
o galo nada no lago. (sergio alberto schneider)
Ogalonadanolago.(SergioAlbertoSchneider)
 galo nada no lago. (Sergio Alberto Schneider)
O IVAN A AMA À NAVIO... (IVAN SOUZA DE ANDRADE)
o ivan a ama à navio... (ivan souza de andrade)
OIvanaamaànavio...(IvanSouzadeAndrade)
 Ivan a ama à navio... (Ivan Souza de Andrade)
OI, RATO OTÁRIO.
oi, rato otário.
Oi,ratootário.
i, rato otário.
OI,VAL! FEZ O OVO DO VÔ, O ZÉ FLÁVIO? (FLÁVIO BUENO MARCONDES OLIVEIRA)
oi,val! fez o ovo do vô, o zé flávio? (flávio bueno marcondes oliveira)
Oi,Val!Fezoovodovô,oZéFlávio?(FlávioBuenoMarcondesOliveira)
i,Val! Fez o ovo do vô, o Zé Flávio? (Flávio Bueno Marcondes liveira)
OLÁ VALOR, EU QUERO LAVÁ-LO (ROGÉRIO DUARTE FILHO)
olá valor, eu quero lavá-lo (rogério duarte filho)
OláValor,euquerolavá-lo(RogérioDuarteFilho)
lá Valor, eu quero lavá-lo (Rogério Duarte Filho)
OH NOSSAS LUVAS AVULSAS, SONHO... (ROGÉRIO DUARTE FILHO)
oh nossas luvas avulsas, sonho... (rogério duarte filho)
Ohnossasluvasavulsas,sonho...(RogérioDuarteFilho)
h nossas luvas avulsas, sonho... (Rogério Duarte Filho)
O LOBO AMA O BOLO.
o lobo ama o bolo.
Oloboamaobolo.
 lobo ama o bolo.
O MITO É ÓTIMO.
o mito é ótimo.
Omitoéótimo.
 mito é ótimo.
Ô GELA GEMA, AME GALEGO!(GLÉTSON AGUIAR MARTINS)
ô gela gema, ame galego!(glétson aguiar martins)
Ôgelagema,amegalego!(GlétsonAguiarMartins)
 gela gema, ame galego!(Glétson Aguiar Martins)
O OVO VOVÔ !! VOÔ ! (PAULO CEZAR ANTUNES JUNIOR, COMPLEMENTO DE MARCEL HORNER)
o ovo vovô !! voô ! (paulo cezar antunes junior, complemento de marcel horner)
Oovovovô!!Voô!(PauloCezarAntunesJunior,complementodeMarcelHorner)
 ovo vovô !! Voô ! (Paulo Cezar Antunes Junior, complemento de Marcel Horner)
O PÓ DE COCAÍNA MATA MANÍACO CEDO, PÔ!
o pó de cocaína mata maníaco cedo, pô!
Opódecocaínamatamaníacocedo,pô!
 pó de cocaína mata maníaco cedo, pô!
ORO E TEMO METEORO. (GLÉTSON AGUIAR MARTINS)
oro e temo meteoro. (glétson aguiar martins)
Oroetemometeoro.(GlétsonAguiarMartins)
ro e temo meteoro. (Glétson Aguiar Martins)
O ROMANO ACATA AMORES A DAMAS AMADAS E ROMA ATACA O NAMORO.
o romano acata amores a damas amadas e roma ataca o namoro.
OromanoacataamoresadamasamadaseRomaatacaonamoro.
 romano acata amores a damas amadas e Roma ataca o namoro.
O TEU DRAMA É AMAR DUETO. (RÔMULO MARINHO)
o teu drama é amar dueto. (rômulo marinho)
Oteudramaéamardueto.(RômuloMarinho)
 teu drama é amar dueto. (Rômulo Marinho)
OTA, O ATOR, TROTA O ATO (HEMETERIO)
ota, o ator, trota o ato (hemeterio)
Ota,oator,trotaoato(Hemeterio)
ta, o ator, trota o ato (Hemeterio)
ÒTO, COME OVO E MOCOTÓ (HEUMESMO)
òto, come ovo e mocotó (heumesmo)
Òto,comeovoemocotó(Heumesmo)
to, come ovo e mocotó (Heumesmo)
O TERRÍVEL É ELE VIR RETO. (RÔMULO MARINHO)
o terrível é ele vir reto. (rômulo marinho)
Oterríveléelevirreto.(RômuloMarinho)
 terrível é ele vir reto. (Rômulo Marinho)
OTO COME DOCE SECO DE MOCOTÓ. (RÔMULO MARINHO)
oto come doce seco de mocotó. (rômulo marinho)
Otocomedocesecodemocotó.(RômuloMarinho)
to come doce seco de mocotó. (Rômulo Marinho)
O TRECO CERTO.
o treco certo.
Otrecocerto.
 treco certo.
OVO NOVO.
ovo novo.
Ovonovo.
vo novo.
O VOO DO OVO.
o voo do ovo.
Ovoodoovo.
 voo do ovo.
LÊ:TAPA,RASO,SARAPATEL!(GLÉTSON AGUIAR MARTINS)
lê:tapa,raso,sarapatel!(glétson aguiar martins)
Lê:tapa,raso,sarapatel!(GlétsonAguiarMartins)
ê:tapa,raso,sarapatel!(Glétson Aguiar Martins)
SÓ IVAN, O TIO, É DONO DE OITO NAVIOS. (ANTÔNIO JOSÉ DE CARVALHO)
só ivan, o tio, é dono de oito navios. (antônio josé de carvalho)
SóIvan,otio,édonodeoitonavios.(AntônioJosédeCarvalho)
ó Ivan, o tio, é dono de oito navios. (Antônio José de Carvalho)
O CORTE DÓI, DÊ-ME REMÉDIO DE TROCO. (ANTÔNIO JOSÉ DE CARVALHO)
o corte dói, dê-me remédio de troco. (antônio josé de carvalho)
Ocortedói,dê-meremédiodetroco.(AntônioJosédeCarvalho)
 corte dói, dê-me remédio de troco. (Antônio José de Carvalho)
ROMA SE DOA TODA À IRA, MARIA, ADOTA O DESAMOR. (ANTÔNIO JOSÉ DE CARVALHO )
roma se doa toda à ira, maria, adota o desamor. (antônio josé de carvalho )
Romasedoatodaàira,Maria,adotaodesamor.(AntônioJosédeCarvalho)
oma se doa toda à ira, Maria, adota o desamor. (Antônio José de Carvalho )
 O NARCISO É LIVRE, SERVIL É O SICRANO. (ANTÔNIO JOSÉ DE CARVALHO)
 o narciso é livre, servil é o sicrano. (antônio josé de carvalho)
ONarcisoélivre,serviléosicrano.(AntônioJosédeCarvalho)
ONarcisoélivre,serviléosicrano.(AntônioJosédeCarvalho)
 O MITO É ELE PELÉ, E ÓTIMO. (ANTÔNIO JOSÉ DE CARVALHO)
 o mito é ele pelé, e ótimo. (antônio josé de carvalho)
OmitoéelePelé,eótimo.(AntônioJosédeCarvalho)
OmitoéelePelé,eótimo.(AntônioJosédeCarvalho)
 NOS DÊ O GOL LOGO, EDSON. (ANTÔNIO JOSÉ DE CARVALHO)
 nos dê o gol logo, edson. (antônio josé de carvalho)
Nosdêogollogo,Edson.(AntônioJosédeCarvalho)
Nosdêogollogo,Edson.(AntônioJosédeCarvalho)
 SALTAR O METEORO É TEMOR, ATLAS. (ANTÔNIO JOSÉ DE CARVALHO)
 saltar o meteoro é temor, atlas. (antônio josé de carvalho)
Saltarometeoroétemor,Atlas.(AntônioJosédeCarvalho)
Saltarometeoroétemor,Atlas.(AntônioJosédeCarvalho)
RAONI, TAL PSICOSE... PESO CISPLATINO, AR. (PINTADO NUM MURO DA UFRJ)
raoni, tal psicose... peso cisplatino, ar. (pintado num muro da ufrj)
Raoni,talpsicose...pesocisplatino,AR.(pintadonummurodaUFRJ)
aoni, tal psicose... peso cisplatino, A. (pintado num muro da UFJ)
RETER E REVER PARA PREVER E RETER. (RÔMULO MARINHO)
reter e rever para prever e reter. (rômulo marinho)
Reterereverparapreverereter.(RômuloMarinho)
eter e rever para prever e reter. (ômulo Marinho)
REVERTA É VERBO, O VIVO BREVE É, SABE BEM AMA-LO O LAMA, ME BEBA SE É VERBO VIVO, O BREVE ATREVER. (ROGÉRIO DUARTE FILHO)
reverta é verbo, o vivo breve é, sabe bem ama-lo o lama, me beba se é verbo vivo, o breve atrever. (rogério duarte filho)
Revertaéverbo,Ovivobreveé,Sabebemama-looLama,Mebebaseéverbovivo,Obreveatrever.(RogérioDuarteFilho)
everta é verbo, O vivo breve é, Sabe bem ama-lo o Lama, Me beba se é verbo vivo, O breve atrever. (ogério Duarte Filho)
REZAR PRO PEDRO (MORDE POR PRAZER). (BRUNO PRATES)
rezar pro pedro (morde por prazer). (bruno prates)
RezarproPedro(mordeporprazer).(BrunoPrates)
ezar pro Pedro (morde por prazer). (Bruno Prates)
RIR, O BREVE VERBO RIR.
rir, o breve verbo rir.
Rir,obreveverborir.
ir, o breve verbo rir.
RODA ESSE CORPO, PROCESSE A DOR!
roda esse corpo, processe a dor!
Rodaessecorpo,processeador!
oda esse corpo, processe a dor!
RÔ! SONO DO CUBANO NABUCODONOSOR.(GLÉTSON AGUIAR MARTINS)
rô! sono do cubano nabucodonosor.(glétson aguiar martins)
Rô!SonodocubanoNabucodonosor.(GlétsonAguiarMartins)
ô! Sono do cubano Nabucodonosor.(Glétson Aguiar Martins)
ROMA ME TEM AMOR.
roma me tem amor.
Romametemamor.
oma me tem amor.
SÁ DÁ TAPAS E SAPATADAS.
sá dá tapas e sapatadas.
Sádátapasesapatadas.
á dá tapas e sapatadas.
SAÍRAM O TIO E OITO MARIAS.
saíram o tio e oito marias.
SaíramotioeoitoMarias.
aíram o tio e oito Marias.
SECO DE RAIVA, COLOCO NO COLO CAVIAR E DOCES. (RÔMULO MARINHO)
seco de raiva, coloco no colo caviar e doces. (rômulo marinho)
Secoderaiva,coloconocolocaviaredoces.(RômuloMarinho)
eco de raiva, coloco no colo caviar e doces. (Rômulo Marinho)
SEM O DOTE, É TODO MÊS.
sem o dote, é todo mês.
Semodote,étodomês.
em o dote, é todo mês.
SÓ COM O TIO SOMÁVAMOS OITO MOÇOS. (RÔMULO MARINHO)
só com o tio somávamos oito moços. (rômulo marinho)
Sócomotiosomávamosoitomoços.(RômuloMarinho)
ó com o tio somávamos oito moços. (Rômulo Marinho)
SOA COMO CAOS
soa como caos
Soacomocaos
oa como caos
SOCORRAM-ME, SUBI NO ÔNIBUS EM MARROCOS!
socorram-me, subi no ônibus em marrocos!
Socorram-me,subinoônibusemMarrocos!
ocorram-me, subi no ônibus em Marrocos!
S.O.S., SERES MATAM SERES SÓS! (PAULO CEZAR ANTUNES JUNIOR)
s.o.s., seres matam seres sós! (paulo cezar antunes junior)
S.O.S.,seresmatamseressós!(PauloCezarAntunesJunior)
.O.., seres matam seres sós! (Paulo Cezar Antunes Junior)
SUBI NO ÔNIBUS.
subi no ônibus.
Subinoônibus.
ubi no ônibus.
TUCANO NA CUT (RÔMULO MARINHO)
tucano na cut (rômulo marinho)
TucanonaCUT(RômuloMarinho)
ucano na CU (Rômulo Marinho)
VI ÊMULO VETAR ATÉ VOLUME IV. (RÔMULO MARINHO)
vi êmulo vetar até volume iv. (rômulo marinho)
ViÊmulovetaratévolumeIV.(RômuloMarinho)
i Êmulo vetar até volume I. (Rômulo Marinho)
ZÉ DE LIMA, RUA LAURA, MIL E DEZ.
zé de lima, rua laura, mil e dez.
ZédeLima,ruaLaura,miledez.
é de Lima, rua Laura, mil e dez.
A GORDA NÃO VOA NA DROGA! (LUIZ PEDRO)
a gorda não voa na droga! (luiz pedro)
Agordanãovoanadroga!(LuizPedro)
 gorda não voa na droga! (Luiz Pedro)
RESUMAMOS: SOMA M, USE R !(GLÉTSON AGUIAR MARTINS)
resumamos: soma m, use r !(glétson aguiar martins)
Resumamos:somam,user!(GlétsonAguiarMartins)
esumamos: soma m, use r !(Glétson Aguiar Martins)
NEDA LNIB AMA SÓ OSAMA BIN LADEN.(GLÉTSON AGUIAR MARTINS)
neda lnib ama só osama bin laden.(glétson aguiar martins)
NedaLnibamasóOsamaBinLaden.(GlétsonAguiarMartins)
eda Lnib ama só Osama Bin Laden.(Glétson Aguiar Martins)
SÓ METEMOS.(PEDRO AUGUSTO CHIZZOLINI LONEL)
só metemos.(pedro augusto chizzolini lonel)
Sómetemos.(PedroAugustoChizzoliniLonel)
ó metemos.(Pedro Augusto Chizzolini Lonel)
URUBURETAMA AMA TERUBURU. (GLÉTSON AGUIAR MARTINS)
uruburetama ama teruburu. (glétson aguiar martins)
UruburetamaamaTeruburu.(GlétsonAguiarMartins)
ruburetama ama Teruburu. (Glétson Aguiar Martins)
AMO LA PALOMA (GIULIANO FRATIN)
amo la paloma (giuliano fratin)
AmoLaPaloma(GiulianoFratin)
mo La Paloma (Giuliano Fratin)
LIVRO DA DOR VIL. (JOIR MAURO)
livro da dor vil. (joir mauro)
Livrodadorvil.(JoirMauro)
ivro da dor vil. (Joir Mauro)
ARARA SÓ VI URUBU RUIVO SARARÁ! (SÉRGIO IGRÉS)
arara só vi urubu ruivo sarará! (sérgio igrés)
Ararasóviuruburuivosarará!(SérgioIgrés)
rara só vi urubu ruivo sarará! (Sérgio Igrés)
A DAR AÇÚCAR É SER AÇUCARADA? (SÉRGIO IGRÉS)
a dar açúcar é ser açucarada? (sérgio igrés)
Adaraçúcaréseraçucarada?(SérgioIgrés)
 dar açúcar é ser açucarada? (Sérgio Igrés)
A VÓ CADAVER TÁ NA TREVA DA COVA! (SÉRGIO IGRÉS)
a vó cadaver tá na treva da cova! (sérgio igrés)
Avócadavertánatrevadacova!(SérgioIgrés)
 vó cadaver tá na treva da cova! (Sérgio Igrés)
AO VER TUBARÃO NO AR ABUTRE VOA. (SÉRGIO IGRÉS)
ao ver tubarão no ar abutre voa. (sérgio igrés)
Aovertubarãonoarabutrevoa.(SérgioIgrés)
o ver tubarão no ar abutre voa. (Sérgio Igrés)
ELE,CROCODILO,SÓLIDO CORCEL É! (SÉRGIO IGRÉS)
ele,crocodilo,sólido corcel é! (sérgio igrés)
Ele,crocodilo,sólidocorcelé!(SérgioIgrés)
le,crocodilo,sólido corcel é! (Sérgio Igrés)
ENCARE TER ACNE! (SÉRGIO IGRÉS)
encare ter acne! (sérgio igrés)
Encareteracne!(SérgioIgrés)
ncare ter acne! (Sérgio Igrés)
SE SOFRO,MATEMÁTICO SÓ CITA METAMORFOSES! (SÉRGIO IGRÉS)
se sofro,matemático só cita metamorfoses! (sérgio igrés)
Sesofro,matemáticosócitametamorfoses!(SérgioIgrés)
e sofro,matemático só cita metamorfoses! (érgio Igrés)
EIN ESEL LESE NIE.
ein esel lese nie.
EinEsellesenie.
in sel lese nie.
DEN RET TAPRE KNUD ÅGE I EGÅ DUNKER PATTER NED.
den ret tapre knud åge i egå dunker patter ned.
DenrettapreKnudÅgeiEgådunkerpatterned.
en ret tapre Knud Åge i Egå dunker patter ned.
DEN LAKS SKAL NED.
den laks skal ned.
Denlaksskalned.
en laks skal ned.
DEN LAKS SKAL NED.
den laks skal ned.
Denlaksskalned.
en laks skal ned.
DAMEJER NIS BERG GREB SIN REJEMAD.
damejer nis berg greb sin rejemad.
DamejerNisBerggrebsinrejemad.
amejer Nis Berg greb sin rejemad.
ELSA HAR FAT I RITA FRA HASLE.
elsa har fat i rita fra hasle.
ElsaharfatiRitafraHasle.
lsa har fat i Rita fra Hasle.
LÅS OKSEMADEN NED OG GIV VIGGO DENNE DAMESKOSÅL.
lås oksemaden ned og giv viggo denne dameskosål.
LåsoksemadennedoggivViggodennedameskosål.
ås oksemaden ned og giv Viggo denne dameskosål.
DEGNENE TRAF I FARTEN EN GED.
degnene traf i farten en ged.
Degnenetrafifartenenged.
egnene traf i farten en ged.
TRE NEGRE MED FANE, EN AF DEM ER GENERT.
tre negre med fane, en af dem er genert.
Trenegremedfane,enafdemergenert.
re negre med fane, en af dem er genert.
SELMAS LAKSERØDE GARAGEDØRE SKAL SAMLES.
selmas lakserøde garagedøre skal samles.
Selmaslakserødegaragedøreskalsamles.
elmas lakserøde garagedøre skal samles.
TROLDE MED LORT.
trolde med lort.
Troldemedlort.
rolde med lort.
ABLE WAS I ERE I SAW ELBA (FRASE QUE PODERIA TER SIDO DITA POR NAPOLEÃO DEPOIS DE DERROTADO EM WATERLOO)
able was i ere i saw elba (frase que poderia ter sido dita por napoleão depois de derrotado em waterloo)
AblewasIereIsawElba(frasequepoderiatersidoditaporNapoleãodepoisdederrotadoemWaterloo)
ble was I ere I saw Elba (frase que poderia ter sido dita por Napoleão depois de derrotado em Waterloo)
A MAN, A PLAN, A CANAL, PANAMA!
a man, a plan, a canal, panama!
Aman,aplan,acanal,Panama!
 man, a plan, a canal, Panama!
CIGAR? TOSS IT IN A CAN, IT IS SO TRAGIC.
cigar? toss it in a can, it is so tragic.
Cigar?Tossitinacan,itissotragic.
igar? Toss it in a can, it is so tragic.
DENNIS AND EDNA SINNED.
dennis and edna sinned.
DennisandEdnasinned.
ennis and Edna sinned.
DOC, NOTE, I DISSENT: A FAST NEVER PREVENTS A FATNESS; I DIET ON COD.
doc, note, i dissent: a fast never prevents a fatness; i diet on cod.
Doc,note,Idissent:afastneverpreventsafatness;Idietoncod.
oc, note, I dissent: a fast never prevents a fatness; I diet on cod.
GOD, NO EVIL, LIVE ON DOG.
god, no evil, live on dog.
God,noevil,liveondog.
od, no evil, live on dog.
GOD LIVED AS A DEVIL DOG.
god lived as a devil dog.
Godlivedasadevildog.
od lived as a devil dog.
I LOVE ME, VOL I.
i love me, vol i.
Iloveme,VolI.
 love me, Vol .
I ROAMED UNDER IT, A TIRED NUDE MAORI.
i roamed under it, a tired nude maori.
Iroamedunderit,atirednudemaori.
 roamed under it, a tired nude maori.
LEWD DID I LIVE & EVIL I DID DWEL.
lewd did i live & evil i did dwel.
LewddidIlive&evilIdiddwel.
ewd did I live & evil I did dwel.
MADAM, I'M ADAM.
madam, i'm adam.
Madam,I'mAdam.
adam, I'm Adam.
MAD AS SADAM. (CASSIANO LEONELLI E ESTÊVÃO QUEIROGA)
mad as sadam. (cassiano leonelli e estêvão queiroga)
MadasSadam.(CassianoLeonellieEstêvãoQueiroga)
ad as Sadam. (Cassiano Leonelli e Estêvão Queiroga)
NAT SAW I WAS TAN.
nat saw i was tan.
NatsawIwastan.
at saw I was tan.
NOT A HERO WORE HAT ON
not a hero wore hat on
Notaheroworehaton
ot a hero wore hat on
SATAN OSCILLATE MY METALLIC SONATAS (AS PALAVRAS ESCRITAS JUNTAS FORMAM O TÍTULO DE UM EP DA BANDA SOUNDGARDEN)
satan oscillate my metallic sonatas (as palavras escritas juntas formam o título de um ep da banda soundgarden)
Satanoscillatemymetallicsonatas(aspalavrasescritasjuntasformamotítulodeumEPdabandaSoundgarden)
atan oscillate my metallic sonatas (as palavras escritas juntas formam o título de um EP da banda oundgarden)
SEE, SLAVE, I DEMONSTRATE YET ARTS NO MEDIEVAL SEES. (GEORGES PEREC)
see, slave, i demonstrate yet arts no medieval sees. (georges perec)
See,slave,Idemonstrateyetartsnomedievalsees.(GeorgesPerec)
ee, slave, I demonstrate yet arts no medieval sees. (Georges Perec)
STOP NO TOP A POT ON POTS
stop no top a pot on pots
Stopnotopapotonpots
top no top a pot on pots
SUMS ARE NOT SET AS A TEST ON ERASMUS.
sums are not set as a test on erasmus.
SumsarenotsetasatestonErasmus.
ums are not set as a test on Erasmus.
WAS IT A CAR OR A CAT I SAW?
was it a car or a cat i saw?
WasitacaroracatIsaw?
as it a car or a cat I saw?
1234554321
1234554321
1234554321
23455432
123456789
123456789
123456789
23456789
123.4567
123.4567
123.4567
23.4567
2345,6543
2345,6543
2345,6543
345,6543
234,445,555
234,445,555
234,445,555
34,445,555
2212.23432.234325
2212.23432.234325
2212.23432.234325
1.343.3435
127.1.1.1
127.1.1.1
127.1.1.1
27...
127,0,0,0
127,0,0,0
127,0,0,0
27,0,0,0
,05
,05
,05
05
.12
.12
.12
12
12.
12.
12.
2.
123,
123,
123,
23,
