raiz SIM
raiz esq SIM
raiz esq dir SIM
raiz dir SIM
raiz esq dir esq SIM
raiz esq dir dir SIM
raiz esq esq SIM
raiz esq dir dir dir SIM
raiz esq dir dir dir dir SIM
raiz esq dir esq dir SIM
raiz esq esq dir SIM
raiz esq dir dir dir dir dir SIM
raiz dir esq SIM
raiz esq dir dir dir dir esq SIM
raiz esq dir esq esq SIM
raiz esq dir esq dir esq SIM
raiz esq esq dir esq SIM
raiz esq dir esq esq dir SIM
raiz esq dir dir dir dir esq dir SIM
raiz esq esq dir esq dir SIM
raiz esq esq esq SIM
raiz dir esq esq SIM
raiz dir esq esq dir SIM
raiz esq esq dir dir SIM
raiz esq dir dir dir dir esq dir dir SIM
raiz esq dir esq esq dir esq SIM
raiz dir esq dir SIM
raiz esq esq dir dir esq SIM
raiz dir esq esq esq SIM
raiz dir esq esq dir esq SIM
raiz esq dir dir dir dir dir esq SIM
raiz esq dir esq esq dir dir SIM
raiz esq esq esq dir SIM
raiz esq dir dir esq SIM
raiz esq dir dir dir dir dir esq esq SIM
raiz esq dir dir dir dir dir dir SIM
raiz dir dir SIM
raiz dir dir dir SIM
raiz esq esq dir esq dir esq NAO
raiz esq dir dir esq esq NAO
raiz dir esq esq dir dir esq NAO
raiz esq esq dir dir dir dir esq esq NAO
raiz esq esq dir dir dir dir esq dir dir NAO
raiz dir esq esq dir esq esq NAO
raiz dir esq esq esq dir SIM
raiz dir esq esq esq esq SIM
raiz esq dir dir dir dir dir dir esq SIM
raiz dir esq esq dir esq dir SIM
raiz esq esq dir dir esq esq SIM
raiz esq esq dir dir dir SIM
raiz esq dir dir dir dir dir esq esq dir SIM
raiz dir esq esq dir dir SIM
raiz dir esq esq dir dir esq NAO
raiz esq esq dir dir dir dir esq esq NAO
raiz esq esq dir dir dir dir esq dir dir NAO
raiz dir esq esq dir esq esq NAO
raiz esq esq dir dir dir esq NAO
raiz dir esq dir dir SIM
raiz dir dir dir dir SIM
raiz esq esq dir dir dir dir SIM
raiz esq esq dir dir dir esq NAO
raiz esq esq dir dir esq esq dir SIM
raiz esq esq dir esq dir dir SIM
raiz esq esq dir dir dir dir esq SIM
raiz esq esq dir dir esq esq esq SIM
raiz esq esq dir dir dir dir esq dir SIM
raiz esq esq esq dir esq SIM
raiz esq esq esq dir esq esq SIM
raiz esq dir dir dir dir dir esq esq dir dir SIM
raiz esq dir dir esq esq NAO
raiz esq esq dir esq dir esq NAO
