(R) Arquimedes
(R) Gilbert Stork
(R) Joseph-Louis Lagrange
(R) Howard Aiken
(R) Max Planck
(R) Linus Torvalds
(R) Otto Hahn
(R) Linus Pauling
(R) John Presper Eckert
(R) Robert Curl
43 ## Charles Hatchett ## Britânico ## 2 de janeiro de 1765 ## Londres, Inglaterra ## 10 de março de 1847 ## Londres ## 82
14 ## Robert Bunsen ## Alemão ## 31 de março de 1811 ## Göttingen ## 16 de agosto de 1899 ## Heidelberg ## 88
20 ## Michael Faraday ## britânico ## 22 de setembro de 1791 ## Newington Butts ## 25 de agosto de 1867 ## Hampton Court ## 75
55 ## William Rowan Hamilton ## Irlandês ## 4 de agosto de 1805 ## Dublin ## 2 de setembro de 1865 ## Dublin ## 60
164 ## Harold Clayton Urey ## Estadunidense ## 29 de abril de 1893 ## Walkerton ## 5 de janeiro de 1981 ## La Jolla ## 87
40 ## Albert Einstein ## Alemã ## 14 de março de 1879 ## Ulm, Baden-Württemberg ## 18 de abril de 1955 ## Princeton, Nova Jérsei ## 76
19 ## Hipátia ## Egípcia ## ca. 351 ## Alexandria, Egito ## 8 de março de 415 ## Alexandria, Egito ## 0
100 ## Tadeusz Reichstein ## Polonês ## 20 de julho de 1897 ## Wloclawek ## 1 de agosto de 1996 ## Basileia ## 99
106 ## Isaac Newton ## Inglês ## 4 de janeiro de 1643 ## Woolsthorpe-by-Colsterworth, Inglaterra ## 31 de março de 1727 ## Kensington ## 84
111 ## John Dalton ## Britânico ## 6 de setembro de 1766 ## Eaglesfield ## 27 de julho de 1844 ## Manchester ## 77
136 ## Bjarne Stroustrup ## Dinamarquês ## 30 de dezembro de 1950 ## Århus, Jutlândia Central ## vivo ## vivo ## 65
56 ## Blaise Pascal ## Francês ## 19 de junho de 1623 ## Clermont-Ferrand ## 19 de agosto de 1662 ## Paris ## 39
65 ## Horácio Macedo ## Brasileira ## 14 de outubro de 1925 ## Rio de Janeiro, Brasil ## 24 de fevereiro de 1999 ## Rio de Janeiro, Brasil ## 74
33 ## Richard Matthew Stallman ## Estadunidense ## 16 de março de 1953 ## Manhattan ## vivo ## vivo ## 63
151 ## Theodor Svedberg ## Sueco ## 30 de agosto de 1884 ## Fleräng ## 25 de fevereiro de 1971 ## Kopparberg ## 86
44 ## George Boole ## Britânico ## 2 de novembro de 1815 ## Lincoln (Inglaterra) ## 8 de dezembro de 1864 ## Ballintemple ## 49
6 ## Roy Plunkett ## Estadunidense ## 26 de junho de 1910 ## New Carlisle, Ohio ## 12 de maio de 1994 ## Corpus Christi, Texas ## 83
4 ## Henri Poincaré ## Francês ## 29 de abril de 1854 ## Nancy ## 17 de julho de 1912 ## Paris ## 58
95 ## Leonhard Euler ## Suíço ## 15 de abril de 1707 ## Basileia ## 18 de setembro de 1783 ## São Petersburgo ## 76
18 ## Jakob Steiner ## Suíço ## 18 de março de 1796 ## Utzenstorf, Cantão de Berna ## 1 de abril de 1863 ## Berna ## 67
75 ## William Ramsay ## Britânico ## 2 de outubro de 1852 ## Glasgow ## 23 de julho de 1916 ## High Wycombe, Buckinghamshire ## 63
83 ## Marie Curie ## Polonesa,  francesa ## 7 de novembro de 1867 ## Varsóvia, Congresso da Polônia ## 4 de julho de 1934 ## Sancellemoz, França ## 66
68 ## Srinivasa Ramanujan ## Indiano ## 22 de dezembro de 1887 ## Erode, Índia ## 26 de abril de 1920 ## Kumbakonam ## 32
16 ## Roald Hoffmann ## Polonês ## 18 de julho de 1937 ## Zolochiv ## vivo ## vivo ## 78
97 ## Melvin Calvin ## Estadunidense ## 8 de abril de 1911 ## Saint Paul ## 8 de janeiro de 1997 ## Berkeley ## 85
140 ## John Mauchly ## Estadunidense ## 30 de agosto de 1907 ## Cincinnati ## 8 de janeiro de 1980 ## Ambler ## 72
76 ## Jöns Jacob Berzelius ## Sueco ## 20 de agosto de 1779 ## Väfversunda, Östergötland ## 7 de agosto de 1848 ## Estocolmo ## 68
57 ## Eduard Buchner ## Alemão ## 20 de maio de 1860 ## Munique ## 12 de agosto de 1917 ## Focşani ## 57
66 ## William Hyde Wollaston ## Britãnico ## 6 de agosto de 1766 ## Norfolk ## 2 de dezembro de 1828 ## Londres ## 62
11 ## Jean le Rond d’Alembert ## Francês ## 16 de novembro de 1717 ## Paris ## 29 de outubro de 1783 ## Paris ## 65
62 ## Ada Lovelace ## Britânica ## 10 de dezembro de 1815 ## Londres, Inglaterra ## 27 de novembro de 1852 ## Marylebone, Londres, Inglaterra ## 36
77 ## Karl Popper ## Austríaco ## 28 de julho de 1902 ## Viena ## 17 de setembro de 1994 ## Londres ## 92
13 ## Vladimir Vasilevich Markovnikov ## Russa ## 22 de dezembro de 1838 ## Nizhny Novgorod, Império Russo ## 11 de fevereiro de 1904 ## São Petersburgo, Império Russo ## 65
2 ## Charles Babbage ## Britânico ## 26 de dezembro de 1791 ## Londres, Inglaterra ## 18 de outubro de 1871 ## Londres ## 79
121 ## John Pople ## Inglês ## 31 de outubro de 1925 ## Burnham-on-Sea ## 15 de março de 2004 ## Sarasota ## 78
134 ## Gilbert Newton Lewis ## Estadunidense ## 23 de outubro de 1875 ## Weymouth ## 23 de março de 1946 ## Berkeley ## 70
30 ## Artturi Ilmari Virtanen ## Finlandês ## 15 de janeiro de 1895 ## Helsinque ## 11 de novembro de 1973 ## Helsinque ## 78
79 ## Heinrich Hertz ## Alemão ## 22 de fevereiro de 1857 ## Hamburgo ## 1 de janeiro de 1894 ## Bonn ## 36
58 ## Wallace Carothers ## Estadunidense ## 27 de abril de 1896 ## Burlington ## 29 de abril de 1937 ## Filadélfia ## 41
142 ## Felix Klein ## Alemão ## 25 de abril de 1849 ## Düsseldorf ## 22 de junho de 1925 ## Göttingen ## 76
28 ## Glenn Theodore Seaborg ## Estadunidense ## 19 de abril de 1912 ## Ishpeming, Michigan, Estados Unidos ## 25 de fevereiro de 1999 ## Lafayette, Califórnia, Estados Unidos ## 86
110 ## Giuseppe Peano ## Italiano ## 27 de agosto de 1858 ## Spinetta, Cuneo ## 20 de abril de 1932 ## Turim ## 73
130 ## Søren Sørensen ## Dinamarquês ## 9 de janeiro de 1868 ## Havrebjerg, Dinamarca ## 12 de fevereiro de 1939 ## Copenhague, Dinamarca ## 71
96 ## Robert Burns Woodward ## Estadunidense ## 10 de abril de 1917 ## Boston ## 8 de julho de 1979 ## Cambridge ## 62
64 ## Ilya Prigogine ## Russa ## 25 de janeiro de 1917 ## Moscou ## 28 de maio de 2003 ## Bruxelas ## 86
8 ## Harold Kroto ## Britânico ## 7 de outubro de 1939 ## Wisbech, Cambridgeshire, Inglaterra ## 30 de abril de 2016 ## Lewes, East Sussex, Inglaterra ## 76
73 ## Hermann Weyl ## Alemão ## 9 de novembro de 1885 ## Elmshorn ## 8 de dezembro de 1955 ## Zurique ## 70
84 ## Frederick Soddy ## Britânico ## 2 de setembro de 1877 ## Eastbourne ## 22 de setembro de 1956 ## Brighton ## 79
101 ## John von Neumann ## Húngaro ## 28 de dezembro de 1903 ## Budapeste ## 8 de fevereiro de 1957 ## Washington, D.C. ## 53
156 ## Pierre Simon Laplace ## Francês ## 23 de março de 1749 ## Beaumont-en-Auge ## 5 de março de 1827 ## Paris ## 77
157 ## Pierre de Fermat ## Francês ## 17 de agosto de 1601 ## Beaumont-de-Lomagne ## 12 de janeiro de 1665 ## Castres ## 63
12 ## Nikolay Semyonov ## Russo ## 15 de abril de 1896 ## Saratov ## 25 de setembro de 1986 ## Moscou ## 90
72 ## Yuan Lee ## Taiwanês ## 19 de novembro de 1936 ## Hsinchu ## vivo ## vivo ## 79
42 ## Charles Augustin de Coulomb ## francês ## 14 de junho de 1736 ## Angoulême ## 23 de agosto de 1806 ## Paris ## 70
131 ## Victor Grignard ## Francês ## 6 de maio de 1871 ## Cherburgo ## 13 de dezembro de 1935 ## Lyon ## 64
