2 2 1 2
2 3 2 2
1 3 0 1
1 2 1 1
2 3 0 2
2 3 0 2
2 3 0 2
1 3 0 1
2 7 0 2
2 3 0 2
3 5 0 3
2 3 0 3
2 3 0 2
2 5 0 2
2 3 0 2
2 4 0 4
3 5 0 2
3 5 0 2
2 5 0 2
2 5 0 2
2 3 0 2
2 10 1 6
1 3 0 2
2 4 0 4
1 3 0 2
1 4 0 2
2 3 0 2
2 9 0 2
2 5 0 2
2 5 0 2
2 5 0 2
2 5 0 2
2 5 0 2
2 5 0 2
2 5 0 2
2 5 0 3
2 5 0 2
2 5 0 2
2 5 0 2
2 5 0 2
2 7 0 2
2 3 0 0
2 7 0 3
2 5 0 2
2 5 0 4
2 5 0 4
2 5 0 4
2 5 0 4
2 5 0 4
2 5 0 4
2 6 1 4
2 5 0 4
2 5 0 4
2 8 1 5
2 6 1 4
2 7 0 5
1 3 0 1
1 3 0 1
1 4 0 1
1 3 0 1
1 4 0 2
1 4 0 2
1 4 0 2
1 3 0 2
1 6 0 2
1 5 0 2
1 5 0 2
1 5 0 3
1 5 0 2
1 3 0 2
1 4 0 2
1 5 0 2
1 6 0 2
1 6 0 4
1 5 0 3
1 5 0 2
2 8 1 4
1 6 1 3
1 6 1 3
1 5 0 2
1 7 0 3
1 4 1 2
1 5 0 0
1 5 0 2
1 9 4 2
3 7 4 5
4 7 6 4
2 7 4 3
2 5 4 4
1 10 3 3
1 7 4 1
4 8 3 6
2 7 4 3
1 10 3 3
1 4 5 2
4 8 3 4
2 8 3 4
1 7 4 3
4 10 3 6
2 6 3 4
4 8 3 4
2 8 3 4
2 12 3 6
2 8 3 2
3 11 4 3
2 8 3 4
2 7 4 5
1 3 4 1
1 3 4 1
4 8 3 4
4 8 3 4
2 8 3 4
2 6 3 4
2 6 3 4
2 10 3 4
4 10 3 8
2 10 3 6
4 8 3 4
2 8 3 4
4 14 3 6
2 8 3 4
2 7 4 5
4 8 3 4
4 10 3 6
2 6 3 4
2 6 3 4
2 5 4 3
2 5 4 3
1 8 3 3
1 5 4 3
1 7 4 2
2 12 2 6
2 10 3 4
2 8 3 4
1 12 3 6
1 16 3 8
2 10 3 4
2 10 3 4
2 10 3 4
2 8 3 6
4 8 3 4
2 8 3 4
2 8 3 4
2 10 3 6
2 9 4 2
2 12 3 4
2 11 1 6
2 9 1 4
1 11 1 3
2 11 1 5
2 9 1 4
2 11 1 4
2 9 1 4
2 12 1 4
2 9 1 4
2 9 1 6
2 9 1 4
4 11 1 4
1 5 1 2
1 4 2 2
1 9 2 4
1 5 1 2
1 11 2 4
1 5 1 2
1 4 2 1
1 8 3 3
1 5 1 1
1 5 1 2
1 5 1 2
1 19 11 6
1 9 2 5
1 8 2 3
1 15 2 7
1 7 1 3
1 4 4 1
1 13 3 4
2 25 9 9
1 9 1 4
1 3 4 1
1 8 2 2
1 7 1 3
1 13 3 7
1 5 1 3
1 11 3 6
1 5 1 3
1 5 1 3
1 38 10 14
1 5 1 2
1 7 2 4
1 9 2 7
1 9 2 3
1 9 2 4
1 11 2 5
1 4 2 2
1 12 5 5
1 11 4 5
1 25 13 10
1 17 5 9
1 10 3 4
1 22 10 9
1 8 2 3
1 11 1 3
1 11 3 4
1 27 5 17
1 29 9 14
1 28 8 11
1 34 8 15
1 23 6 10
1 40 12 17
1 37 11 17
1 35 15 10
2 37 12 13
1 35 13 14
1 27 8 10
2 69 21 33
1 44 14 21
1 21 6 8
2 37 19 17
1 33 15 17
1 30 8 12
1 25 10 9
1 11 6 5
1 23 13 9
1 37 15 19
1 43 17 17
1 41 20 20
1 25 7 10
1 25 10 14
1 46 15 20
1 35 9 15
1 54 12 22
1 54 12 22
1 40 12 17
1 37 10 17
1 24 9 12
1 31 19 15
1 54 19 20
1 61 18 29
1 20 10 7
1 44 23 17
1 7 2 4
1 9 2 5
1 40 18 14
1 41 14 18
1 36 15 17
1 15 3 7
1 17 7 12
1 11 2 5
1 19 8 9
3 38 17 12
1 63 22 30
1 44 14 19
1 39 11 17
1 16 8 8
1 23 6 8
1 8 3 5
1 10 2 5
1 25 9 10
5 90 43 47
1 36 13 19
1 36 13 14
1 11 3 5
2 193 84 87
1 30 10 15
1 13 3 8
1 51 16 25
1 56 18 28
1 57 33 25
1 36 17 15
1 46 21 22
1 31 10 14
1 22 5 13
1 42 19 19
1 44 10 18
1 16 5 9
1 17 3 6
1 31 10 15
1 9 1 3
1 15 3 6
1 23 9 11
1 32 12 16
1 33 7 12
1 33 7 12
1 14 7 6
1 17 7 8
2 90 50 43
1 31 14 15
1 12 5 8
1 25 13 12
1 55 46 27
1 44 13 22
1 36 14 20
1 15 3 8
1 43 16 25
1 172 78 86
1 26 11 12
1 27 16 15
1 228 119 100
1 41 18 19
1 76 26 38
1 10 4 8
2 30 11 14
1 21 12 11
1 14 4 12
1 19 6 15
1 23 11 11
1 42 16 21
2 21 9 10
1 22 10 9
2 128 34 49
1 25 8 9
1 35 12 13
1 35 12 13
1 35 12 13
1 35 11 16
1 21 8 9
1 54 22 25
1 9 4 3
1 25 9 12
1 31 13 14
1 31 14 16
1 32 9 10
1 57 22 26
3 46 13 23
1 13 3 7
3 23 9 9
2 47 16 23
1 20 5 10
1 64 26 27
1 25 7 14
1 8 3 6
1 9 5 2
1 30 10 16
1 40 17 23
1 10 4 4
1 93 32 40
1 13 4 8
1 11 3 6
1 30 15 16
1 38 10 14
1 42 14 23
1 36 11 14
1 29 16 12
1 29 16 12
1 17 9 8
1 23 7 10
1 20 10 10
1 13 4 8
1 20 8 11
1 9 5 3
1 25 13 12
1 25 13 12
1 36 18 17
1 47 11 29
1 29 10 14
1 23 15 12
1 45 17 20
2 72 39 34
1 18 6 10
1 30 12 11
1 34 11 16
1 12 3 6
1 11 2 5
1 9 3 6
1 23 9 10
2 85 36 37
1 38 12 15
1 17 5 5
1 25 7 15
1 8 3 4
1 59 25 26
1 13 3 6
1 17 6 10
1 12 4 5
1 20 6 10
1 21 6 14
1 11 2 5
1 17 4 7
1 35 9 17
1 14 8 7
1 13 4 6
2 20 10 12
1 22 10 14
1 31 12 17
1 24 9 13
1 20 7 7
1 16 1 7
1 20 4 9
1 31 9 14
1 16 5 10
1 30 12 17
2 15 7 5
4 18 6 5
1 11 3 4
1 11 3 4
1 11 3 4
1 11 3 4
1 11 3 4
2 11 2 4
1 22 10 9
1 6 3 2
1 13 4 3
1 14 4 6
1 36 18 19
1 30 13 14
1 46 15 20
1 24 9 12
1 7 3 4
1 36 9 15
1 38 17 19
1 15 6 7
1 8 3 3
2 21 5 10
1 8 4 5
1 30 14 13
1 36 13 19
1 11 3 8
1 22 6 13
1 31 9 15
1 12 6 8
1 14 5 6
1 36 14 20
1 3 4 3
1 45 14 23
1 14 5 12
1 31 14 16
3 35 10 17
1 26 8 13
1 20 6 10
1 20 4 6
1 20 4 6
1 20 4 6
1 13 4 7
1 36 18 17
1 25 7 14
1 17 9 11
1 42 18 22
1 8 4 4
1 11 3 5
1 27 10 11
1 13 4 6
1 31 11 17
1 31 11 11
1 16 2 7
2 48 20 28
2 10 4 7
1 24 7 11
3 134 40 63
1 42 10 29
1 21 7 11
1 11 3 4
1 29 10 14
1 35 15 10
1 54 19 20
1 30 9 14
1 25 10 14
1 35 9 15
1 23 7 10
1 40 12 17
1 37 11 17
1 46 16 19
1 42 12 16
1 35 14 14
2 37 13 13
1 27 9 10
1 34 12 18
1 26 13 14
1 69 23 34
2 36 10 13
1 25 7 10
1 29 10 11
3 45 16 19
1 26 5 11
1 38 18 16
1 44 23 17
1 43 18 17
1 9 3 5
1 11 6 5
1 15 4 7
1 27 10 13
1 17 8 12
3 38 17 12
1 11 3 5
2 35 11 14
1 19 8 9
1 44 14 19
1 23 5 11
1 16 8 8
1 23 7 8
1 10 3 5
5 90 43 47
1 36 14 14
1 32 13 13
1 13 4 8
1 51 17 25
1 56 18 27
1 31 11 19
1 31 11 14
2 45 17 19
1 44 11 18
1 9 2 3
2 41 13 16
1 15 4 6
1 15 4 6
2 18 9 9
1 14 7 6
1 10 6 3
4 66 26 29
1 31 14 15
1 17 7 8
1 25 14 12
1 124 55 64
1 39 13 17
1 44 14 22
1 41 20 19
3 69 32 34
1 28 10 12
1 83 48 35
3 35 14 24
1 10 5 8
1 19 7 15
1 172 78 86
1 228 121 100
1 42 16 21
1 35 12 16
1 36 12 15
1 54 22 25
1 29 12 14
1 56 22 26
1 32 9 10
2 47 14 20
1 63 27 29
1 7 1 3
1 32 10 14
3 46 13 23
1 61 27 29
1 13 3 7
2 37 21 22
1 54 25 24
1 45 17 22
2 47 18 23
1 30 8 12
1 25 8 14
1 8 4 6
1 9 6 2
1 10 4 4
1 93 33 40
1 37 10 14
1 32 15 16
1 11 5 5
2 49 22 20
1 36 14 16
1 42 14 23
1 13 5 8
1 9 6 3
1 36 12 15
1 57 21 24
1 25 13 12
1 34 10 15
1 47 12 29
1 30 12 14
1 26 10 14
1 23 10 13
1 30 13 11
1 34 12 16
1 11 3 5
1 7 2 4
1 9 4 6
1 37 10 16
1 44 21 19
1 43 20 16
1 53 22 26
12 46 20 18
11 35 20 14
10 36 17 16
10 43 17 18
3 51 18 19
2 39 12 16
2 86 35 38
1 38 12 15
1 17 6 5
1 25 7 15
1 45 12 19
1 13 4 6
1 17 7 10
1 20 7 10
1 47 15 21
1 14 9 7
1 36 15 17
1 11 2 7
1 31 9 14
2 43 16 23
1 11 4 4
2 23 7 8
2 33 13 13
1 22 11 9
1 27 11 11
1 37 13 18
1 44 13 17
1 35 8 13
1 41 9 17
1 25 6 9
1 22 8 7
1 32 14 14
1 28 16 13
1 32 16 12
1 33 14 15
1 32 13 12
1 22 9 9
2 42 14 19
2 14 4 8
1 35 12 13
1 14 4 6
1 14 4 6
1 28 6 10
1 23 7 10
1 38 10 16
1 23 6 8
1 30 10 12
1 33 7 17
1 13 3 4
1 82 22 41
1 21 10 9
1 29 12 10
1 19 4 7
1 51 18 24
1 18 8 6
1 19 6 7
2 11 6 6
1 29 9 12
1 24 10 6
1 11 5 4
1 40 12 21
1 13 5 7
1 17 5 8
2 91 20 41
1 53 15 28
1 19 6 8
1 29 9 18
1 19 9 10
2 0 10 6
1 0 9 5
1 0 8 4
1 0 9 4
1 0 11 5
7 0 17 6
4 0 9 5
1 0 9 2
1 0 3 1
1 0 3 1
1 0 3 1
1 0 4 2
