raiz esq esq esq raiz esq dir dir dir esq raiz dir esq dir esq dir dir raiz SIM
raiz esq esq esq raiz esq dir dir dir esq raiz dir esq esq dir dir raiz esq esq dir esq esq raiz dir esq dir raiz esq esq dir dir esq raiz esq dir raiz SIM
raiz esq esq esq raiz esq dir dir dir esq raiz dir esq dir esq esq dir raiz esq esq dir esq esq raiz dir esq dir raiz SIM
raiz esq esq esq raiz SIM
raiz esq esq esq raiz esq dir dir dir esq raiz dir esq dir esq esq dir raiz esq esq dir esq esq raiz dir esq dir raiz esq dir dir esq raiz dir esq dir raiz dir dir esq esq raiz dir esq dir esq raiz esq esq dir dir raiz esq dir dir esq esq raiz SIM
raiz esq esq esq raiz esq dir dir dir esq raiz dir esq dir esq esq dir raiz esq esq dir esq esq raiz dir esq dir raiz dir esq esq esq dir esq raiz dir esq dir raiz dir dir esq esq raiz dir esq dir esq raiz SIM
raiz esq esq esq raiz esq esq esq dir esq raiz esq dir raiz esq esq dir esq esq raiz SIM
raiz esq esq esq raiz esq dir dir dir esq raiz dir esq dir esq esq dir raiz esq esq dir esq esq raiz dir esq dir raiz dir esq esq esq dir esq raiz dir esq dir raiz dir dir esq esq raiz dir esq dir esq raiz dir esq esq dir raiz esq dir dir esq esq raiz dir SIM
raiz esq esq esq raiz esq dir dir dir esq raiz dir esq dir esq esq dir raiz esq dir dir esq esq raiz dir esq dir raiz dir esq esq esq dir esq raiz dir esq dir raiz dir dir esq esq raiz dir dir esq dir esq raiz dir esq dir esq dir raiz esq dir dir esq esq raiz dir dir esq dir raiz SIM
raiz esq esq esq raiz esq dir dir dir esq raiz dir esq dir esq esq dir raiz esq esq dir esq esq raiz dir esq dir raiz esq dir dir esq raiz dir esq dir raiz dir dir esq esq raiz dir esq dir esq raiz esq dir dir raiz esq dir dir esq esq raiz dir esq dir raiz esq dir esq dir dir esq raiz SIM
raiz esq esq esq raiz esq esq dir esq dir esq raiz esq dir raiz esq esq dir esq esq raiz dir esq dir raiz esq esq esq dir dir esq raiz esq dir raiz esq dir dir esq esq raiz SIM
raiz esq esq esq raiz esq dir dir dir esq raiz dir esq dir esq dir dir raiz esq dir dir esq esq raiz dir esq dir raiz dir SIM
raiz esq esq esq raiz esq dir dir dir esq raiz dir dir dir raiz dir dir esq esq raiz dir esq dir raiz dir dir esq dir dir esq raiz dir dir dir raiz dir dir esq esq raiz dir dir dir dir esq raiz dir SIM
raiz esq esq esq raiz esq dir dir dir esq raiz dir esq dir esq esq dir raiz esq esq dir esq esq raiz dir esq dir raiz dir esq esq esq dir esq raiz dir esq dir raiz dir dir esq esq raiz dir esq dir esq raiz dir esq SIM
raiz esq esq esq raiz esq dir dir dir esq raiz dir esq esq dir dir raiz esq esq dir esq esq raiz dir esq dir raiz esq esq dir dir esq raiz SIM
raiz esq esq esq raiz esq dir dir dir esq raiz dir esq dir esq esq dir raiz esq esq dir esq esq raiz dir esq dir raiz esq dir dir esq raiz dir esq dir raiz dir dir esq esq raiz dir esq dir esq raiz esq SIM
raiz esq esq esq raiz esq esq esq dir esq raiz esq dir raiz esq esq dir esq esq raiz dir esq dir raiz esq esq esq dir dir esq raiz esq dir raiz esq dir dir esq esq raiz esq dir esq raiz esq esq esq dir raiz esq esq dir esq esq raiz esq dir dir raiz esq SIM
raiz esq esq esq raiz esq dir dir dir esq raiz dir esq esq dir dir raiz esq esq dir esq esq raiz dir esq dir raiz esq dir dir esq raiz dir esq dir raiz dir dir esq esq raiz dir esq dir esq raiz esq esq dir dir raiz esq dir dir esq esq raiz esq dir dir raiz esq dir esq dir dir esq raiz esq SIM
raiz esq esq esq raiz esq dir dir dir esq raiz dir esq dir esq esq dir raiz esq esq dir esq esq raiz dir esq dir raiz dir esq esq esq dir esq raiz dir esq dir raiz dir dir esq esq raiz dir SIM
raiz esq esq esq raiz esq esq esq dir esq raiz esq dir raiz esq esq dir esq esq raiz dir esq dir raiz esq esq esq dir dir esq raiz esq dir raiz esq dir dir esq esq raiz esq dir esq raiz esq esq esq dir raiz esq esq dir esq esq raiz esq dir dir raiz esq dir esq esq dir esq raiz esq esq SIM
raiz esq esq esq raiz esq esq esq dir esq raiz esq dir raiz esq esq dir esq esq raiz esq dir raiz esq esq esq esq dir esq raiz esq dir raiz esq esq dir esq esq raiz esq dir esq raiz esq esq esq dir raiz esq esq dir esq esq raiz esq esq dir raiz esq esq dir esq raiz esq esq esq SIM
raiz esq esq esq raiz esq dir dir dir esq raiz dir esq dir dir dir raiz dir dir esq esq raiz dir esq dir raiz dir dir esq esq dir esq raiz dir esq dir raiz dir dir esq esq raiz dir dir dir dir esq raiz dir esq dir dir dir raiz dir dir dir esq esq raiz dir dir SIM
raiz esq esq esq raiz esq dir dir dir esq raiz dir dir dir raiz dir dir esq esq raiz dir esq dir raiz dir dir esq esq dir esq raiz dir dir dir raiz dir dir esq esq raiz dir dir dir dir esq raiz dir esq dir dir dir raiz dir dir dir esq esq raiz dir dir dir SIM
raiz esq esq esq raiz esq dir esq dir esq raiz SIM
raiz esq esq esq raiz esq dir dir dir esq raiz dir esq dir esq esq dir raiz esq SIM
raiz esq esq esq raiz esq dir dir dir esq raiz dir esq esq dir dir raiz esq esq dir esq esq raiz dir esq dir raiz esq SIM
raiz esq esq esq raiz esq dir dir dir esq raiz dir dir dir raiz dir dir esq esq raiz dir esq dir raiz dir dir SIM
raiz esq esq esq raiz esq dir esq dir esq raiz esq dir raiz esq esq dir esq esq raiz dir esq dir raiz esq esq SIM
raiz esq esq esq raiz esq dir dir dir esq raiz dir esq dir dir dir raiz dir dir esq esq raiz dir esq dir raiz dir dir esq esq dir esq raiz dir esq dir raiz dir dir esq esq raiz dir dir dir dir esq raiz dir esq dir SIM
raiz esq esq esq raiz esq dir dir dir esq raiz dir SIM
raiz esq esq esq raiz esq dir dir dir esq raiz dir esq dir esq dir dir raiz esq dir dir esq esq raiz dir esq dir raiz dir esq SIM
raiz esq esq esq raiz esq dir dir dir esq raiz dir esq SIM
raiz esq esq esq raiz esq esq esq dir esq raiz esq dir raiz esq esq dir esq esq raiz esq dir raiz esq esq esq dir dir esq raiz esq dir raiz esq dir dir esq esq raiz esq dir esq raiz esq esq esq dir raiz esq esq dir esq esq raiz esq SIM
raiz esq esq esq raiz esq dir dir dir esq raiz dir esq dir esq esq dir raiz esq esq dir esq esq raiz dir esq dir raiz dir esq esq esq dir esq raiz dir esq dir raiz dir dir esq esq raiz dir esq dir esq raiz esq dir dir raiz esq dir dir esq esq raiz dir esq dir raiz esq dir SIM
raiz esq esq esq raiz esq dir dir dir esq raiz dir esq dir esq esq dir raiz esq dir dir esq esq raiz dir esq dir raiz dir esq esq esq dir esq raiz dir esq dir raiz dir dir esq esq raiz dir dir esq dir esq raiz dir esq dir esq dir raiz SIM
raiz esq esq esq raiz esq dir dir dir esq raiz dir esq dir esq dir dir raiz esq dir dir esq esq raiz dir esq dir raiz dir dir esq esq dir esq raiz dir esq dir raiz dir dir esq esq raiz dir dir dir dir esq raiz dir esq dir esq dir raiz dir esq dir esq esq raiz dir dir esq dir raiz dir dir esq raiz dir SIM
raiz esq esq esq raiz dir dir esq raiz dir dir dir raiz dir dir esq esq raiz dir SIM
raiz esq esq esq raiz dir dir esq raiz dir dir dir raiz dir dir esq esq raiz dir dir dir raiz dir dir dir esq dir esq raiz dir dir dir raiz dir dir esq esq raiz dir dir dir dir esq raiz dir dir SIM
raiz esq esq esq raiz esq esq esq dir esq raiz esq dir raiz esq esq dir esq esq raiz dir esq dir raiz esq esq esq dir dir esq raiz esq dir raiz esq dir dir esq esq raiz esq dir esq raiz esq esq esq dir raiz esq esq dir esq esq raiz esq dir dir raiz esq dir esq esq dir esq raiz esq esq esq dir dir NAO
raiz esq esq esq raiz esq dir dir dir esq raiz dir esq dir esq esq dir raiz esq esq dir esq esq raiz dir esq dir raiz dir esq esq esq dir esq raiz dir esq dir raiz dir dir esq esq raiz dir esq dir esq raiz esq dir dir raiz esq dir dir esq esq raiz dir esq dir raiz esq dir esq dir dir esq raiz dir esq esq dir NAO
raiz esq esq esq raiz esq dir dir dir esq raiz dir dir dir raiz dir dir esq esq raiz dir esq dir raiz dir dir esq esq dir esq raiz dir dir dir raiz dir dir esq esq raiz dir dir dir dir esq raiz dir esq dir dir dir raiz dir dir dir esq esq raiz dir dir dir dir dir raiz dir dir esq raiz dir dir dir NAO
raiz esq esq esq raiz esq dir dir dir esq raiz dir esq esq esq dir raiz esq esq dir esq esq raiz dir esq dir raiz esq esq dir dir esq raiz esq dir raiz esq dir dir esq esq raiz dir esq dir esq raiz esq esq esq dir raiz esq dir dir esq esq raiz esq dir dir raiz esq dir esq esq dir esq raiz esq esq dir dir NAO
raiz esq esq esq raiz esq dir dir dir esq raiz dir esq esq dir dir raiz esq esq dir esq esq raiz dir esq dir raiz esq esq dir dir esq raiz esq dir raiz esq dir dir esq esq raiz dir esq dir esq raiz esq esq esq dir raiz esq dir dir esq esq raiz esq dir dir raiz esq dir esq dir dir esq raiz esq esq dir dir NAO
raiz esq esq esq raiz esq dir dir dir esq raiz dir esq dir dir dir raiz dir dir esq esq raiz dir esq dir raiz dir dir esq esq dir esq raiz dir esq dir raiz dir dir esq esq raiz dir dir dir dir esq raiz dir esq dir dir dir raiz dir dir dir esq esq raiz dir dir dir esq dir raiz dir dir esq raiz dir dir dir NAO
raiz esq esq esq raiz esq dir dir dir esq raiz dir esq dir dir dir raiz dir dir esq esq raiz dir esq dir raiz dir dir esq esq dir esq raiz dir esq dir raiz dir dir esq esq raiz dir dir dir dir esq raiz dir esq dir dir dir raiz dir SIM
raiz esq esq esq raiz esq dir dir dir esq raiz dir esq dir SIM
raiz esq esq esq raiz esq dir dir dir esq raiz dir esq dir esq dir dir raiz esq dir dir esq esq raiz dir esq dir raiz dir dir esq esq dir esq raiz dir esq dir raiz dir dir esq esq raiz dir dir SIM
raiz esq esq esq raiz esq dir dir dir esq raiz dir dir dir raiz dir dir esq esq raiz dir esq dir raiz dir dir esq esq dir esq raiz dir SIM
raiz esq esq esq raiz esq SIM
raiz esq esq esq raiz esq dir SIM
raiz esq esq esq raiz esq dir dir dir esq raiz dir esq dir esq dir dir raiz esq dir dir esq esq raiz dir esq dir raiz dir esq esq esq dir esq raiz dir esq dir raiz dir dir esq esq raiz dir dir esq dir esq raiz dir esq dir esq dir raiz dir esq dir esq esq raiz dir dir esq dir raiz dir dir esq raiz dir esq SIM
raiz esq esq esq raiz esq dir dir dir esq raiz dir dir dir raiz dir dir esq esq raiz dir esq dir raiz dir dir esq SIM
raiz esq esq esq raiz esq dir dir dir esq raiz dir dir dir raiz dir dir esq esq raiz dir esq dir raiz dir dir esq esq dir esq raiz dir dir dir raiz dir dir esq esq raiz dir dir dir dir esq raiz dir esq dir dir dir raiz dir dir dir esq esq raiz dir dir dir dir dir raiz dir dir esq raiz dir dir dir NAO
raiz esq esq esq raiz esq dir dir dir esq raiz dir esq esq esq dir raiz esq esq dir esq esq raiz dir esq dir raiz esq esq dir dir esq raiz esq dir raiz esq dir dir esq esq raiz dir esq dir esq raiz esq esq esq dir raiz esq dir dir esq esq raiz esq dir dir raiz esq dir esq esq dir esq raiz esq esq dir dir NAO
raiz esq esq esq raiz esq dir dir dir esq raiz dir esq esq dir dir raiz esq esq dir esq esq raiz dir esq dir raiz esq esq dir dir esq raiz esq dir raiz esq dir dir esq esq raiz dir esq dir esq raiz esq esq esq dir raiz esq dir dir esq esq raiz esq dir dir raiz esq dir esq dir dir esq raiz esq esq dir dir NAO
raiz esq esq esq raiz esq dir dir dir esq raiz dir esq dir dir dir raiz dir dir esq esq raiz dir esq dir raiz dir dir esq esq dir esq raiz dir esq dir raiz dir dir esq esq raiz dir dir dir dir esq raiz dir esq dir dir dir raiz dir dir dir esq esq raiz dir dir dir esq dir raiz dir dir esq raiz dir dir dir NAO
raiz esq esq esq raiz esq dir esq dir esq raiz dir esq esq esq dir raiz esq esq dir esq esq raiz dir esq dir raiz esq esq dir dir esq raiz esq dir raiz esq dir dir esq esq raiz dir esq dir esq raiz esq esq esq dir raiz esq dir dir esq esq raiz esq dir dir raiz esq dir esq esq dir esq raiz esq esq dir dir NAO
raiz esq esq esq raiz esq dir dir dir esq raiz dir dir dir raiz dir dir esq esq raiz dir esq dir raiz dir dir dir esq dir esq raiz dir dir dir raiz dir dir esq esq raiz dir dir dir dir esq raiz dir dir esq SIM
raiz esq esq esq raiz dir dir esq raiz dir dir dir raiz dir dir esq esq raiz dir dir dir raiz dir dir dir SIM
raiz esq esq esq raiz esq dir dir dir esq raiz dir esq esq dir dir raiz esq esq dir esq esq raiz dir esq dir raiz esq esq dir dir esq raiz esq dir raiz esq dir dir esq esq raiz dir esq dir esq raiz esq esq SIM
raiz esq esq esq raiz esq dir esq dir esq raiz dir esq esq esq dir raiz esq esq dir esq esq raiz dir esq dir raiz esq esq dir dir esq raiz esq dir raiz esq dir dir esq esq raiz dir esq dir esq raiz esq esq esq dir raiz esq dir dir esq esq raiz esq dir dir raiz esq dir esq esq dir esq raiz esq esq dir dir NAO
raiz esq esq esq raiz esq dir esq dir esq raiz esq dir raiz esq esq dir esq esq raiz dir esq dir raiz esq esq esq dir dir esq raiz esq dir raiz esq dir dir esq esq raiz dir esq dir esq raiz esq esq esq dir raiz esq SIM
raiz esq esq esq raiz esq esq SIM
raiz esq esq esq raiz esq dir dir dir esq raiz dir esq esq SIM
raiz esq esq esq raiz esq esq dir SIM
raiz esq esq esq raiz esq dir dir dir esq raiz dir esq esq dir dir raiz esq esq dir esq esq raiz dir esq dir raiz esq esq dir dir esq raiz esq dir raiz esq dir dir esq esq raiz dir esq dir esq raiz esq esq esq dir raiz esq dir dir esq esq raiz esq dir dir raiz esq dir esq SIM
raiz esq esq esq raiz esq esq esq dir esq raiz esq dir raiz esq esq dir esq esq raiz esq dir raiz esq esq esq dir dir esq raiz esq dir raiz esq SIM
raiz esq esq esq raiz esq esq esq dir esq raiz esq dir raiz esq esq dir esq esq raiz esq dir raiz esq esq esq SIM
raiz esq esq esq raiz esq dir dir dir esq raiz dir esq dir esq dir dir raiz esq dir dir esq esq raiz dir esq dir raiz dir esq esq SIM
raiz esq esq esq raiz esq dir dir dir esq raiz dir esq dir esq esq dir raiz esq esq dir esq esq raiz dir esq dir raiz dir esq esq esq dir esq raiz dir esq dir raiz dir dir esq esq raiz dir esq dir esq raiz esq dir dir raiz esq dir dir esq esq raiz dir esq dir raiz esq dir esq dir dir esq raiz dir esq esq dir NAO
raiz esq esq esq raiz esq esq esq dir esq raiz esq dir raiz esq esq dir esq esq raiz dir esq dir raiz esq esq esq dir dir esq raiz esq dir raiz esq dir dir esq esq raiz esq dir esq raiz esq esq esq dir raiz esq esq dir esq esq raiz esq dir dir raiz esq dir esq esq dir esq raiz esq esq esq dir dir NAO
