152 ## Arquimedes ## Grego ## ca. 287 a.C. ## Siracusa, Sicília, Magna Grécia ## ca. 212 a.C. ## Siracusa, Sicília, Magna Grécia ## 75
157 ## Pierre de Fermat ## Francês ## 17 de agosto de 1601 ## Beaumont-de-Lomagne ## 12 de janeiro de 1665 ## Castres ## 63
56 ## Blaise Pascal ## Francês ## 19 de junho de 1623 ## Clermont-Ferrand ## 19 de agosto de 1662 ## Paris ## 39
11 ## Jean le Rond d’Alembert ## Francês ## 16 de novembro de 1717 ## Paris ## 29 de outubro de 1783 ## Paris ## 65
156 ## Pierre Simon Laplace ## Francês ## 23 de março de 1749 ## Beaumont-en-Auge ## 5 de março de 1827 ## Paris ## 77
66 ## William Hyde Wollaston ## Britãnico ## 6 de agosto de 1766 ## Norfolk ## 2 de dezembro de 1828 ## Londres ## 62
76 ## Jöns Jacob Berzelius ## Sueco ## 20 de agosto de 1779 ## Väfversunda, Östergötland ## 7 de agosto de 1848 ## Estocolmo ## 68
2 ## Charles Babbage ## Britânico ## 26 de dezembro de 1791 ## Londres, Inglaterra ## 18 de outubro de 1871 ## Londres ## 79
62 ## Ada Lovelace ## Britânica ## 10 de dezembro de 1815 ## Londres, Inglaterra ## 27 de novembro de 1852 ## Marylebone, Londres, Inglaterra ## 36
13 ## Vladimir Vasilevich Markovnikov ## Russa ## 22 de dezembro de 1838 ## Nizhny Novgorod, Império Russo ## 11 de fevereiro de 1904 ## São Petersburgo, Império Russo ## 65
142 ## Felix Klein ## Alemão ## 25 de abril de 1849 ## Düsseldorf ## 22 de junho de 1925 ## Göttingen ## 76
75 ## William Ramsay ## Britânico ## 2 de outubro de 1852 ## Glasgow ## 23 de julho de 1916 ## High Wycombe, Buckinghamshire ## 63
79 ## Heinrich Hertz ## Alemão ## 22 de fevereiro de 1857 ## Hamburgo ## 1 de janeiro de 1894 ## Bonn ## 36
110 ## Giuseppe Peano ## Italiano ## 27 de agosto de 1858 ## Spinetta, Cuneo ## 20 de abril de 1932 ## Turim ## 73
57 ## Eduard Buchner ## Alemão ## 20 de maio de 1860 ## Munique ## 12 de agosto de 1917 ## Focşani ## 57
83 ## Marie Curie ## Polonesa,  francesa ## 7 de novembro de 1867 ## Varsóvia, Congresso da Polônia ## 4 de julho de 1934 ## Sancellemoz, França ## 66
130 ## Søren Sørensen ## Dinamarquês ## 9 de janeiro de 1868 ## Havrebjerg, Dinamarca ## 12 de fevereiro de 1939 ## Copenhague, Dinamarca ## 71
134 ## Gilbert Newton Lewis ## Estadunidense ## 23 de outubro de 1875 ## Weymouth ## 23 de março de 1946 ## Berkeley ## 70
84 ## Frederick Soddy ## Britânico ## 2 de setembro de 1877 ## Eastbourne ## 22 de setembro de 1956 ## Brighton ## 79
73 ## Hermann Weyl ## Alemão ## 9 de novembro de 1885 ## Elmshorn ## 8 de dezembro de 1955 ## Zurique ## 70
68 ## Srinivasa Ramanujan ## Indiano ## 22 de dezembro de 1887 ## Erode, Índia ## 26 de abril de 1920 ## Kumbakonam ## 32
30 ## Artturi Ilmari Virtanen ## Finlandês ## 15 de janeiro de 1895 ## Helsinque ## 11 de novembro de 1973 ## Helsinque ## 78
12 ## Nikolay Semyonov ## Russo ## 15 de abril de 1896 ## Saratov ## 25 de setembro de 1986 ## Moscou ## 90
58 ## Wallace Carothers ## Estadunidense ## 27 de abril de 1896 ## Burlington ## 29 de abril de 1937 ## Filadélfia ## 41
10 ## Howard Aiken ## Norte-americano ## 8 de março de 1900 ## Hoboken (Nova Jérsei) ## 14 de março de 1973 ## St. Louis (Missouri) ## 73
105 ## Linus Pauling ## Estadunidense ## 28 de fevereiro de 1901 ## Portland, Oregon ## 19 de agosto de 1994 ## Big Sur, Califórnia ## 93
77 ## Karl Popper ## Austríaco ## 28 de julho de 1902 ## Viena ## 17 de setembro de 1994 ## Londres ## 92
101 ## John von Neumann ## Húngaro ## 28 de dezembro de 1903 ## Budapeste ## 8 de fevereiro de 1957 ## Washington, D.C. ## 53
140 ## John Mauchly ## Estadunidense ## 30 de agosto de 1907 ## Cincinnati ## 8 de janeiro de 1980 ## Ambler ## 72
97 ## Melvin Calvin ## Estadunidense ## 8 de abril de 1911 ## Saint Paul ## 8 de janeiro de 1997 ## Berkeley ## 85
28 ## Glenn Theodore Seaborg ## Estadunidense ## 19 de abril de 1912 ## Ishpeming, Michigan, Estados Unidos ## 25 de fevereiro de 1999 ## Lafayette, Califórnia, Estados Unidos ## 86
64 ## Ilya Prigogine ## Russa ## 25 de janeiro de 1917 ## Moscou ## 28 de maio de 2003 ## Bruxelas ## 86
96 ## Robert Burns Woodward ## Estadunidense ## 10 de abril de 1917 ## Boston ## 8 de julho de 1979 ## Cambridge ## 62
70 ## John Presper Eckert ## Estadunidense ## 9 de abril de 1919 ## Filadélfia ## 3 de junho de 1995 ## Bryn Mawr ## 76
65 ## Horácio Macedo ## Brasileira ## 14 de outubro de 1925 ## Rio de Janeiro, Brasil ## 24 de fevereiro de 1999 ## Rio de Janeiro, Brasil ## 74
121 ## John Pople ## Inglês ## 31 de outubro de 1925 ## Burnham-on-Sea ## 15 de março de 2004 ## Sarasota ## 78
74 ## Robert Curl ## Estadunidense ## 23 de agosto de 1933 ## Alice ## vivo ## vivo ## 82
72 ## Yuan Lee ## Taiwanês ## 19 de novembro de 1936 ## Hsinchu ## vivo ## vivo ## 79
16 ## Roald Hoffmann ## Polonês ## 18 de julho de 1937 ## Zolochiv ## vivo ## vivo ## 78
8 ## Harold Kroto ## Britânico ## 7 de outubro de 1939 ## Wisbech, Cambridgeshire, Inglaterra ## 30 de abril de 2016 ## Lewes, East Sussex, Inglaterra ## 76
